Using pre-set license
Built from '2021.3/staging' branch; Version is '2021.3.11f1 (0a5ca18544bf) revision 679073'; Using compiler version '192829333'; Build Type 'Release'
OS: 'Windows 10  (10.0.19042) 64bit Professional' Language: 'en' Physical Memory: 130980 MB
BatchMode: 1, IsHumanControllingUs: 0, StartBugReporterOnCrash: 0, Is64bit: 1, IsPro: 1

COMMAND LINE ARGUMENTS:
C:\Program Files\Unity\Hub\Editor\2021.3.11f1\Editor\Unity.exe
-adb2
-batchMode
-noUpm
-name
AssetImportWorker13
-projectPath
D:/Workspace/Project/5Round
-logFile
Logs/AssetImportWorker13.log
-srvPort
1660
Successfully changed project path to: D:/Workspace/Project/5Round
D:/Workspace/Project/5Round
[UnityMemory] Configuration Parameters - Can be set up in boot.config
    "memorysetup-bucket-allocator-granularity=16"
    "memorysetup-bucket-allocator-bucket-count=8"
    "memorysetup-bucket-allocator-block-size=33554432"
    "memorysetup-bucket-allocator-block-count=8"
    "memorysetup-main-allocator-block-size=16777216"
    "memorysetup-thread-allocator-block-size=16777216"
    "memorysetup-gfx-main-allocator-block-size=16777216"
    "memorysetup-gfx-thread-allocator-block-size=16777216"
    "memorysetup-cache-allocator-block-size=4194304"
    "memorysetup-typetree-allocator-block-size=2097152"
    "memorysetup-profiler-bucket-allocator-granularity=16"
    "memorysetup-profiler-bucket-allocator-bucket-count=8"
    "memorysetup-profiler-bucket-allocator-block-size=33554432"
    "memorysetup-profiler-bucket-allocator-block-count=8"
    "memorysetup-profiler-allocator-block-size=16777216"
    "memorysetup-profiler-editor-allocator-block-size=1048576"
    "memorysetup-temp-allocator-size-main=16777216"
    "memorysetup-job-temp-allocator-block-size=2097152"
    "memorysetup-job-temp-allocator-block-size-background=1048576"
    "memorysetup-job-temp-allocator-reduction-small-platforms=262144"
    "memorysetup-temp-allocator-size-background-worker=32768"
    "memorysetup-temp-allocator-size-job-worker=262144"
    "memorysetup-temp-allocator-size-preload-manager=33554432"
    "memorysetup-temp-allocator-size-nav-mesh-worker=65536"
    "memorysetup-temp-allocator-size-audio-worker=65536"
    "memorysetup-temp-allocator-size-cloud-worker=32768"
    "memorysetup-temp-allocator-size-gi-baking-worker=262144"
    "memorysetup-temp-allocator-size-gfx=262144"
Refreshing native plugins compatible for Editor in 105.58 ms, found 3 plugins.
Preloading 0 native plugins for Editor in 0.00 ms.
Initialize engine version: 2021.3.11f1 (0a5ca18544bf)
[Subsystems] Discovering subsystems at path C:/Program Files/Unity/Hub/Editor/2021.3.11f1/Editor/Data/Resources/UnitySubsystems
[Subsystems] Discovering subsystems at path D:/Workspace/Project/5Round/Assets
GfxDevice: creating device client; threaded=0; jobified=0
Direct3D:
    Version:  Direct3D 11.0 [level 11.1]
    Renderer: Intel(R) UHD Graphics 630 (ID=0x3e98)
    Vendor:   Intel
    VRAM:     65490 MB
    Driver:   27.20.100.8681
Initialize mono
Mono path[0] = 'C:/Program Files/Unity/Hub/Editor/2021.3.11f1/Editor/Data/Managed'
Mono path[1] = 'C:/Program Files/Unity/Hub/Editor/2021.3.11f1/Editor/Data/MonoBleedingEdge/lib/mono/unityjit-win32'
Mono config path = 'C:/Program Files/Unity/Hub/Editor/2021.3.11f1/Editor/Data/MonoBleedingEdge/etc'
Using monoOptions --debugger-agent=transport=dt_socket,embedding=1,server=y,suspend=n,address=127.0.0.1:56104
Begin MonoManager ReloadAssembly
Registering precompiled unity dll's ...
Register platform support module: C:/Program Files/Unity/Hub/Editor/2021.3.11f1/Editor/Data/PlaybackEngines/WebGLSupport/UnityEditor.WebGL.Extensions.dll
Register platform support module: C:/Program Files/Unity/Hub/Editor/2021.3.11f1/Editor/Data/PlaybackEngines/AndroidPlayer/UnityEditor.Android.Extensions.dll
Register platform support module: C:/Program Files/Unity/Hub/Editor/2021.3.11f1/Editor/Data/PlaybackEngines/iOSSupport/UnityEditor.iOS.Extensions.dll
Register platform support module: C:/Program Files/Unity/Hub/Editor/2021.3.11f1/Editor/Data/PlaybackEngines/WindowsStandaloneSupport/UnityEditor.WindowsStandalone.Extensions.dll
Registered in 0.005800 seconds.
Native extension for WindowsStandalone target not found
[usbmuxd] Start listen thread
[usbmuxd] Listen thread started
Native extension for iOS target not found
Native extension for Android target not found
Native extension for WebGL target not found
Refreshing native plugins compatible for Editor in 102.45 ms, found 3 plugins.
Preloading 0 native plugins for Editor in 0.00 ms.
Mono: successfully reloaded assembly
- Completed reload, in  0.712 seconds
Domain Reload Profiling:
	ReloadAssembly (713ms)
		BeginReloadAssembly (72ms)
			ExecutionOrderSort (0ms)
			DisableScriptedObjects (0ms)
			BackupInstance (0ms)
			ReleaseScriptingObjects (0ms)
			CreateAndSetChildDomain (1ms)
		EndReloadAssembly (526ms)
			LoadAssemblies (72ms)
			RebuildTransferFunctionScriptingTraits (0ms)
			SetupTypeCache (112ms)
			ReleaseScriptCaches (0ms)
			RebuildScriptCaches (31ms)
			SetupLoadedEditorAssemblies (328ms)
				LogAssemblyErrors (0ms)
				InitializePlatformSupportModulesInManaged (73ms)
				SetLoadedEditorAssemblies (0ms)
				RefreshPlugins (103ms)
				BeforeProcessingInitializeOnLoad (1ms)
				ProcessInitializeOnLoadAttributes (102ms)
				ProcessInitializeOnLoadMethodAttributes (49ms)
				AfterProcessingInitializeOnLoad (0ms)
				EditorAssembliesLoaded (0ms)
			ExecutionOrderSort2 (0ms)
			AwakeInstancesAfterBackupRestoration (0ms)
Platform modules already initialized, skipping
Registering precompiled user dll's ...
Registered in 0.004278 seconds.
Begin MonoManager ReloadAssembly
Symbol file LoadedFromMemory doesn't match image D:\Workspace\Project\5Round\Library\PackageCache\com.unity.visualscripting@1.7.8\Editor\VisualScripting.Core\Dependencies\YamlDotNet\Unity.VisualScripting.YamlDotNet.dll
Symbol file LoadedFromMemory doesn't match image D:\Workspace\Project\5Round\Library\PackageCache\com.unity.visualscripting@1.7.8\Editor\VisualScripting.Core\Dependencies\DotNetZip\Unity.VisualScripting.IonicZip.dll
Native extension for WindowsStandalone target not found
Native extension for iOS target not found
Native extension for Android target not found
Native extension for WebGL target not found
Refreshing native plugins compatible for Editor in 1.00 ms, found 3 plugins.
Preloading 0 native plugins for Editor in 0.00 ms.
Mono: successfully reloaded assembly
- Completed reload, in  1.215 seconds
Domain Reload Profiling:
	ReloadAssembly (1216ms)
		BeginReloadAssembly (217ms)
			ExecutionOrderSort (0ms)
			DisableScriptedObjects (6ms)
			BackupInstance (0ms)
			ReleaseScriptingObjects (0ms)
			CreateAndSetChildDomain (128ms)
		EndReloadAssembly (878ms)
			LoadAssemblies (78ms)
			RebuildTransferFunctionScriptingTraits (0ms)
			SetupTypeCache (295ms)
			ReleaseScriptCaches (1ms)
			RebuildScriptCaches (56ms)
			SetupLoadedEditorAssemblies (401ms)
				LogAssemblyErrors (0ms)
				InitializePlatformSupportModulesInManaged (28ms)
				SetLoadedEditorAssemblies (1ms)
				RefreshPlugins (1ms)
				BeforeProcessingInitializeOnLoad (89ms)
				ProcessInitializeOnLoadAttributes (246ms)
				ProcessInitializeOnLoadMethodAttributes (32ms)
				AfterProcessingInitializeOnLoad (5ms)
				EditorAssembliesLoaded (0ms)
			ExecutionOrderSort2 (0ms)
			AwakeInstancesAfterBackupRestoration (6ms)
Platform modules already initialized, skipping
========================================================================
Worker process is ready to serve import requests
Launched and connected shader compiler UnityShaderCompiler.exe after 0.03 seconds
Refreshing native plugins compatible for Editor in 0.85 ms, found 3 plugins.
Preloading 0 native plugins for Editor in 0.00 ms.
Unloading 3521 Unused Serialized files (Serialized files now loaded: 0)
Unloading 29 unused Assets / (114.3 KB). Loaded Objects now: 3989.
Memory consumption went from 128.7 MB to 128.6 MB.
Total: 3.823800 ms (FindLiveObjects: 0.348600 ms CreateObjectMapping: 0.229700 ms MarkObjects: 3.124500 ms  DeleteObjects: 0.120100 ms)

AssetImportParameters requested are different than current active one (requested -> active):
  custom:video-decoder-ogg-theora: a1e56fd34408186e4bbccfd4996cb3dc -> 
  custom:container-muxer-webm: aa71ff27fc2769a1b78a27578f13a17b -> 
  custom:container-demuxer-webm: 4f35f7cbe854078d1ac9338744f61a02 -> 
  custom:video-encoder-webm-vp8: eb34c28f22e8b96e1ab97ce403110664 -> 
  custom:audio-encoder-webm-vorbis: bf7c407c2cedff20999df2af8eb42d56 -> 
  custom:framework-win-MediaFoundation: 216162199b28c13a410421893ffa2e32 -> 
  custom:container-demuxer-ogg: 62fdf1f143b41e24485cea50d1cbac27 -> 
  custom:video-decoder-webm-vp8: 9c59270c3fd7afecdb556c50c9e8de78 -> 
  custom:audio-decoder-ogg-vorbis: bf7c407c2cedff20999df2af8eb42d56 -> 
========================================================================
Received Import Request.
  Time since last request: 31139.312469 seconds.
  path: Assets/Custom Assets/Prefabs/Gameplay/Phases Scene/Unit UI.prefab
  artifactKey: Guid(a88200481b251c142b0ffc83c1249592) Importer(815301076,1909f56bfc062723c751e8b465ee728b)
Start importing Assets/Custom Assets/Prefabs/Gameplay/Phases Scene/Unit UI.prefab using Guid(a88200481b251c142b0ffc83c1249592) Importer(815301076,1909f56bfc062723c751e8b465ee728b)  -> (artifact id: 'b24b898105fd2dac37da37bfe2cb0525') in 0.042800 seconds 
========================================================================
Received Import Request.
  Time since last request: 56.513997 seconds.
  path: Assets/Custom Assets/Prefabs/Gameplay/Phases Scene/Unit UI.prefab
  artifactKey: Guid(a88200481b251c142b0ffc83c1249592) Importer(815301076,1909f56bfc062723c751e8b465ee728b)
Start importing Assets/Custom Assets/Prefabs/Gameplay/Phases Scene/Unit UI.prefab using Guid(a88200481b251c142b0ffc83c1249592) Importer(815301076,1909f56bfc062723c751e8b465ee728b)  -> (artifact id: '3b7afa3d5218e2bc952dfdef5f1169af') in 0.005338 seconds 
========================================================================
Received Import Request.
  Time since last request: 14567.069655 seconds.
  path: Assets/Custom Assets/Prefabs/Gameplay/Phases Scene
  artifactKey: Guid(fd47a42a3cb44f740944355f3b7dac5b) Importer(815301076,1909f56bfc062723c751e8b465ee728b)
Start importing Assets/Custom Assets/Prefabs/Gameplay/Phases Scene using Guid(fd47a42a3cb44f740944355f3b7dac5b) Importer(815301076,1909f56bfc062723c751e8b465ee728b)  -> (artifact id: '64524be48adc03a6d9adb00b17113cec') in 0.001240 seconds 
========================================================================
Received Import Request.
  Time since last request: 270.165885 seconds.
  path: Assets/Custom Assets/Textures/Background/Black Bgd.png
  artifactKey: Guid(5d38bfecb979ca446820171b48d989f0) Importer(815301076,1909f56bfc062723c751e8b465ee728b)
Start importing Assets/Custom Assets/Textures/Background/Black Bgd.png using Guid(5d38bfecb979ca446820171b48d989f0) Importer(815301076,1909f56bfc062723c751e8b465ee728b)  -> (artifact id: '3ef726a44638ddd06bdfe01b4a425e7c') in 0.104217 seconds 
========================================================================
Received Import Request.
  Time since last request: 15.392715 seconds.
  path: Assets/Custom Assets/Textures/Background/Black Bgd.png
  artifactKey: Guid(5d38bfecb979ca446820171b48d989f0) Importer(815301076,1909f56bfc062723c751e8b465ee728b)
Start importing Assets/Custom Assets/Textures/Background/Black Bgd.png using Guid(5d38bfecb979ca446820171b48d989f0) Importer(815301076,1909f56bfc062723c751e8b465ee728b)  -> (artifact id: 'bf6a0e1aa87bdfa6ba26e7e036ebdfb0') in 0.229862 seconds 
========================================================================
Received Import Request.
  Time since last request: 593.170876 seconds.
  path: Assets/GUI Mobile Hyper-Casual/Sprites/Items PSD + PNG/Diamonds/Diamonds/Yellow.png
  artifactKey: Guid(1ee839b0f2486ef49a6d153be06e8240) Importer(815301076,1909f56bfc062723c751e8b465ee728b)
Start importing Assets/GUI Mobile Hyper-Casual/Sprites/Items PSD + PNG/Diamonds/Diamonds/Yellow.png using Guid(1ee839b0f2486ef49a6d153be06e8240) Importer(815301076,1909f56bfc062723c751e8b465ee728b)  -> (artifact id: '6bab0b992080d0cc3623851afa79cb16') in 0.027049 seconds 
========================================================================
Received Import Request.
  Time since last request: 488.702079 seconds.
  path: Assets/Custom Assets/Textures/Van/P1 Van1.png
  artifactKey: Guid(9c0266e7ba874594caab2604b83803d0) Importer(815301076,1909f56bfc062723c751e8b465ee728b)
Start importing Assets/Custom Assets/Textures/Van/P1 Van1.png using Guid(9c0266e7ba874594caab2604b83803d0) Importer(815301076,1909f56bfc062723c751e8b465ee728b)  -> (artifact id: '8394bb36a9613651b28a93f5d6188cc1') in 0.087855 seconds 
========================================================================
Received Import Request.
  Time since last request: 0.000019 seconds.
  path: Assets/Custom Assets/Textures/Van/P2 Van2.png
  artifactKey: Guid(56ca3bccd1e139c4eb7efe61ed1f7f06) Importer(815301076,1909f56bfc062723c751e8b465ee728b)
Start importing Assets/Custom Assets/Textures/Van/P2 Van2.png using Guid(56ca3bccd1e139c4eb7efe61ed1f7f06) Importer(815301076,1909f56bfc062723c751e8b465ee728b)  -> (artifact id: '4b9b44c3d9ca3d3039c714e16e3ed987') in 0.017909 seconds 
========================================================================
Received Import Request.
  Time since last request: 10.121501 seconds.
  path: Assets/Custom Assets/Textures/Van/P2 Van1.png
  artifactKey: Guid(89641210964b34244805c3fb7fac1daf) Importer(815301076,1909f56bfc062723c751e8b465ee728b)
Start importing Assets/Custom Assets/Textures/Van/P2 Van1.png using Guid(89641210964b34244805c3fb7fac1daf) Importer(815301076,1909f56bfc062723c751e8b465ee728b)  -> (artifact id: '7b52f1710c78ea5501148312f0abcacd') in 0.054378 seconds 
========================================================================
Received Import Request.
  Time since last request: 0.000039 seconds.
  path: Assets/Custom Assets/Textures/Van/P1 Van2.png
  artifactKey: Guid(15dca3ddf2996044fb4c8af5b524e46f) Importer(815301076,1909f56bfc062723c751e8b465ee728b)
Start importing Assets/Custom Assets/Textures/Van/P1 Van2.png using Guid(15dca3ddf2996044fb4c8af5b524e46f) Importer(815301076,1909f56bfc062723c751e8b465ee728b)  -> (artifact id: 'e250208e449ad642f060929f3dcccc61') in 0.109796 seconds 
========================================================================
Received Import Request.
  Time since last request: 0.000031 seconds.
  path: Assets/Custom Assets/Textures/Van/P2 Van2.png
  artifactKey: Guid(56ca3bccd1e139c4eb7efe61ed1f7f06) Importer(815301076,1909f56bfc062723c751e8b465ee728b)
Start importing Assets/Custom Assets/Textures/Van/P2 Van2.png using Guid(56ca3bccd1e139c4eb7efe61ed1f7f06) Importer(815301076,1909f56bfc062723c751e8b465ee728b)  -> (artifact id: '88b56eaabb2c3a57e73e3e5bd9c94092') in 0.155587 seconds 
========================================================================
Received Import Request.
  Time since last request: 1587.645916 seconds.
  path: Assets/GUI Mobile Hyper-Casual/Sprites/Sprites by Menu/Prize Machine-assets/3.png
  artifactKey: Guid(03fa52ca95deb7a4c8a7379e29e70b9a) Importer(815301076,1909f56bfc062723c751e8b465ee728b)
Start importing Assets/GUI Mobile Hyper-Casual/Sprites/Sprites by Menu/Prize Machine-assets/3.png using Guid(03fa52ca95deb7a4c8a7379e29e70b9a) Importer(815301076,1909f56bfc062723c751e8b465ee728b)  -> (artifact id: '3b22844a77e7456ae0a7837e00d0b11b') in 0.066285 seconds 
========================================================================
Received Import Request.
  Time since last request: 2097.013104 seconds.
  path: Assets/GUI Mobile Hyper-Casual/Sprites/Sprites by Menu/Win-assets/Background Blue.png
  artifactKey: Guid(b2c56d9b4ed779b48a6bd14bfb47f6ff) Importer(815301076,1909f56bfc062723c751e8b465ee728b)
Start importing Assets/GUI Mobile Hyper-Casual/Sprites/Sprites by Menu/Win-assets/Background Blue.png using Guid(b2c56d9b4ed779b48a6bd14bfb47f6ff) Importer(815301076,1909f56bfc062723c751e8b465ee728b)  -> (artifact id: 'fa1512bef8617b232bb54238cadc899b') in 0.040484 seconds 
========================================================================
Received Import Request.
  Time since last request: 0.000026 seconds.
  path: Assets/GUI Mobile Hyper-Casual/Sprites/Sprites by Menu/Win-assets/key.png
  artifactKey: Guid(0976e7bd83952124e8d9fc18e8457525) Importer(815301076,1909f56bfc062723c751e8b465ee728b)
Start importing Assets/GUI Mobile Hyper-Casual/Sprites/Sprites by Menu/Win-assets/key.png using Guid(0976e7bd83952124e8d9fc18e8457525) Importer(815301076,1909f56bfc062723c751e8b465ee728b)  -> (artifact id: 'ecbc1ac18f9cd1991b93bf28566e88a6') in 0.053434 seconds 
========================================================================
Received Import Request.
  Time since last request: 0.000023 seconds.
  path: Assets/GUI Mobile Hyper-Casual/Sprites/Sprites by Menu/Win-assets/LEVEL  COMPLETED_.png
  artifactKey: Guid(b62135fbb0657ac4d81aad1e9fc559c7) Importer(815301076,1909f56bfc062723c751e8b465ee728b)
Start importing Assets/GUI Mobile Hyper-Casual/Sprites/Sprites by Menu/Win-assets/LEVEL  COMPLETED_.png using Guid(b62135fbb0657ac4d81aad1e9fc559c7) Importer(815301076,1909f56bfc062723c751e8b465ee728b)  -> (artifact id: '7b638f20b8c9a637c13fa7b45e80e095') in 0.043279 seconds 
========================================================================
Received Import Request.
  Time since last request: 0.000025 seconds.
  path: Assets/GUI Mobile Hyper-Casual/Sprites/Sprites by Menu/Win-assets/White Guft Progress Bar.png
  artifactKey: Guid(c3fd4b776cb20314a877ad542d6b7cfb) Importer(815301076,1909f56bfc062723c751e8b465ee728b)
Start importing Assets/GUI Mobile Hyper-Casual/Sprites/Sprites by Menu/Win-assets/White Guft Progress Bar.png using Guid(c3fd4b776cb20314a877ad542d6b7cfb) Importer(815301076,1909f56bfc062723c751e8b465ee728b)  -> (artifact id: 'a666efc79095d85caaf06a006e6a9fb2') in 0.041464 seconds 
========================================================================
Received Import Request.
  Time since last request: 0.000024 seconds.
  path: Assets/GUI Mobile Hyper-Casual/Sprites/Sprites by Menu/Win-assets/Radial Shine Win.png
  artifactKey: Guid(31417ab71f2eb5849b47de621f5f81fe) Importer(815301076,1909f56bfc062723c751e8b465ee728b)
Start importing Assets/GUI Mobile Hyper-Casual/Sprites/Sprites by Menu/Win-assets/Radial Shine Win.png using Guid(31417ab71f2eb5849b47de621f5f81fe) Importer(815301076,1909f56bfc062723c751e8b465ee728b)  -> (artifact id: 'e92dc055b1d108823492d12735f1c4fb') in 0.082592 seconds 
========================================================================
Received Import Request.
  Time since last request: 0.000022 seconds.
  path: Assets/GUI Mobile Hyper-Casual/Sprites/Sprites by Menu/Win-assets/Key unlock.png
  artifactKey: Guid(cba82cd4ad8ffe0488b92f21a385be42) Importer(815301076,1909f56bfc062723c751e8b465ee728b)
Start importing Assets/GUI Mobile Hyper-Casual/Sprites/Sprites by Menu/Win-assets/Key unlock.png using Guid(cba82cd4ad8ffe0488b92f21a385be42) Importer(815301076,1909f56bfc062723c751e8b465ee728b)  -> (artifact id: 'd48473a592b0d178c47df0337f21b1ab') in 0.039525 seconds 
========================================================================
Received Import Request.
  Time since last request: 2.841583 seconds.
  path: Assets/GUI Mobile Hyper-Casual/Sprites/Sprites by Menu/Buttons-assets/Blue Buton OK.png
  artifactKey: Guid(f0f7474323b7de24f8819a2ca4ba2fe3) Importer(815301076,1909f56bfc062723c751e8b465ee728b)
Start importing Assets/GUI Mobile Hyper-Casual/Sprites/Sprites by Menu/Buttons-assets/Blue Buton OK.png using Guid(f0f7474323b7de24f8819a2ca4ba2fe3) Importer(815301076,1909f56bfc062723c751e8b465ee728b)  -> (artifact id: '0cd832c507b4c5cb035025bce4a3c43d') in 0.053762 seconds 
========================================================================
Received Import Request.
  Time since last request: 0.000018 seconds.
  path: Assets/GUI Mobile Hyper-Casual/Sprites/Sprites by Menu/Buttons-assets/Green Buton OK.png
  artifactKey: Guid(824710026b307d94ab3a3f9679e0ee7a) Importer(815301076,1909f56bfc062723c751e8b465ee728b)
Start importing Assets/GUI Mobile Hyper-Casual/Sprites/Sprites by Menu/Buttons-assets/Green Buton OK.png using Guid(824710026b307d94ab3a3f9679e0ee7a) Importer(815301076,1909f56bfc062723c751e8b465ee728b)  -> (artifact id: 'c73fd9ce9ccc10b4ce012f555857f3d7') in 0.037576 seconds 
========================================================================
Received Import Request.
  Time since last request: 0.000022 seconds.
  path: Assets/GUI Mobile Hyper-Casual/Sprites/Sprites by Menu/Buttons-assets/Blue Button Go.png
  artifactKey: Guid(e331f5ec78be0494bbedd5c512a6f739) Importer(815301076,1909f56bfc062723c751e8b465ee728b)
Start importing Assets/GUI Mobile Hyper-Casual/Sprites/Sprites by Menu/Buttons-assets/Blue Button Go.png using Guid(e331f5ec78be0494bbedd5c512a6f739) Importer(815301076,1909f56bfc062723c751e8b465ee728b)  -> (artifact id: 'e62523836c332191dec9d1915e26ab73') in 0.046345 seconds 
========================================================================
Received Import Request.
  Time since last request: 0.000023 seconds.
  path: Assets/GUI Mobile Hyper-Casual/Sprites/Sprites by Menu/Buttons-assets/Button2.png
  artifactKey: Guid(b77e64136c7b1404fbda896112c6c39a) Importer(815301076,1909f56bfc062723c751e8b465ee728b)
Start importing Assets/GUI Mobile Hyper-Casual/Sprites/Sprites by Menu/Buttons-assets/Button2.png using Guid(b77e64136c7b1404fbda896112c6c39a) Importer(815301076,1909f56bfc062723c751e8b465ee728b)  -> (artifact id: 'cec67f467b8d6323ceaec73ce348466f') in 0.046231 seconds 
========================================================================
Received Import Request.
  Time since last request: 0.000021 seconds.
  path: Assets/GUI Mobile Hyper-Casual/Sprites/Sprites by Menu/Buttons-assets/Button7.png
  artifactKey: Guid(08e32c7de90febf4582d06d65946a591) Importer(815301076,1909f56bfc062723c751e8b465ee728b)
Start importing Assets/GUI Mobile Hyper-Casual/Sprites/Sprites by Menu/Buttons-assets/Button7.png using Guid(08e32c7de90febf4582d06d65946a591) Importer(815301076,1909f56bfc062723c751e8b465ee728b)  -> (artifact id: '8fea5b22d21730da853d38a685705f22') in 0.045023 seconds 
========================================================================
Received Import Request.
  Time since last request: 0.000018 seconds.
  path: Assets/GUI Mobile Hyper-Casual/Sprites/Sprites by Menu/Buttons-assets/Green Button Play.png
  artifactKey: Guid(3e9899da6293f804d928af5b41316f0d) Importer(815301076,1909f56bfc062723c751e8b465ee728b)
Start importing Assets/GUI Mobile Hyper-Casual/Sprites/Sprites by Menu/Buttons-assets/Green Button Play.png using Guid(3e9899da6293f804d928af5b41316f0d) Importer(815301076,1909f56bfc062723c751e8b465ee728b)  -> (artifact id: 'baf1ee6f99be9946a147b90f0c5fb143') in 0.047314 seconds 
========================================================================
Received Import Request.
  Time since last request: 0.000019 seconds.
  path: Assets/GUI Mobile Hyper-Casual/Sprites/Sprites by Menu/Buttons-assets/Blue Button Next.png
  artifactKey: Guid(0c6f45571ab60d243a060ab276384af0) Importer(815301076,1909f56bfc062723c751e8b465ee728b)
Start importing Assets/GUI Mobile Hyper-Casual/Sprites/Sprites by Menu/Buttons-assets/Blue Button Next.png using Guid(0c6f45571ab60d243a060ab276384af0) Importer(815301076,1909f56bfc062723c751e8b465ee728b)  -> (artifact id: '9e5d5b82c2cc3ffcab3b7b7d7141599e') in 0.045208 seconds 
========================================================================
Received Import Request.
  Time since last request: 0.000034 seconds.
  path: Assets/GUI Mobile Hyper-Casual/Sprites/Sprites by Menu/Buttons-assets/Blue Button Start.png
  artifactKey: Guid(df27390d2f68d864a8d0d907559038cf) Importer(815301076,1909f56bfc062723c751e8b465ee728b)
Start importing Assets/GUI Mobile Hyper-Casual/Sprites/Sprites by Menu/Buttons-assets/Blue Button Start.png using Guid(df27390d2f68d864a8d0d907559038cf) Importer(815301076,1909f56bfc062723c751e8b465ee728b)  -> (artifact id: 'ce91798f629299dbb80cf7a78e665313') in 0.044686 seconds 
========================================================================
Received Import Request.
  Time since last request: 0.000023 seconds.
  path: Assets/GUI Mobile Hyper-Casual/Sprites/Sprites by Menu/Buttons-assets/Button3.png
  artifactKey: Guid(4e134730a112dec4e8467371c0aceda2) Importer(815301076,1909f56bfc062723c751e8b465ee728b)
Start importing Assets/GUI Mobile Hyper-Casual/Sprites/Sprites by Menu/Buttons-assets/Button3.png using Guid(4e134730a112dec4e8467371c0aceda2) Importer(815301076,1909f56bfc062723c751e8b465ee728b)  -> (artifact id: '59c9dc34a15bfba726da88f3aa068914') in 0.044118 seconds 
========================================================================
Received Import Request.
  Time since last request: 0.000025 seconds.
  path: Assets/GUI Mobile Hyper-Casual/Sprites/Sprites by Menu/Buttons-assets/Blue Button Continue.png
  artifactKey: Guid(a8653d5f88eeddc419a999485704841e) Importer(815301076,1909f56bfc062723c751e8b465ee728b)
Start importing Assets/GUI Mobile Hyper-Casual/Sprites/Sprites by Menu/Buttons-assets/Blue Button Continue.png using Guid(a8653d5f88eeddc419a999485704841e) Importer(815301076,1909f56bfc062723c751e8b465ee728b)  -> (artifact id: 'c9cf69e45af53d3be97437605d363b0c') in 0.046801 seconds 
========================================================================
Received Import Request.
  Time since last request: 6371.363191 seconds.
  path: Assets/Custom Assets/Textures/Resources/Sprites/ItemCards/item_26.png
  artifactKey: Guid(f9042722bd06bf6418e07fd542821a2c) Importer(815301076,1909f56bfc062723c751e8b465ee728b)
Start importing Assets/Custom Assets/Textures/Resources/Sprites/ItemCards/item_26.png using Guid(f9042722bd06bf6418e07fd542821a2c) Importer(815301076,1909f56bfc062723c751e8b465ee728b)  -> (artifact id: '4d6cf027b9b5b8bc48a59bc00ecd9730') in 0.140598 seconds 
========================================================================
Received Import Request.
  Time since last request: 0.000021 seconds.
  path: Assets/Custom Assets/Textures/Resources/Sprites/ItemCards/item_r3.png
  artifactKey: Guid(636c100305564d94c8a6be63bf9f9386) Importer(815301076,1909f56bfc062723c751e8b465ee728b)
Start importing Assets/Custom Assets/Textures/Resources/Sprites/ItemCards/item_r3.png using Guid(636c100305564d94c8a6be63bf9f9386) Importer(815301076,1909f56bfc062723c751e8b465ee728b)  -> (artifact id: '987e23a5a3a7f56fd09268d51f4fc6d0') in 0.196578 seconds 
========================================================================
Received Import Request.
  Time since last request: 0.000026 seconds.
  path: Assets/Custom Assets/Textures/Resources/Sprites/ItemCards/item_29.png
  artifactKey: Guid(038e59e1d2c07ef4996358e6d67a69f7) Importer(815301076,1909f56bfc062723c751e8b465ee728b)
Start importing Assets/Custom Assets/Textures/Resources/Sprites/ItemCards/item_29.png using Guid(038e59e1d2c07ef4996358e6d67a69f7) Importer(815301076,1909f56bfc062723c751e8b465ee728b)  -> (artifact id: '5eb3750c1137c565129ff2a2d09aabc4') in 0.120827 seconds 
========================================================================
Received Import Request.
  Time since last request: 0.000025 seconds.
  path: Assets/Custom Assets/Textures/Resources/Sprites/ItemCards/item_36.png
  artifactKey: Guid(650cef240a868d444ad6e3f46a165d07) Importer(815301076,1909f56bfc062723c751e8b465ee728b)
Start importing Assets/Custom Assets/Textures/Resources/Sprites/ItemCards/item_36.png using Guid(650cef240a868d444ad6e3f46a165d07) Importer(815301076,1909f56bfc062723c751e8b465ee728b)  -> (artifact id: 'e28516242995ec68d334854810568eb1') in 0.080214 seconds 
========================================================================
Received Import Request.
  Time since last request: 0.000029 seconds.
  path: Assets/Custom Assets/Textures/Resources/Sprites/ItemCards/item_34.png
  artifactKey: Guid(b63946b9f9217be4b99dbbc558756b71) Importer(815301076,1909f56bfc062723c751e8b465ee728b)
Start importing Assets/Custom Assets/Textures/Resources/Sprites/ItemCards/item_34.png using Guid(b63946b9f9217be4b99dbbc558756b71) Importer(815301076,1909f56bfc062723c751e8b465ee728b)  -> (artifact id: '5909d7963a1895006cca53c8bb810783') in 0.115495 seconds 
========================================================================
Received Import Request.
  Time since last request: 0.000022 seconds.
  path: Assets/Custom Assets/Textures/Resources/Sprites/ItemCards/item_28.png
  artifactKey: Guid(c396df747aada5143965f0a75c1dff88) Importer(815301076,1909f56bfc062723c751e8b465ee728b)
Start importing Assets/Custom Assets/Textures/Resources/Sprites/ItemCards/item_28.png using Guid(c396df747aada5143965f0a75c1dff88) Importer(815301076,1909f56bfc062723c751e8b465ee728b)  -> (artifact id: '85b96b9b5ebda17166bf9ca35c6c2356') in 0.170827 seconds 
========================================================================
Received Import Request.
  Time since last request: 0.000028 seconds.
  path: Assets/Custom Assets/Textures/Resources/Sprites/ItemCards/item_35.png
  artifactKey: Guid(6dbded549a3bdc14c9faf153d9b7fc84) Importer(815301076,1909f56bfc062723c751e8b465ee728b)
Start importing Assets/Custom Assets/Textures/Resources/Sprites/ItemCards/item_35.png using Guid(6dbded549a3bdc14c9faf153d9b7fc84) Importer(815301076,1909f56bfc062723c751e8b465ee728b)  -> (artifact id: '7bba4ee0a36d049e7d4a55f5d6dbf68b') in 0.158885 seconds 
========================================================================
Received Import Request.
  Time since last request: 0.858754 seconds.
  path: Assets/Custom Assets/Textures/Resources/Sprites/ItemCards/item_14.png
  artifactKey: Guid(4ac62f66cb1542444b02e9a626e12b47) Importer(815301076,1909f56bfc062723c751e8b465ee728b)
Start importing Assets/Custom Assets/Textures/Resources/Sprites/ItemCards/item_14.png using Guid(4ac62f66cb1542444b02e9a626e12b47) Importer(815301076,1909f56bfc062723c751e8b465ee728b)  -> (artifact id: '2b77390bde44357f3e787be9a909385c') in 0.178189 seconds 
========================================================================
Received Import Request.
  Time since last request: 0.000017 seconds.
  path: Assets/Custom Assets/Textures/Resources/Sprites/ItemCards/item_21.png
  artifactKey: Guid(810d5c0f1040e8a49910256f46442538) Importer(815301076,1909f56bfc062723c751e8b465ee728b)
Start importing Assets/Custom Assets/Textures/Resources/Sprites/ItemCards/item_21.png using Guid(810d5c0f1040e8a49910256f46442538) Importer(815301076,1909f56bfc062723c751e8b465ee728b)  -> (artifact id: 'b759ed4c4bbbc6bfdeb929ecf5031a41') in 0.189657 seconds 
========================================================================
Received Import Request.
  Time since last request: 0.000036 seconds.
  path: Assets/Custom Assets/Textures/Resources/Sprites/ItemCards/item_5.png
  artifactKey: Guid(4d78df85e047c1b4797d3efed2615a81) Importer(815301076,1909f56bfc062723c751e8b465ee728b)
Start importing Assets/Custom Assets/Textures/Resources/Sprites/ItemCards/item_5.png using Guid(4d78df85e047c1b4797d3efed2615a81) Importer(815301076,1909f56bfc062723c751e8b465ee728b)  -> (artifact id: '58452d8e74c639fad23b6bc903309074') in 0.153296 seconds 
========================================================================
Received Import Request.
  Time since last request: 0.000019 seconds.
  path: Assets/Custom Assets/Textures/Resources/Sprites/ItemCards/item_23.png
  artifactKey: Guid(45207a23513d55c43a87a05d3f296c5d) Importer(815301076,1909f56bfc062723c751e8b465ee728b)
Start importing Assets/Custom Assets/Textures/Resources/Sprites/ItemCards/item_23.png using Guid(45207a23513d55c43a87a05d3f296c5d) Importer(815301076,1909f56bfc062723c751e8b465ee728b)  -> (artifact id: '462857c89f4f65e9ccadd20d6142861a') in 0.170740 seconds 
========================================================================
Received Import Request.
  Time since last request: 0.000017 seconds.
  path: Assets/Custom Assets/Textures/Resources/Sprites/ItemCards/item_7.png
  artifactKey: Guid(7a6788c09cc71c6409c581911f953107) Importer(815301076,1909f56bfc062723c751e8b465ee728b)
Start importing Assets/Custom Assets/Textures/Resources/Sprites/ItemCards/item_7.png using Guid(7a6788c09cc71c6409c581911f953107) Importer(815301076,1909f56bfc062723c751e8b465ee728b)  -> (artifact id: '90ee6ec6ce34f97398f1aec7b77fc21b') in 0.129141 seconds 
========================================================================
Received Import Request.
  Time since last request: 0.000030 seconds.
  path: Assets/Custom Assets/Textures/Resources/Sprites/ItemCards/item_17.png
  artifactKey: Guid(b7d9b43849838ff4ca4240b74aac1a93) Importer(815301076,1909f56bfc062723c751e8b465ee728b)
Start importing Assets/Custom Assets/Textures/Resources/Sprites/ItemCards/item_17.png using Guid(b7d9b43849838ff4ca4240b74aac1a93) Importer(815301076,1909f56bfc062723c751e8b465ee728b)  -> (artifact id: 'c9c83d7d6aff77ef2e51e08cc0625ea7') in 0.155525 seconds 
========================================================================
Received Import Request.
  Time since last request: 0.000032 seconds.
  path: Assets/Custom Assets/Textures/Resources/Sprites/ItemCards/item_6.png
  artifactKey: Guid(c7291ce8de095c140821b0306e5ca490) Importer(815301076,1909f56bfc062723c751e8b465ee728b)
Start importing Assets/Custom Assets/Textures/Resources/Sprites/ItemCards/item_6.png using Guid(c7291ce8de095c140821b0306e5ca490) Importer(815301076,1909f56bfc062723c751e8b465ee728b)  -> (artifact id: '3a1964be68c4138c0c13c9af260a823e') in 0.113109 seconds 
========================================================================
Received Import Request.
  Time since last request: 0.000027 seconds.
  path: Assets/Custom Assets/Textures/Resources/Sprites/ItemCards/item_9.png
  artifactKey: Guid(59b0b95b7731e444a975ec70ac45ab30) Importer(815301076,1909f56bfc062723c751e8b465ee728b)
Start importing Assets/Custom Assets/Textures/Resources/Sprites/ItemCards/item_9.png using Guid(59b0b95b7731e444a975ec70ac45ab30) Importer(815301076,1909f56bfc062723c751e8b465ee728b)  -> (artifact id: '07cff3c4028ef565e85a015a380167e2') in 0.141583 seconds 
========================================================================
Received Import Request.
  Time since last request: 0.000021 seconds.
  path: Assets/Custom Assets/Textures/Resources/Sprites/ItemCards/item_3.png
  artifactKey: Guid(252a6650f4721784e9bfe8d06953241d) Importer(815301076,1909f56bfc062723c751e8b465ee728b)
Start importing Assets/Custom Assets/Textures/Resources/Sprites/ItemCards/item_3.png using Guid(252a6650f4721784e9bfe8d06953241d) Importer(815301076,1909f56bfc062723c751e8b465ee728b)  -> (artifact id: '1547c1e1bfd8b72fa5ec7300d88e2728') in 0.161463 seconds 
========================================================================
Received Import Request.
  Time since last request: 0.000019 seconds.
  path: Assets/Custom Assets/Textures/Resources/Sprites/ItemCards/item_8.png
  artifactKey: Guid(9763fcfc1a0305343893c8490ba41861) Importer(815301076,1909f56bfc062723c751e8b465ee728b)
Start importing Assets/Custom Assets/Textures/Resources/Sprites/ItemCards/item_8.png using Guid(9763fcfc1a0305343893c8490ba41861) Importer(815301076,1909f56bfc062723c751e8b465ee728b)  -> (artifact id: '764a89815dc8eb62ba0fb0ed71dc00d7') in 0.156886 seconds 
========================================================================
Received Import Request.
  Time since last request: 0.002895 seconds.
  path: Assets/Custom Assets/Textures/Resources/Sprites/ItemCards/item_11.png
  artifactKey: Guid(52ba4ef39cda10a418182e0581901cc2) Importer(815301076,1909f56bfc062723c751e8b465ee728b)
Start importing Assets/Custom Assets/Textures/Resources/Sprites/ItemCards/item_11.png using Guid(52ba4ef39cda10a418182e0581901cc2) Importer(815301076,1909f56bfc062723c751e8b465ee728b)  -> (artifact id: '1b8f352b5aaf97944e8bc782965642d9') in 0.151650 seconds 
========================================================================
Received Import Request.
  Time since last request: 0.000025 seconds.
  path: Assets/Custom Assets/Textures/Resources/Sprites/ItemCards/item_20.png
  artifactKey: Guid(47c3d149be637e54295ff2edc09580ba) Importer(815301076,1909f56bfc062723c751e8b465ee728b)
Start importing Assets/Custom Assets/Textures/Resources/Sprites/ItemCards/item_20.png using Guid(47c3d149be637e54295ff2edc09580ba) Importer(815301076,1909f56bfc062723c751e8b465ee728b)  -> (artifact id: '9c12511437a6459b5aaa7331e3390989') in 0.099971 seconds 
========================================================================
Received Import Request.
  Time since last request: 910.607675 seconds.
  path: Assets/Custom Assets/Textures/Resources/Sprites/TakaraCards/takara_1.png
  artifactKey: Guid(e0ed2727d3cdc95488090f3c5927c8e0) Importer(815301076,1909f56bfc062723c751e8b465ee728b)
Start importing Assets/Custom Assets/Textures/Resources/Sprites/TakaraCards/takara_1.png using Guid(e0ed2727d3cdc95488090f3c5927c8e0) Importer(815301076,1909f56bfc062723c751e8b465ee728b)  -> (artifact id: 'e0485880354978b6f214a29d7c58185e') in 0.132771 seconds 
========================================================================
Received Import Request.
  Time since last request: 0.000021 seconds.
  path: Assets/Custom Assets/Textures/Resources/Sprites/TakaraCards/takara_4.png
  artifactKey: Guid(75f87ee5762948c45a837c5070af7ead) Importer(815301076,1909f56bfc062723c751e8b465ee728b)
Start importing Assets/Custom Assets/Textures/Resources/Sprites/TakaraCards/takara_4.png using Guid(75f87ee5762948c45a837c5070af7ead) Importer(815301076,1909f56bfc062723c751e8b465ee728b)  -> (artifact id: '58419c099205fe54854197002ae40262') in 0.136619 seconds 
========================================================================
Received Import Request.
  Time since last request: 0.000026 seconds.
  path: Assets/Custom Assets/Textures/Resources/Sprites/TakaraCards/takara_9.png
  artifactKey: Guid(cc76f2bf05a2e7d43942af4171e3c39a) Importer(815301076,1909f56bfc062723c751e8b465ee728b)
Start importing Assets/Custom Assets/Textures/Resources/Sprites/TakaraCards/takara_9.png using Guid(cc76f2bf05a2e7d43942af4171e3c39a) Importer(815301076,1909f56bfc062723c751e8b465ee728b)  -> (artifact id: '8fdc12acff6ffaefcd6a10adb7fe6fc0') in 0.165372 seconds 
========================================================================
Received Import Request.
  Time since last request: 0.000024 seconds.
  path: Assets/Custom Assets/Textures/Resources/Sprites/TakaraCards/takara_10.png
  artifactKey: Guid(e965f56285f17434d917576b60088eff) Importer(815301076,1909f56bfc062723c751e8b465ee728b)
Start importing Assets/Custom Assets/Textures/Resources/Sprites/TakaraCards/takara_10.png using Guid(e965f56285f17434d917576b60088eff) Importer(815301076,1909f56bfc062723c751e8b465ee728b)  -> (artifact id: '5eade8a109f1e6986a1715c6d08ab510') in 0.140892 seconds 
========================================================================
Received Import Request.
  Time since last request: 0.000027 seconds.
  path: Assets/Custom Assets/Textures/Resources/Sprites/TakaraCards/takara_14.png
  artifactKey: Guid(7c22f1d4136e4f04ba500c6e4fde1166) Importer(815301076,1909f56bfc062723c751e8b465ee728b)
Start importing Assets/Custom Assets/Textures/Resources/Sprites/TakaraCards/takara_14.png using Guid(7c22f1d4136e4f04ba500c6e4fde1166) Importer(815301076,1909f56bfc062723c751e8b465ee728b)  -> (artifact id: 'd6a67eb95af2b2c9221ad9666ef1a31a') in 0.135501 seconds 
========================================================================
Received Import Request.
  Time since last request: 0.000029 seconds.
  path: Assets/Custom Assets/Textures/Resources/Sprites/TakaraCards/takara_15.png
  artifactKey: Guid(1c4c05e768d8c5246aaa2528be563b0f) Importer(815301076,1909f56bfc062723c751e8b465ee728b)
Start importing Assets/Custom Assets/Textures/Resources/Sprites/TakaraCards/takara_15.png using Guid(1c4c05e768d8c5246aaa2528be563b0f) Importer(815301076,1909f56bfc062723c751e8b465ee728b)  -> (artifact id: 'c9a43ef70be88220d04196eaaff90cbe') in 0.113931 seconds 
========================================================================
Received Import Request.
  Time since last request: 0.000017 seconds.
  path: Assets/Custom Assets/Textures/Resources/Sprites/TakaraCards/takara_5.png
  artifactKey: Guid(8d1c12c5edba9184ea0da96c9d6ffaa6) Importer(815301076,1909f56bfc062723c751e8b465ee728b)
Start importing Assets/Custom Assets/Textures/Resources/Sprites/TakaraCards/takara_5.png using Guid(8d1c12c5edba9184ea0da96c9d6ffaa6) Importer(815301076,1909f56bfc062723c751e8b465ee728b)  -> (artifact id: '5326ab98b8f5ee819e14207f18e773d1') in 0.161035 seconds 
========================================================================
Received Import Request.
  Time since last request: 0.000023 seconds.
  path: Assets/Custom Assets/Textures/Resources/Sprites/TakaraCards/takara_13.png
  artifactKey: Guid(a93e671f61767404681d589f4396f351) Importer(815301076,1909f56bfc062723c751e8b465ee728b)
Start importing Assets/Custom Assets/Textures/Resources/Sprites/TakaraCards/takara_13.png using Guid(a93e671f61767404681d589f4396f351) Importer(815301076,1909f56bfc062723c751e8b465ee728b)  -> (artifact id: '4884e9d5e2df16df86fcb18b98f4655e') in 0.145171 seconds 
========================================================================
Received Import Request.
  Time since last request: 0.000023 seconds.
  path: Assets/Custom Assets/Textures/Resources/Sprites/TakaraCards/takara_7.png
  artifactKey: Guid(9d54e456e8e7cf04fb894ac44dd1919e) Importer(815301076,1909f56bfc062723c751e8b465ee728b)
Start importing Assets/Custom Assets/Textures/Resources/Sprites/TakaraCards/takara_7.png using Guid(9d54e456e8e7cf04fb894ac44dd1919e) Importer(815301076,1909f56bfc062723c751e8b465ee728b)  -> (artifact id: 'f734ed4251e65d3fcdd8bc771eb0bddf') in 0.125710 seconds 
Editor requested this worker to shutdown with reason: Scaling down because of idle timeout
AssetImportWorker is now disconnected from the server
Process exiting
Exiting without the bug reporter. Application will terminate with return code 0