Using pre-set license
Built from '2021.3/staging' branch; Version is '2021.3.11f1 (0a5ca18544bf) revision 679073'; Using compiler version '192829333'; Build Type 'Release'
OS: 'Windows 10  (10.0.19042) 64bit Professional' Language: 'en' Physical Memory: 130980 MB
BatchMode: 1, IsHumanControllingUs: 0, StartBugReporterOnCrash: 0, Is64bit: 1, IsPro: 1

COMMAND LINE ARGUMENTS:
C:\Program Files\Unity\Hub\Editor\2021.3.11f1\Editor\Unity.exe
-adb2
-batchMode
-noUpm
-name
AssetImportWorker0
-projectPath
D:/Workspace/Project/5Round
-logFile
Logs/AssetImportWorker0.log
-srvPort
1660
Successfully changed project path to: D:/Workspace/Project/5Round
D:/Workspace/Project/5Round
[UnityMemory] Configuration Parameters - Can be set up in boot.config
    "memorysetup-bucket-allocator-granularity=16"
    "memorysetup-bucket-allocator-bucket-count=8"
    "memorysetup-bucket-allocator-block-size=33554432"
    "memorysetup-bucket-allocator-block-count=8"
    "memorysetup-main-allocator-block-size=16777216"
    "memorysetup-thread-allocator-block-size=16777216"
    "memorysetup-gfx-main-allocator-block-size=16777216"
    "memorysetup-gfx-thread-allocator-block-size=16777216"
    "memorysetup-cache-allocator-block-size=4194304"
    "memorysetup-typetree-allocator-block-size=2097152"
    "memorysetup-profiler-bucket-allocator-granularity=16"
    "memorysetup-profiler-bucket-allocator-bucket-count=8"
    "memorysetup-profiler-bucket-allocator-block-size=33554432"
    "memorysetup-profiler-bucket-allocator-block-count=8"
    "memorysetup-profiler-allocator-block-size=16777216"
    "memorysetup-profiler-editor-allocator-block-size=1048576"
    "memorysetup-temp-allocator-size-main=16777216"
    "memorysetup-job-temp-allocator-block-size=2097152"
    "memorysetup-job-temp-allocator-block-size-background=1048576"
    "memorysetup-job-temp-allocator-reduction-small-platforms=262144"
    "memorysetup-temp-allocator-size-background-worker=32768"
    "memorysetup-temp-allocator-size-job-worker=262144"
    "memorysetup-temp-allocator-size-preload-manager=33554432"
    "memorysetup-temp-allocator-size-nav-mesh-worker=65536"
    "memorysetup-temp-allocator-size-audio-worker=65536"
    "memorysetup-temp-allocator-size-cloud-worker=32768"
    "memorysetup-temp-allocator-size-gi-baking-worker=262144"
    "memorysetup-temp-allocator-size-gfx=262144"
Refreshing native plugins compatible for Editor in 101.94 ms, found 3 plugins.
Preloading 0 native plugins for Editor in 0.00 ms.
Initialize engine version: 2021.3.11f1 (0a5ca18544bf)
[Subsystems] Discovering subsystems at path C:/Program Files/Unity/Hub/Editor/2021.3.11f1/Editor/Data/Resources/UnitySubsystems
[Subsystems] Discovering subsystems at path D:/Workspace/Project/5Round/Assets
GfxDevice: creating device client; threaded=0; jobified=0
Direct3D:
    Version:  Direct3D 11.0 [level 11.1]
    Renderer: Intel(R) UHD Graphics 630 (ID=0x3e98)
    Vendor:   Intel
    VRAM:     65490 MB
    Driver:   27.20.100.8681
Initialize mono
Mono path[0] = 'C:/Program Files/Unity/Hub/Editor/2021.3.11f1/Editor/Data/Managed'
Mono path[1] = 'C:/Program Files/Unity/Hub/Editor/2021.3.11f1/Editor/Data/MonoBleedingEdge/lib/mono/unityjit-win32'
Mono config path = 'C:/Program Files/Unity/Hub/Editor/2021.3.11f1/Editor/Data/MonoBleedingEdge/etc'
Using monoOptions --debugger-agent=transport=dt_socket,embedding=1,server=y,suspend=n,address=127.0.0.1:56852
Begin MonoManager ReloadAssembly
Registering precompiled unity dll's ...
Register platform support module: C:/Program Files/Unity/Hub/Editor/2021.3.11f1/Editor/Data/PlaybackEngines/WebGLSupport/UnityEditor.WebGL.Extensions.dll
Register platform support module: C:/Program Files/Unity/Hub/Editor/2021.3.11f1/Editor/Data/PlaybackEngines/AndroidPlayer/UnityEditor.Android.Extensions.dll
Register platform support module: C:/Program Files/Unity/Hub/Editor/2021.3.11f1/Editor/Data/PlaybackEngines/iOSSupport/UnityEditor.iOS.Extensions.dll
Register platform support module: C:/Program Files/Unity/Hub/Editor/2021.3.11f1/Editor/Data/PlaybackEngines/WindowsStandaloneSupport/UnityEditor.WindowsStandalone.Extensions.dll
Registered in 0.005310 seconds.
Native extension for WindowsStandalone target not found
[usbmuxd] Start listen thread
[usbmuxd] Listen thread started
Native extension for iOS target not found
Native extension for Android target not found
Native extension for WebGL target not found
Refreshing native plugins compatible for Editor in 103.62 ms, found 3 plugins.
Preloading 0 native plugins for Editor in 0.00 ms.
Mono: successfully reloaded assembly
- Completed reload, in  0.705 seconds
Domain Reload Profiling:
	ReloadAssembly (705ms)
		BeginReloadAssembly (66ms)
			ExecutionOrderSort (0ms)
			DisableScriptedObjects (0ms)
			BackupInstance (0ms)
			ReleaseScriptingObjects (0ms)
			CreateAndSetChildDomain (1ms)
		EndReloadAssembly (532ms)
			LoadAssemblies (66ms)
			RebuildTransferFunctionScriptingTraits (0ms)
			SetupTypeCache (117ms)
			ReleaseScriptCaches (0ms)
			RebuildScriptCaches (31ms)
			SetupLoadedEditorAssemblies (335ms)
				LogAssemblyErrors (0ms)
				InitializePlatformSupportModulesInManaged (65ms)
				SetLoadedEditorAssemblies (0ms)
				RefreshPlugins (104ms)
				BeforeProcessingInitializeOnLoad (1ms)
				ProcessInitializeOnLoadAttributes (106ms)
				ProcessInitializeOnLoadMethodAttributes (59ms)
				AfterProcessingInitializeOnLoad (0ms)
				EditorAssembliesLoaded (0ms)
			ExecutionOrderSort2 (0ms)
			AwakeInstancesAfterBackupRestoration (0ms)
Platform modules already initialized, skipping
Registering precompiled user dll's ...
Registered in 0.004467 seconds.
Begin MonoManager ReloadAssembly
Symbol file LoadedFromMemory doesn't match image D:\Workspace\Project\5Round\Library\PackageCache\com.unity.visualscripting@1.7.8\Editor\VisualScripting.Core\Dependencies\YamlDotNet\Unity.VisualScripting.YamlDotNet.dll
Symbol file LoadedFromMemory doesn't match image D:\Workspace\Project\5Round\Library\PackageCache\com.unity.visualscripting@1.7.8\Editor\VisualScripting.Core\Dependencies\DotNetZip\Unity.VisualScripting.IonicZip.dll
Native extension for WindowsStandalone target not found
Native extension for iOS target not found
Native extension for Android target not found
Native extension for WebGL target not found
Refreshing native plugins compatible for Editor in 0.74 ms, found 3 plugins.
Preloading 0 native plugins for Editor in 0.00 ms.
Mono: successfully reloaded assembly
- Completed reload, in  1.208 seconds
Domain Reload Profiling:
	ReloadAssembly (1209ms)
		BeginReloadAssembly (219ms)
			ExecutionOrderSort (0ms)
			DisableScriptedObjects (6ms)
			BackupInstance (0ms)
			ReleaseScriptingObjects (0ms)
			CreateAndSetChildDomain (134ms)
		EndReloadAssembly (866ms)
			LoadAssemblies (76ms)
			RebuildTransferFunctionScriptingTraits (0ms)
			SetupTypeCache (305ms)
			ReleaseScriptCaches (1ms)
			RebuildScriptCaches (56ms)
			SetupLoadedEditorAssemblies (384ms)
				LogAssemblyErrors (0ms)
				InitializePlatformSupportModulesInManaged (24ms)
				SetLoadedEditorAssemblies (0ms)
				RefreshPlugins (1ms)
				BeforeProcessingInitializeOnLoad (87ms)
				ProcessInitializeOnLoadAttributes (236ms)
				ProcessInitializeOnLoadMethodAttributes (32ms)
				AfterProcessingInitializeOnLoad (4ms)
				EditorAssembliesLoaded (0ms)
			ExecutionOrderSort2 (0ms)
			AwakeInstancesAfterBackupRestoration (6ms)
Platform modules already initialized, skipping
========================================================================
Worker process is ready to serve import requests
Launched and connected shader compiler UnityShaderCompiler.exe after 0.04 seconds
Refreshing native plugins compatible for Editor in 0.86 ms, found 3 plugins.
Preloading 0 native plugins for Editor in 0.00 ms.
Unloading 3516 Unused Serialized files (Serialized files now loaded: 0)
Unloading 29 unused Assets / (114.0 KB). Loaded Objects now: 3984.
Memory consumption went from 128.5 MB to 128.4 MB.
Total: 3.896300 ms (FindLiveObjects: 0.350500 ms CreateObjectMapping: 0.257700 ms MarkObjects: 3.144500 ms  DeleteObjects: 0.142000 ms)

AssetImportParameters requested are different than current active one (requested -> active):
  custom:video-decoder-ogg-theora: a1e56fd34408186e4bbccfd4996cb3dc -> 
  custom:container-muxer-webm: aa71ff27fc2769a1b78a27578f13a17b -> 
  custom:container-demuxer-webm: 4f35f7cbe854078d1ac9338744f61a02 -> 
  custom:video-encoder-webm-vp8: eb34c28f22e8b96e1ab97ce403110664 -> 
  custom:audio-encoder-webm-vorbis: bf7c407c2cedff20999df2af8eb42d56 -> 
  custom:framework-win-MediaFoundation: 216162199b28c13a410421893ffa2e32 -> 
  custom:container-demuxer-ogg: 62fdf1f143b41e24485cea50d1cbac27 -> 
  custom:video-decoder-webm-vp8: 9c59270c3fd7afecdb556c50c9e8de78 -> 
  custom:audio-decoder-ogg-vorbis: bf7c407c2cedff20999df2af8eb42d56 -> 
========================================================================
Received Import Request.
  Time since last request: 597.138288 seconds.
  path: Assets/Custom Assets/Scenes/Gameplay/3 SetupStand.unity
  artifactKey: Guid(64b36bbca5b294f4ab0c30e81136bcae) Importer(815301076,1909f56bfc062723c751e8b465ee728b)
Start importing Assets/Custom Assets/Scenes/Gameplay/3 SetupStand.unity using Guid(64b36bbca5b294f4ab0c30e81136bcae) Importer(815301076,1909f56bfc062723c751e8b465ee728b)  -> (artifact id: '18ae95d82601f83e3494b515d9720298') in 0.007484 seconds 
========================================================================
Received Import Request.
  Time since last request: 14161.639277 seconds.
  path: Assets/Custom Assets/Prefabs/Gameplay/Markers/Purple Marker.prefab
  artifactKey: Guid(0152031c66e04df4eb4c756a22d9c804) Importer(815301076,1909f56bfc062723c751e8b465ee728b)
Start importing Assets/Custom Assets/Prefabs/Gameplay/Markers/Purple Marker.prefab using Guid(0152031c66e04df4eb4c756a22d9c804) Importer(815301076,1909f56bfc062723c751e8b465ee728b)  -> (artifact id: '9b764e5603ea6eef936b9fc5e44c7000') in 0.099746 seconds 
========================================================================
Received Import Request.
  Time since last request: 0.728432 seconds.
  path: Assets/Custom Assets/Prefabs/Gameplay/UnitCard Panel.prefab
  artifactKey: Guid(db3b910a14db1004a87bd47d6370ba69) Importer(815301076,1909f56bfc062723c751e8b465ee728b)
Start importing Assets/Custom Assets/Prefabs/Gameplay/UnitCard Panel.prefab using Guid(db3b910a14db1004a87bd47d6370ba69) Importer(815301076,1909f56bfc062723c751e8b465ee728b)  -> (artifact id: 'fdbb8578d16c9c2453e8d4808e01a68c') in 0.105521 seconds 
========================================================================
Received Import Request.
  Time since last request: 94.297596 seconds.
  path: Assets/Custom Assets/Textures/Disc/iomage2.PNG
  artifactKey: Guid(537c69141d0b56b40a856280e7fdc3f2) Importer(815301076,1909f56bfc062723c751e8b465ee728b)
Start importing Assets/Custom Assets/Textures/Disc/iomage2.PNG using Guid(537c69141d0b56b40a856280e7fdc3f2) Importer(815301076,1909f56bfc062723c751e8b465ee728b)  -> (artifact id: 'f860e08c57577bca43c15669ad29b8f5') in 0.086128 seconds 
========================================================================
Received Import Request.
  Time since last request: 15.180160 seconds.
  path: Assets/Custom Assets/Materials/Gameplay/Player Panel/Pedestal.mat
  artifactKey: Guid(1d8c2dc72c524af44a2d659b43e7028b) Importer(815301076,1909f56bfc062723c751e8b465ee728b)
Start importing Assets/Custom Assets/Materials/Gameplay/Player Panel/Pedestal.mat using Guid(1d8c2dc72c524af44a2d659b43e7028b) Importer(815301076,1909f56bfc062723c751e8b465ee728b)  -> (artifact id: '74d116882050fd9591dbeab1e68923c6') in 0.025232 seconds 
========================================================================
Received Import Request.
  Time since last request: 0.000019 seconds.
  path: Assets/Custom Assets/Materials/Gameplay/Player Panel/Stand.mat
  artifactKey: Guid(8d7f779e1d7d4e34a8233d3f3391ecf9) Importer(815301076,1909f56bfc062723c751e8b465ee728b)
Start importing Assets/Custom Assets/Materials/Gameplay/Player Panel/Stand.mat using Guid(8d7f779e1d7d4e34a8233d3f3391ecf9) Importer(815301076,1909f56bfc062723c751e8b465ee728b)  -> (artifact id: '32c1f8ce90ef04749aed4153c3faeff5') in 0.021168 seconds 
========================================================================
Received Import Request.
  Time since last request: 0.000022 seconds.
  path: Assets/Custom Assets/Materials/Gameplay/Player Panel/Playerboard Panel.mat
  artifactKey: Guid(adfce25367387ab4585c28f88938b875) Importer(815301076,1909f56bfc062723c751e8b465ee728b)
Start importing Assets/Custom Assets/Materials/Gameplay/Player Panel/Playerboard Panel.mat using Guid(adfce25367387ab4585c28f88938b875) Importer(815301076,1909f56bfc062723c751e8b465ee728b)  -> (artifact id: 'eddd1e60db38d8fd65b1e128af3f641b') in 0.070938 seconds 
========================================================================
Received Import Request.
  Time since last request: 0.000036 seconds.
  path: Assets/Custom Assets/Materials/Gameplay/Player Panel/PlayerBoard1.mat
  artifactKey: Guid(11c506fb38eb70a4bbce65ba3fadc627) Importer(815301076,1909f56bfc062723c751e8b465ee728b)
Start importing Assets/Custom Assets/Materials/Gameplay/Player Panel/PlayerBoard1.mat using Guid(11c506fb38eb70a4bbce65ba3fadc627) Importer(815301076,1909f56bfc062723c751e8b465ee728b)  -> (artifact id: 'ef2e13bb73fe05215a60900d58bccf33') in 0.072134 seconds 
========================================================================
Received Import Request.
  Time since last request: 1234.456939 seconds.
  path: Assets/Custom Assets/Textures/Resources/Sprites/UnitCards/unit_u30.png
  artifactKey: Guid(7d5a66323bcc6fd4c8a8395ed4452c10) Importer(815301076,1909f56bfc062723c751e8b465ee728b)
Start importing Assets/Custom Assets/Textures/Resources/Sprites/UnitCards/unit_u30.png using Guid(7d5a66323bcc6fd4c8a8395ed4452c10) Importer(815301076,1909f56bfc062723c751e8b465ee728b)  -> (artifact id: 'e089a9646858a08eb62ef041fe437f7d') in 0.141382 seconds 
========================================================================
Received Import Request.
  Time since last request: 0.000037 seconds.
  path: Assets/Custom Assets/Textures/Resources/Sprites/UnitCards/unit_u40.png
  artifactKey: Guid(d7a63c95d3d2162458a997d2155ee492) Importer(815301076,1909f56bfc062723c751e8b465ee728b)
Start importing Assets/Custom Assets/Textures/Resources/Sprites/UnitCards/unit_u40.png using Guid(d7a63c95d3d2162458a997d2155ee492) Importer(815301076,1909f56bfc062723c751e8b465ee728b)  -> (artifact id: '941327451a9b2100b0cdc2178b5749af') in 0.142845 seconds 
========================================================================
Received Import Request.
  Time since last request: 0.000028 seconds.
  path: Assets/Custom Assets/Textures/Resources/Sprites/UnitCards/unit_x3.png
  artifactKey: Guid(67912c30fbb2f2e4181a31b232b1b3bf) Importer(815301076,1909f56bfc062723c751e8b465ee728b)
Start importing Assets/Custom Assets/Textures/Resources/Sprites/UnitCards/unit_x3.png using Guid(67912c30fbb2f2e4181a31b232b1b3bf) Importer(815301076,1909f56bfc062723c751e8b465ee728b)  -> (artifact id: '52faf3143351d89c2fc6746c06da36a4') in 0.150769 seconds 
========================================================================
Received Import Request.
  Time since last request: 0.000023 seconds.
  path: Assets/Custom Assets/Textures/Resources/Sprites/UnitCards/unit_u33.png
  artifactKey: Guid(489639a3f0dcd09429d8cc7cc6d335d2) Importer(815301076,1909f56bfc062723c751e8b465ee728b)
Start importing Assets/Custom Assets/Textures/Resources/Sprites/UnitCards/unit_u33.png using Guid(489639a3f0dcd09429d8cc7cc6d335d2) Importer(815301076,1909f56bfc062723c751e8b465ee728b)  -> (artifact id: '283139ab4083f99535d82baf81abc60a') in 0.145689 seconds 
========================================================================
Received Import Request.
  Time since last request: 0.000036 seconds.
  path: Assets/Custom Assets/Textures/Resources/Sprites/UnitCards/unit_u34.png
  artifactKey: Guid(3592189b4f47611439ca19eb95c42438) Importer(815301076,1909f56bfc062723c751e8b465ee728b)
Start importing Assets/Custom Assets/Textures/Resources/Sprites/UnitCards/unit_u34.png using Guid(3592189b4f47611439ca19eb95c42438) Importer(815301076,1909f56bfc062723c751e8b465ee728b)  -> (artifact id: 'c82a2802f84f303d7aee80f86fd1d401') in 0.165273 seconds 
========================================================================
Received Import Request.
  Time since last request: 0.000052 seconds.
  path: Assets/Custom Assets/Textures/Resources/Sprites/UnitCards/unit_x2.png
  artifactKey: Guid(0787d2bf4cc05bc41a4ba220d4db4a49) Importer(815301076,1909f56bfc062723c751e8b465ee728b)
Start importing Assets/Custom Assets/Textures/Resources/Sprites/UnitCards/unit_x2.png using Guid(0787d2bf4cc05bc41a4ba220d4db4a49) Importer(815301076,1909f56bfc062723c751e8b465ee728b)  -> (artifact id: '19326ece4eaa6563946f2bc67ed8be3f') in 0.110961 seconds 
========================================================================
Received Import Request.
  Time since last request: 0.000026 seconds.
  path: Assets/Custom Assets/Textures/Resources/Sprites/UnitCards/unit_x4.png
  artifactKey: Guid(275e932310bd0db4d88e2a0e11d7c8a0) Importer(815301076,1909f56bfc062723c751e8b465ee728b)
Start importing Assets/Custom Assets/Textures/Resources/Sprites/UnitCards/unit_x4.png using Guid(275e932310bd0db4d88e2a0e11d7c8a0) Importer(815301076,1909f56bfc062723c751e8b465ee728b)  -> (artifact id: '35e49b70380d9d58fc148d8ddf947594') in 0.108286 seconds 
========================================================================
Received Import Request.
  Time since last request: 0.000029 seconds.
  path: Assets/Custom Assets/Textures/Resources/Sprites/UnitCards/unit_x6.png
  artifactKey: Guid(72a2611173ec11e44a51269c7c99f020) Importer(815301076,1909f56bfc062723c751e8b465ee728b)
Start importing Assets/Custom Assets/Textures/Resources/Sprites/UnitCards/unit_x6.png using Guid(72a2611173ec11e44a51269c7c99f020) Importer(815301076,1909f56bfc062723c751e8b465ee728b)  -> (artifact id: 'c60f159009d35d173fe15793a54e348f') in 0.112708 seconds 
========================================================================
Received Import Request.
  Time since last request: 1.557407 seconds.
  path: Assets/Custom Assets/Textures/Resources/Sprites/UnitCards/unit_u18.png
  artifactKey: Guid(2634ecf99e17cda4b8280c58ed34b4fa) Importer(815301076,1909f56bfc062723c751e8b465ee728b)
Start importing Assets/Custom Assets/Textures/Resources/Sprites/UnitCards/unit_u18.png using Guid(2634ecf99e17cda4b8280c58ed34b4fa) Importer(815301076,1909f56bfc062723c751e8b465ee728b)  -> (artifact id: '7f913503718faa029aeff4543f5232b8') in 0.118591 seconds 
========================================================================
Received Import Request.
  Time since last request: 0.000031 seconds.
  path: Assets/Custom Assets/Textures/Resources/Sprites/UnitCards/unit_u28.png
  artifactKey: Guid(c7723243a2cf99646b601ae0b9b98aba) Importer(815301076,1909f56bfc062723c751e8b465ee728b)
Start importing Assets/Custom Assets/Textures/Resources/Sprites/UnitCards/unit_u28.png using Guid(c7723243a2cf99646b601ae0b9b98aba) Importer(815301076,1909f56bfc062723c751e8b465ee728b)  -> (artifact id: '002a46eb3f0eea894aa388fff861408b') in 0.126863 seconds 
========================================================================
Received Import Request.
  Time since last request: 0.000070 seconds.
  path: Assets/Custom Assets/Textures/Resources/Sprites/UnitCards/unit_u27.png
  artifactKey: Guid(e99063333b698ec4d86d160fd2ac394c) Importer(815301076,1909f56bfc062723c751e8b465ee728b)
Start importing Assets/Custom Assets/Textures/Resources/Sprites/UnitCards/unit_u27.png using Guid(e99063333b698ec4d86d160fd2ac394c) Importer(815301076,1909f56bfc062723c751e8b465ee728b)  -> (artifact id: '1d836380e3c3da495822ee687d2ac2f1') in 0.103174 seconds 
========================================================================
Received Import Request.
  Time since last request: 0.000029 seconds.
  path: Assets/Custom Assets/Textures/Resources/Sprites/UnitCards/unit_u26.png
  artifactKey: Guid(6eb3de0bcc39c484ba810fbf63dc00b0) Importer(815301076,1909f56bfc062723c751e8b465ee728b)
Start importing Assets/Custom Assets/Textures/Resources/Sprites/UnitCards/unit_u26.png using Guid(6eb3de0bcc39c484ba810fbf63dc00b0) Importer(815301076,1909f56bfc062723c751e8b465ee728b)  -> (artifact id: 'bd73402adbb749a8df27a72c6f385d2b') in 0.103342 seconds 
========================================================================
Received Import Request.
  Time since last request: 0.000027 seconds.
  path: Assets/Custom Assets/Textures/Resources/Sprites/UnitCards/unit_u21.png
  artifactKey: Guid(6e60f512cc7c84a45b763e01a65f70d8) Importer(815301076,1909f56bfc062723c751e8b465ee728b)
Start importing Assets/Custom Assets/Textures/Resources/Sprites/UnitCards/unit_u21.png using Guid(6e60f512cc7c84a45b763e01a65f70d8) Importer(815301076,1909f56bfc062723c751e8b465ee728b)  -> (artifact id: 'b193a5c6de63efde79958b5a1eb13b8a') in 0.103795 seconds 
========================================================================
Received Import Request.
  Time since last request: 0.000034 seconds.
  path: Assets/Custom Assets/Textures/Resources/Sprites/UnitCards/unit_u22.png
  artifactKey: Guid(05016fb556e53c7498f2976bba7c9780) Importer(815301076,1909f56bfc062723c751e8b465ee728b)
Start importing Assets/Custom Assets/Textures/Resources/Sprites/UnitCards/unit_u22.png using Guid(05016fb556e53c7498f2976bba7c9780) Importer(815301076,1909f56bfc062723c751e8b465ee728b)  -> (artifact id: '721b958ddc326110abbe227f04a6df6b') in 0.110608 seconds 
Editor requested this worker to shutdown with reason: Scaling down because of idle timeout
AssetImportWorker is now disconnected from the server
Process exiting
Exiting without the bug reporter. Application will terminate with return code 0