Using pre-set license
Built from '2021.3/staging' branch; Version is '2021.3.11f1 (0a5ca18544bf) revision 679073'; Using compiler version '192829333'; Build Type 'Release'
OS: 'Windows 10  (10.0.19042) 64bit Professional' Language: 'en' Physical Memory: 130980 MB
BatchMode: 1, IsHumanControllingUs: 0, StartBugReporterOnCrash: 0, Is64bit: 1, IsPro: 1

COMMAND LINE ARGUMENTS:
C:\Program Files\Unity\Hub\Editor\2021.3.11f1\Editor\Unity.exe
-adb2
-batchMode
-noUpm
-name
AssetImportWorker4
-projectPath
D:/Workspace/Project/5Round
-logFile
Logs/AssetImportWorker4.log
-srvPort
1660
Successfully changed project path to: D:/Workspace/Project/5Round
D:/Workspace/Project/5Round
[UnityMemory] Configuration Parameters - Can be set up in boot.config
    "memorysetup-bucket-allocator-granularity=16"
    "memorysetup-bucket-allocator-bucket-count=8"
    "memorysetup-bucket-allocator-block-size=33554432"
    "memorysetup-bucket-allocator-block-count=8"
    "memorysetup-main-allocator-block-size=16777216"
    "memorysetup-thread-allocator-block-size=16777216"
    "memorysetup-gfx-main-allocator-block-size=16777216"
    "memorysetup-gfx-thread-allocator-block-size=16777216"
    "memorysetup-cache-allocator-block-size=4194304"
    "memorysetup-typetree-allocator-block-size=2097152"
    "memorysetup-profiler-bucket-allocator-granularity=16"
    "memorysetup-profiler-bucket-allocator-bucket-count=8"
    "memorysetup-profiler-bucket-allocator-block-size=33554432"
    "memorysetup-profiler-bucket-allocator-block-count=8"
    "memorysetup-profiler-allocator-block-size=16777216"
    "memorysetup-profiler-editor-allocator-block-size=1048576"
    "memorysetup-temp-allocator-size-main=16777216"
    "memorysetup-job-temp-allocator-block-size=2097152"
    "memorysetup-job-temp-allocator-block-size-background=1048576"
    "memorysetup-job-temp-allocator-reduction-small-platforms=262144"
    "memorysetup-temp-allocator-size-background-worker=32768"
    "memorysetup-temp-allocator-size-job-worker=262144"
    "memorysetup-temp-allocator-size-preload-manager=33554432"
    "memorysetup-temp-allocator-size-nav-mesh-worker=65536"
    "memorysetup-temp-allocator-size-audio-worker=65536"
    "memorysetup-temp-allocator-size-cloud-worker=32768"
    "memorysetup-temp-allocator-size-gi-baking-worker=262144"
    "memorysetup-temp-allocator-size-gfx=262144"
Refreshing native plugins compatible for Editor in 113.49 ms, found 3 plugins.
Preloading 0 native plugins for Editor in 0.00 ms.
Initialize engine version: 2021.3.11f1 (0a5ca18544bf)
[Subsystems] Discovering subsystems at path C:/Program Files/Unity/Hub/Editor/2021.3.11f1/Editor/Data/Resources/UnitySubsystems
[Subsystems] Discovering subsystems at path D:/Workspace/Project/5Round/Assets
GfxDevice: creating device client; threaded=0; jobified=0
Direct3D:
    Version:  Direct3D 11.0 [level 11.1]
    Renderer: Intel(R) UHD Graphics 630 (ID=0x3e98)
    Vendor:   Intel
    VRAM:     65490 MB
    Driver:   27.20.100.8681
Initialize mono
Mono path[0] = 'C:/Program Files/Unity/Hub/Editor/2021.3.11f1/Editor/Data/Managed'
Mono path[1] = 'C:/Program Files/Unity/Hub/Editor/2021.3.11f1/Editor/Data/MonoBleedingEdge/lib/mono/unityjit-win32'
Mono config path = 'C:/Program Files/Unity/Hub/Editor/2021.3.11f1/Editor/Data/MonoBleedingEdge/etc'
Using monoOptions --debugger-agent=transport=dt_socket,embedding=1,server=y,suspend=n,address=127.0.0.1:56948
Begin MonoManager ReloadAssembly
Registering precompiled unity dll's ...
Register platform support module: C:/Program Files/Unity/Hub/Editor/2021.3.11f1/Editor/Data/PlaybackEngines/WebGLSupport/UnityEditor.WebGL.Extensions.dll
Register platform support module: C:/Program Files/Unity/Hub/Editor/2021.3.11f1/Editor/Data/PlaybackEngines/AndroidPlayer/UnityEditor.Android.Extensions.dll
Register platform support module: C:/Program Files/Unity/Hub/Editor/2021.3.11f1/Editor/Data/PlaybackEngines/iOSSupport/UnityEditor.iOS.Extensions.dll
Register platform support module: C:/Program Files/Unity/Hub/Editor/2021.3.11f1/Editor/Data/PlaybackEngines/WindowsStandaloneSupport/UnityEditor.WindowsStandalone.Extensions.dll
Registered in 0.006439 seconds.
Native extension for WindowsStandalone target not found
[usbmuxd] Start listen thread
[usbmuxd] Listen thread started
Native extension for iOS target not found
Native extension for Android target not found
Native extension for WebGL target not found
Refreshing native plugins compatible for Editor in 127.18 ms, found 3 plugins.
Preloading 0 native plugins for Editor in 0.00 ms.
Mono: successfully reloaded assembly
- Completed reload, in  0.857 seconds
Domain Reload Profiling:
	ReloadAssembly (857ms)
		BeginReloadAssembly (81ms)
			ExecutionOrderSort (0ms)
			DisableScriptedObjects (0ms)
			BackupInstance (0ms)
			ReleaseScriptingObjects (0ms)
			CreateAndSetChildDomain (1ms)
		EndReloadAssembly (650ms)
			LoadAssemblies (80ms)
			RebuildTransferFunctionScriptingTraits (0ms)
			SetupTypeCache (153ms)
			ReleaseScriptCaches (0ms)
			RebuildScriptCaches (42ms)
			SetupLoadedEditorAssemblies (394ms)
				LogAssemblyErrors (0ms)
				InitializePlatformSupportModulesInManaged (83ms)
				SetLoadedEditorAssemblies (0ms)
				RefreshPlugins (127ms)
				BeforeProcessingInitializeOnLoad (1ms)
				ProcessInitializeOnLoadAttributes (130ms)
				ProcessInitializeOnLoadMethodAttributes (52ms)
				AfterProcessingInitializeOnLoad (0ms)
				EditorAssembliesLoaded (0ms)
			ExecutionOrderSort2 (0ms)
			AwakeInstancesAfterBackupRestoration (0ms)
Platform modules already initialized, skipping
Registering precompiled user dll's ...
Registered in 0.004205 seconds.
Begin MonoManager ReloadAssembly
Symbol file LoadedFromMemory doesn't match image D:\Workspace\Project\5Round\Library\PackageCache\com.unity.visualscripting@1.7.8\Editor\VisualScripting.Core\Dependencies\YamlDotNet\Unity.VisualScripting.YamlDotNet.dll
Symbol file LoadedFromMemory doesn't match image D:\Workspace\Project\5Round\Library\PackageCache\com.unity.visualscripting@1.7.8\Editor\VisualScripting.Core\Dependencies\DotNetZip\Unity.VisualScripting.IonicZip.dll
Native extension for WindowsStandalone target not found
Native extension for iOS target not found
Native extension for Android target not found
Native extension for WebGL target not found
Refreshing native plugins compatible for Editor in 2.50 ms, found 3 plugins.
Preloading 0 native plugins for Editor in 0.00 ms.
Mono: successfully reloaded assembly
- Completed reload, in  1.374 seconds
Domain Reload Profiling:
	ReloadAssembly (1375ms)
		BeginReloadAssembly (218ms)
			ExecutionOrderSort (0ms)
			DisableScriptedObjects (6ms)
			BackupInstance (0ms)
			ReleaseScriptingObjects (0ms)
			CreateAndSetChildDomain (123ms)
		EndReloadAssembly (1034ms)
			LoadAssemblies (86ms)
			RebuildTransferFunctionScriptingTraits (0ms)
			SetupTypeCache (307ms)
			ReleaseScriptCaches (1ms)
			RebuildScriptCaches (72ms)
			SetupLoadedEditorAssemblies (508ms)
				LogAssemblyErrors (0ms)
				InitializePlatformSupportModulesInManaged (31ms)
				SetLoadedEditorAssemblies (1ms)
				RefreshPlugins (3ms)
				BeforeProcessingInitializeOnLoad (118ms)
				ProcessInitializeOnLoadAttributes (310ms)
				ProcessInitializeOnLoadMethodAttributes (41ms)
				AfterProcessingInitializeOnLoad (4ms)
				EditorAssembliesLoaded (0ms)
			ExecutionOrderSort2 (0ms)
			AwakeInstancesAfterBackupRestoration (6ms)
Platform modules already initialized, skipping
========================================================================
Worker process is ready to serve import requests
Launched and connected shader compiler UnityShaderCompiler.exe after 0.03 seconds
Refreshing native plugins compatible for Editor in 0.84 ms, found 3 plugins.
Preloading 0 native plugins for Editor in 0.00 ms.
Unloading 3516 Unused Serialized files (Serialized files now loaded: 0)
Unloading 29 unused Assets / (114.2 KB). Loaded Objects now: 3984.
Memory consumption went from 128.6 MB to 128.5 MB.
Total: 3.595500 ms (FindLiveObjects: 0.363500 ms CreateObjectMapping: 0.267600 ms MarkObjects: 2.820400 ms  DeleteObjects: 0.142800 ms)

AssetImportParameters requested are different than current active one (requested -> active):
  custom:video-decoder-ogg-theora: a1e56fd34408186e4bbccfd4996cb3dc -> 
  custom:container-muxer-webm: aa71ff27fc2769a1b78a27578f13a17b -> 
  custom:container-demuxer-webm: 4f35f7cbe854078d1ac9338744f61a02 -> 
  custom:video-encoder-webm-vp8: eb34c28f22e8b96e1ab97ce403110664 -> 
  custom:audio-encoder-webm-vorbis: bf7c407c2cedff20999df2af8eb42d56 -> 
  custom:framework-win-MediaFoundation: 216162199b28c13a410421893ffa2e32 -> 
  custom:container-demuxer-ogg: 62fdf1f143b41e24485cea50d1cbac27 -> 
  custom:video-decoder-webm-vp8: 9c59270c3fd7afecdb556c50c9e8de78 -> 
  custom:audio-decoder-ogg-vorbis: bf7c407c2cedff20999df2af8eb42d56 -> 
========================================================================
Received Import Request.
  Time since last request: 16118.102487 seconds.
  path: Assets/Custom Assets/Materials/Gameplay
  artifactKey: Guid(4419f2598c36d2446a1a1254a94fe6ba) Importer(815301076,1909f56bfc062723c751e8b465ee728b)
Start importing Assets/Custom Assets/Materials/Gameplay using Guid(4419f2598c36d2446a1a1254a94fe6ba) Importer(815301076,1909f56bfc062723c751e8b465ee728b)  -> (artifact id: '355bd703b257a94717cfccce55847d41') in 0.006262 seconds 
========================================================================
Received Import Request.
  Time since last request: 5.766369 seconds.
  path: Assets/Custom Assets/Materials/Gameplay/Phases
  artifactKey: Guid(d9e44f7ec0186b54dae875c09c2f5d31) Importer(815301076,1909f56bfc062723c751e8b465ee728b)
Start importing Assets/Custom Assets/Materials/Gameplay/Phases using Guid(d9e44f7ec0186b54dae875c09c2f5d31) Importer(815301076,1909f56bfc062723c751e8b465ee728b)  -> (artifact id: '45dbb81c0df0da2f7ee7195887c056ba') in 0.000942 seconds 
========================================================================
Received Import Request.
  Time since last request: 30.160399 seconds.
  path: Assets/Custom Assets/Materials/Gameplay/Phases/Unit Panel.mat
  artifactKey: Guid(ae3083b70a2feff4e9f78e725d2681f8) Importer(815301076,1909f56bfc062723c751e8b465ee728b)
Start importing Assets/Custom Assets/Materials/Gameplay/Phases/Unit Panel.mat using Guid(ae3083b70a2feff4e9f78e725d2681f8) Importer(815301076,1909f56bfc062723c751e8b465ee728b)  -> (artifact id: 'c4ccd08bdbb67aecfc60b80a485cc123') in 0.126448 seconds 
========================================================================
Received Import Request.
  Time since last request: 10.042550 seconds.
  path: Assets/Custom Assets/Textures/Disc/player1-01.jpg
  artifactKey: Guid(54016168ca6704444ae2b89881f74a76) Importer(815301076,1909f56bfc062723c751e8b465ee728b)
Start importing Assets/Custom Assets/Textures/Disc/player1-01.jpg using Guid(54016168ca6704444ae2b89881f74a76) Importer(815301076,1909f56bfc062723c751e8b465ee728b)  -> (artifact id: 'f0a73fbffeddd46153e723cb1236ee48') in 0.015361 seconds 
========================================================================
Received Import Request.
  Time since last request: 1.718015 seconds.
  path: Assets/Custom Assets/Materials/Gameplay/Phases/Playerboard Front.mat
  artifactKey: Guid(81099d6a074150e4fb63dbf747d3f914) Importer(815301076,1909f56bfc062723c751e8b465ee728b)
Start importing Assets/Custom Assets/Materials/Gameplay/Phases/Playerboard Front.mat using Guid(81099d6a074150e4fb63dbf747d3f914) Importer(815301076,1909f56bfc062723c751e8b465ee728b)  -> (artifact id: '7861dfb517ea424276d447c5ff2b6837') in 0.054757 seconds 
========================================================================
Received Import Request.
  Time since last request: 7.647110 seconds.
  path: Assets/Custom Assets/Materials/Gameplay/Phases/Unit Panel.mat
  artifactKey: Guid(81099d6a074150e4fb63dbf747d3f914) Importer(815301076,1909f56bfc062723c751e8b465ee728b)
Start importing Assets/Custom Assets/Materials/Gameplay/Phases/Unit Panel.mat using Guid(81099d6a074150e4fb63dbf747d3f914) Importer(815301076,1909f56bfc062723c751e8b465ee728b)  -> (artifact id: '683f4c265b8e1444e292507568eb9b5c') in 0.054172 seconds 
========================================================================
Received Import Request.
  Time since last request: 7.949553 seconds.
  path: Assets/Custom Assets/Textures/Resources/Sprites/UnitCards/unit_01syoujo.png
  artifactKey: Guid(86f405d9493f8d9498ec233bf0c9d86c) Importer(815301076,1909f56bfc062723c751e8b465ee728b)
Start importing Assets/Custom Assets/Textures/Resources/Sprites/UnitCards/unit_01syoujo.png using Guid(86f405d9493f8d9498ec233bf0c9d86c) Importer(815301076,1909f56bfc062723c751e8b465ee728b)  -> (artifact id: 'a8c2c044d34c8d070d8c54ce392b7fed') in 0.146410 seconds 
========================================================================
Received Import Request.
  Time since last request: 0.000020 seconds.
  path: Assets/Custom Assets/Textures/Resources/Sprites/UnitCards/unit_u4.png
  artifactKey: Guid(278c66bbf4c555941ad7ad6bfc88f862) Importer(815301076,1909f56bfc062723c751e8b465ee728b)
Start importing Assets/Custom Assets/Textures/Resources/Sprites/UnitCards/unit_u4.png using Guid(278c66bbf4c555941ad7ad6bfc88f862) Importer(815301076,1909f56bfc062723c751e8b465ee728b)  -> (artifact id: '6f82bfdd74604080f1969dedc1c06a7c') in 0.164671 seconds 
========================================================================
Received Import Request.
  Time since last request: 0.000023 seconds.
  path: Assets/Custom Assets/Textures/Resources/Sprites/UnitCards/unit_08iron01.png
  artifactKey: Guid(832ffabd351cfa0418bdfe4c20b8e894) Importer(815301076,1909f56bfc062723c751e8b465ee728b)
Start importing Assets/Custom Assets/Textures/Resources/Sprites/UnitCards/unit_08iron01.png using Guid(832ffabd351cfa0418bdfe4c20b8e894) Importer(815301076,1909f56bfc062723c751e8b465ee728b)  -> (artifact id: 'e108a0aad478e7bcfb140fb77413eb15') in 0.085921 seconds 
========================================================================
Received Import Request.
  Time since last request: 0.000025 seconds.
  path: Assets/Custom Assets/Textures/Resources/Sprites/UnitCards/unit_06hitokiri.png
  artifactKey: Guid(01d0106b270eeba4c8f63445b603ac5d) Importer(815301076,1909f56bfc062723c751e8b465ee728b)
Start importing Assets/Custom Assets/Textures/Resources/Sprites/UnitCards/unit_06hitokiri.png using Guid(01d0106b270eeba4c8f63445b603ac5d) Importer(815301076,1909f56bfc062723c751e8b465ee728b)  -> (artifact id: 'fa4035fa6ffe3ba9846b402120712f02') in 0.146329 seconds 
========================================================================
Received Import Request.
  Time since last request: 0.000052 seconds.
  path: Assets/Custom Assets/Textures/Resources/Sprites/UnitCards/unit_u13.png
  artifactKey: Guid(a58b09011de41394982e1c71971b9642) Importer(815301076,1909f56bfc062723c751e8b465ee728b)
Start importing Assets/Custom Assets/Textures/Resources/Sprites/UnitCards/unit_u13.png using Guid(a58b09011de41394982e1c71971b9642) Importer(815301076,1909f56bfc062723c751e8b465ee728b)  -> (artifact id: '0ea01abe67a185fcfa858a59ae4322a9') in 0.105370 seconds 
========================================================================
Received Import Request.
  Time since last request: 0.000054 seconds.
  path: Assets/Custom Assets/Textures/Resources/Sprites/UnitCards/unit_u1.png
  artifactKey: Guid(c8ed81b36ed2a224b829cad1652a8345) Importer(815301076,1909f56bfc062723c751e8b465ee728b)
Start importing Assets/Custom Assets/Textures/Resources/Sprites/UnitCards/unit_u1.png using Guid(c8ed81b36ed2a224b829cad1652a8345) Importer(815301076,1909f56bfc062723c751e8b465ee728b)  -> (artifact id: 'a666cba011fc45f15131d4009367219f') in 0.108304 seconds 
========================================================================
Received Import Request.
  Time since last request: 0.000065 seconds.
  path: Assets/Custom Assets/Textures/Resources/Sprites/UnitCards/unit_u14.png
  artifactKey: Guid(0889c2c003f255c4891247636591e912) Importer(815301076,1909f56bfc062723c751e8b465ee728b)
Start importing Assets/Custom Assets/Textures/Resources/Sprites/UnitCards/unit_u14.png using Guid(0889c2c003f255c4891247636591e912) Importer(815301076,1909f56bfc062723c751e8b465ee728b)  -> (artifact id: '28aca5afe2e28d2f428fcb06455163c4') in 0.097988 seconds 
========================================================================
Received Import Request.
  Time since last request: 0.000028 seconds.
  path: Assets/Custom Assets/Textures/Resources/Sprites/UnitCards/unit_u8.png
  artifactKey: Guid(8c53a67f4ccb01341bc14072ff86b6f1) Importer(815301076,1909f56bfc062723c751e8b465ee728b)
Start importing Assets/Custom Assets/Textures/Resources/Sprites/UnitCards/unit_u8.png using Guid(8c53a67f4ccb01341bc14072ff86b6f1) Importer(815301076,1909f56bfc062723c751e8b465ee728b)  -> (artifact id: '0a61a65fc9f56e5d6e3d39c0b11333ca') in 0.099093 seconds 
========================================================================
Received Import Request.
  Time since last request: 0.000039 seconds.
  path: Assets/Custom Assets/Textures/Resources/Sprites/UnitCards/unit_05black.png
  artifactKey: Guid(c5439b0fc42e2664da7835e7f2bc9d19) Importer(815301076,1909f56bfc062723c751e8b465ee728b)
Start importing Assets/Custom Assets/Textures/Resources/Sprites/UnitCards/unit_05black.png using Guid(c5439b0fc42e2664da7835e7f2bc9d19) Importer(815301076,1909f56bfc062723c751e8b465ee728b)  -> (artifact id: '8407f23135b26c51898eb441c434816f') in 0.100900 seconds 
========================================================================
Received Import Request.
  Time since last request: 0.000025 seconds.
  path: Assets/Custom Assets/Textures/Resources/Sprites/UnitCards/unit_u15.png
  artifactKey: Guid(c2498c382b2093c4286f48e8a724ff03) Importer(815301076,1909f56bfc062723c751e8b465ee728b)
Start importing Assets/Custom Assets/Textures/Resources/Sprites/UnitCards/unit_u15.png using Guid(c2498c382b2093c4286f48e8a724ff03) Importer(815301076,1909f56bfc062723c751e8b465ee728b)  -> (artifact id: '625f3b352fe96da51c92cbe7998c0e43') in 0.105478 seconds 
========================================================================
Received Import Request.
  Time since last request: 0.000026 seconds.
  path: Assets/Custom Assets/Textures/Resources/Sprites/UnitCards/unit_u16.png
  artifactKey: Guid(4963c2f101a447143aa2700e69ad204c) Importer(815301076,1909f56bfc062723c751e8b465ee728b)
Start importing Assets/Custom Assets/Textures/Resources/Sprites/UnitCards/unit_u16.png using Guid(4963c2f101a447143aa2700e69ad204c) Importer(815301076,1909f56bfc062723c751e8b465ee728b)  -> (artifact id: 'c22c9599b43371e24fda5ea678eb1177') in 0.100821 seconds 
========================================================================
Received Import Request.
  Time since last request: 0.000036 seconds.
  path: Assets/Custom Assets/Textures/Resources/Sprites/UnitCards/unit_u6.png
  artifactKey: Guid(9ac9065a12a1e294f84c16eb4d701ba4) Importer(815301076,1909f56bfc062723c751e8b465ee728b)
Start importing Assets/Custom Assets/Textures/Resources/Sprites/UnitCards/unit_u6.png using Guid(9ac9065a12a1e294f84c16eb4d701ba4) Importer(815301076,1909f56bfc062723c751e8b465ee728b)  -> (artifact id: '7409010990ce8fc08511afaea93785fb') in 0.160769 seconds 
Editor requested this worker to shutdown with reason: Scaling down because of idle timeout
AssetImportWorker is now disconnected from the server
Process exiting
Exiting without the bug reporter. Application will terminate with return code 0