Using pre-set license
Built from '2021.3/staging' branch; Version is '2021.3.11f1 (0a5ca18544bf) revision 679073'; Using compiler version '192829333'; Build Type 'Release'
OS: 'Windows 10  (10.0.19042) 64bit Professional' Language: 'en' Physical Memory: 130980 MB
BatchMode: 1, IsHumanControllingUs: 0, StartBugReporterOnCrash: 0, Is64bit: 1, IsPro: 1

COMMAND LINE ARGUMENTS:
C:\Program Files\Unity\Hub\Editor\2021.3.11f1\Editor\Unity.exe
-adb2
-batchMode
-noUpm
-name
AssetImportWorker15
-projectPath
D:/Workspace/Project/5Round
-logFile
Logs/AssetImportWorker15.log
-srvPort
1660
Successfully changed project path to: D:/Workspace/Project/5Round
D:/Workspace/Project/5Round
[UnityMemory] Configuration Parameters - Can be set up in boot.config
    "memorysetup-bucket-allocator-granularity=16"
    "memorysetup-bucket-allocator-bucket-count=8"
    "memorysetup-bucket-allocator-block-size=33554432"
    "memorysetup-bucket-allocator-block-count=8"
    "memorysetup-main-allocator-block-size=16777216"
    "memorysetup-thread-allocator-block-size=16777216"
    "memorysetup-gfx-main-allocator-block-size=16777216"
    "memorysetup-gfx-thread-allocator-block-size=16777216"
    "memorysetup-cache-allocator-block-size=4194304"
    "memorysetup-typetree-allocator-block-size=2097152"
    "memorysetup-profiler-bucket-allocator-granularity=16"
    "memorysetup-profiler-bucket-allocator-bucket-count=8"
    "memorysetup-profiler-bucket-allocator-block-size=33554432"
    "memorysetup-profiler-bucket-allocator-block-count=8"
    "memorysetup-profiler-allocator-block-size=16777216"
    "memorysetup-profiler-editor-allocator-block-size=1048576"
    "memorysetup-temp-allocator-size-main=16777216"
    "memorysetup-job-temp-allocator-block-size=2097152"
    "memorysetup-job-temp-allocator-block-size-background=1048576"
    "memorysetup-job-temp-allocator-reduction-small-platforms=262144"
    "memorysetup-temp-allocator-size-background-worker=32768"
    "memorysetup-temp-allocator-size-job-worker=262144"
    "memorysetup-temp-allocator-size-preload-manager=33554432"
    "memorysetup-temp-allocator-size-nav-mesh-worker=65536"
    "memorysetup-temp-allocator-size-audio-worker=65536"
    "memorysetup-temp-allocator-size-cloud-worker=32768"
    "memorysetup-temp-allocator-size-gi-baking-worker=262144"
    "memorysetup-temp-allocator-size-gfx=262144"
Refreshing native plugins compatible for Editor in 128.07 ms, found 3 plugins.
Preloading 0 native plugins for Editor in 0.00 ms.
Initialize engine version: 2021.3.11f1 (0a5ca18544bf)
[Subsystems] Discovering subsystems at path C:/Program Files/Unity/Hub/Editor/2021.3.11f1/Editor/Data/Resources/UnitySubsystems
[Subsystems] Discovering subsystems at path D:/Workspace/Project/5Round/Assets
GfxDevice: creating device client; threaded=0; jobified=0
Direct3D:
    Version:  Direct3D 11.0 [level 11.1]
    Renderer: Intel(R) UHD Graphics 630 (ID=0x3e98)
    Vendor:   Intel
    VRAM:     65490 MB
    Driver:   27.20.100.8681
Initialize mono
Mono path[0] = 'C:/Program Files/Unity/Hub/Editor/2021.3.11f1/Editor/Data/Managed'
Mono path[1] = 'C:/Program Files/Unity/Hub/Editor/2021.3.11f1/Editor/Data/MonoBleedingEdge/lib/mono/unityjit-win32'
Mono config path = 'C:/Program Files/Unity/Hub/Editor/2021.3.11f1/Editor/Data/MonoBleedingEdge/etc'
Using monoOptions --debugger-agent=transport=dt_socket,embedding=1,server=y,suspend=n,address=127.0.0.1:56420
Begin MonoManager ReloadAssembly
Registering precompiled unity dll's ...
Register platform support module: C:/Program Files/Unity/Hub/Editor/2021.3.11f1/Editor/Data/PlaybackEngines/WebGLSupport/UnityEditor.WebGL.Extensions.dll
Register platform support module: C:/Program Files/Unity/Hub/Editor/2021.3.11f1/Editor/Data/PlaybackEngines/AndroidPlayer/UnityEditor.Android.Extensions.dll
Register platform support module: C:/Program Files/Unity/Hub/Editor/2021.3.11f1/Editor/Data/PlaybackEngines/iOSSupport/UnityEditor.iOS.Extensions.dll
Register platform support module: C:/Program Files/Unity/Hub/Editor/2021.3.11f1/Editor/Data/PlaybackEngines/WindowsStandaloneSupport/UnityEditor.WindowsStandalone.Extensions.dll
Registered in 0.006217 seconds.
Native extension for WindowsStandalone target not found
[usbmuxd] Start listen thread
[usbmuxd] Listen thread started
Native extension for iOS target not found
Native extension for Android target not found
Native extension for WebGL target not found
Refreshing native plugins compatible for Editor in 97.45 ms, found 3 plugins.
Preloading 0 native plugins for Editor in 0.00 ms.
Mono: successfully reloaded assembly
- Completed reload, in  0.682 seconds
Domain Reload Profiling:
	ReloadAssembly (683ms)
		BeginReloadAssembly (71ms)
			ExecutionOrderSort (0ms)
			DisableScriptedObjects (0ms)
			BackupInstance (0ms)
			ReleaseScriptingObjects (0ms)
			CreateAndSetChildDomain (1ms)
		EndReloadAssembly (504ms)
			LoadAssemblies (70ms)
			RebuildTransferFunctionScriptingTraits (0ms)
			SetupTypeCache (113ms)
			ReleaseScriptCaches (0ms)
			RebuildScriptCaches (29ms)
			SetupLoadedEditorAssemblies (313ms)
				LogAssemblyErrors (0ms)
				InitializePlatformSupportModulesInManaged (66ms)
				SetLoadedEditorAssemblies (0ms)
				RefreshPlugins (98ms)
				BeforeProcessingInitializeOnLoad (1ms)
				ProcessInitializeOnLoadAttributes (102ms)
				ProcessInitializeOnLoadMethodAttributes (45ms)
				AfterProcessingInitializeOnLoad (0ms)
				EditorAssembliesLoaded (0ms)
			ExecutionOrderSort2 (0ms)
			AwakeInstancesAfterBackupRestoration (0ms)
Platform modules already initialized, skipping
Registering precompiled user dll's ...
Registered in 0.003971 seconds.
Begin MonoManager ReloadAssembly
Symbol file LoadedFromMemory doesn't match image D:\Workspace\Project\5Round\Library\PackageCache\com.unity.visualscripting@1.7.8\Editor\VisualScripting.Core\Dependencies\YamlDotNet\Unity.VisualScripting.YamlDotNet.dll
Symbol file LoadedFromMemory doesn't match image D:\Workspace\Project\5Round\Library\PackageCache\com.unity.visualscripting@1.7.8\Editor\VisualScripting.Core\Dependencies\DotNetZip\Unity.VisualScripting.IonicZip.dll
Native extension for WindowsStandalone target not found
Native extension for iOS target not found
Native extension for Android target not found
Native extension for WebGL target not found
Refreshing native plugins compatible for Editor in 0.82 ms, found 3 plugins.
Preloading 0 native plugins for Editor in 0.00 ms.
Mono: successfully reloaded assembly
- Completed reload, in  1.167 seconds
Domain Reload Profiling:
	ReloadAssembly (1167ms)
		BeginReloadAssembly (215ms)
			ExecutionOrderSort (0ms)
			DisableScriptedObjects (6ms)
			BackupInstance (0ms)
			ReleaseScriptingObjects (0ms)
			CreateAndSetChildDomain (124ms)
		EndReloadAssembly (838ms)
			LoadAssemblies (80ms)
			RebuildTransferFunctionScriptingTraits (0ms)
			SetupTypeCache (281ms)
			ReleaseScriptCaches (1ms)
			RebuildScriptCaches (58ms)
			SetupLoadedEditorAssemblies (380ms)
				LogAssemblyErrors (0ms)
				InitializePlatformSupportModulesInManaged (24ms)
				SetLoadedEditorAssemblies (1ms)
				RefreshPlugins (1ms)
				BeforeProcessingInitializeOnLoad (87ms)
				ProcessInitializeOnLoadAttributes (233ms)
				ProcessInitializeOnLoadMethodAttributes (30ms)
				AfterProcessingInitializeOnLoad (4ms)
				EditorAssembliesLoaded (0ms)
			ExecutionOrderSort2 (0ms)
			AwakeInstancesAfterBackupRestoration (5ms)
Platform modules already initialized, skipping
========================================================================
Worker process is ready to serve import requests
Launched and connected shader compiler UnityShaderCompiler.exe after 0.04 seconds
Refreshing native plugins compatible for Editor in 1.17 ms, found 3 plugins.
Preloading 0 native plugins for Editor in 0.00 ms.
Unloading 3521 Unused Serialized files (Serialized files now loaded: 0)
Unloading 29 unused Assets / (114.3 KB). Loaded Objects now: 3989.
Memory consumption went from 128.7 MB to 128.6 MB.
Total: 4.078200 ms (FindLiveObjects: 0.423300 ms CreateObjectMapping: 0.371600 ms MarkObjects: 3.140100 ms  DeleteObjects: 0.141900 ms)

AssetImportParameters requested are different than current active one (requested -> active):
  custom:video-decoder-ogg-theora: a1e56fd34408186e4bbccfd4996cb3dc -> 
  custom:container-muxer-webm: aa71ff27fc2769a1b78a27578f13a17b -> 
  custom:container-demuxer-webm: 4f35f7cbe854078d1ac9338744f61a02 -> 
  custom:video-encoder-webm-vp8: eb34c28f22e8b96e1ab97ce403110664 -> 
  custom:audio-encoder-webm-vorbis: bf7c407c2cedff20999df2af8eb42d56 -> 
  custom:framework-win-MediaFoundation: 216162199b28c13a410421893ffa2e32 -> 
  custom:container-demuxer-ogg: 62fdf1f143b41e24485cea50d1cbac27 -> 
  custom:video-decoder-webm-vp8: 9c59270c3fd7afecdb556c50c9e8de78 -> 
  custom:audio-decoder-ogg-vorbis: bf7c407c2cedff20999df2af8eb42d56 -> 
========================================================================
Received Import Request.
  Time since last request: 50829.590239 seconds.
  path: Assets/GUI Mobile Hyper-Casual/Sprites/Sprites by Menu/Buttons-assets/Green Button Continue.png
  artifactKey: Guid(6ba2a62783c8a3e42943a53eaa43d258) Importer(815301076,1909f56bfc062723c751e8b465ee728b)
Start importing Assets/GUI Mobile Hyper-Casual/Sprites/Sprites by Menu/Buttons-assets/Green Button Continue.png using Guid(6ba2a62783c8a3e42943a53eaa43d258) Importer(815301076,1909f56bfc062723c751e8b465ee728b)  -> (artifact id: '7647662c052c27a3aaccfc9ba8f60c43') in 0.143064 seconds 
========================================================================
Received Import Request.
  Time since last request: 0.000023 seconds.
  path: Assets/GUI Mobile Hyper-Casual/Sprites/Sprites by Menu/Buttons-assets/Green Button Claim.png
  artifactKey: Guid(53b04564ee76a5f44a6eeb0443fd1fc9) Importer(815301076,1909f56bfc062723c751e8b465ee728b)
Start importing Assets/GUI Mobile Hyper-Casual/Sprites/Sprites by Menu/Buttons-assets/Green Button Claim.png using Guid(53b04564ee76a5f44a6eeb0443fd1fc9) Importer(815301076,1909f56bfc062723c751e8b465ee728b)  -> (artifact id: 'dfb195976c123485e447c82946876bb3') in 0.032773 seconds 
========================================================================
Received Import Request.
  Time since last request: 18.048638 seconds.
  path: Assets/GUI Mobile Hyper-Casual/Sprites/Sprites by Menu/Prize Machine-assets/Background Chest Prize Machine.png
  artifactKey: Guid(de99fcf249c21c84e99fb0525f3b89cf) Importer(815301076,1909f56bfc062723c751e8b465ee728b)
Start importing Assets/GUI Mobile Hyper-Casual/Sprites/Sprites by Menu/Prize Machine-assets/Background Chest Prize Machine.png using Guid(de99fcf249c21c84e99fb0525f3b89cf) Importer(815301076,1909f56bfc062723c751e8b465ee728b)  -> (artifact id: 'cf70f1f68b79ac434d011675e08d25ad') in 0.054633 seconds 
========================================================================
Received Import Request.
  Time since last request: 803.611652 seconds.
  path: Assets/Custom Assets/Prefabs/Gameplay/Phases Scene/ActionW_BattleB Unit UI.prefab
  artifactKey: Guid(a88200481b251c142b0ffc83c1249592) Importer(815301076,1909f56bfc062723c751e8b465ee728b)
Start importing Assets/Custom Assets/Prefabs/Gameplay/Phases Scene/ActionW_BattleB Unit UI.prefab using Guid(a88200481b251c142b0ffc83c1249592) Importer(815301076,1909f56bfc062723c751e8b465ee728b)  -> (artifact id: 'd4bc6bd7dff68925f103f15f9dc5c666') in 0.020807 seconds 
========================================================================
Received Import Request.
  Time since last request: 8.546592 seconds.
  path: Assets/Custom Assets/Prefabs/Gameplay/Phases Scene/Unit UI.prefab
  artifactKey: Guid(3830fadcc8b32004cb00d2ec8302d902) Importer(815301076,1909f56bfc062723c751e8b465ee728b)
Start importing Assets/Custom Assets/Prefabs/Gameplay/Phases Scene/Unit UI.prefab using Guid(3830fadcc8b32004cb00d2ec8302d902) Importer(815301076,1909f56bfc062723c751e8b465ee728b)  -> (artifact id: '5609e0da9ab6f6dc9419db3a5e310b33') in 0.004002 seconds 
========================================================================
Received Import Request.
  Time since last request: 23.599542 seconds.
  path: Assets/Custom Assets/Prefabs/Gameplay/Phases Scene/ActionWActions Unit UI.prefab
  artifactKey: Guid(3830fadcc8b32004cb00d2ec8302d902) Importer(815301076,1909f56bfc062723c751e8b465ee728b)
Start importing Assets/Custom Assets/Prefabs/Gameplay/Phases Scene/ActionWActions Unit UI.prefab using Guid(3830fadcc8b32004cb00d2ec8302d902) Importer(815301076,1909f56bfc062723c751e8b465ee728b)  -> (artifact id: '6ab2207679a48d41ecabf0b4ecd8e30a') in 0.003913 seconds 
========================================================================
Received Import Request.
  Time since last request: 18.925092 seconds.
  path: Assets/Custom Assets/Prefabs/Gameplay/Phases Scene/ActionW_Actions UnitUI.prefab
  artifactKey: Guid(3830fadcc8b32004cb00d2ec8302d902) Importer(815301076,1909f56bfc062723c751e8b465ee728b)
Start importing Assets/Custom Assets/Prefabs/Gameplay/Phases Scene/ActionW_Actions UnitUI.prefab using Guid(3830fadcc8b32004cb00d2ec8302d902) Importer(815301076,1909f56bfc062723c751e8b465ee728b)  -> (artifact id: '80524c96a97a6766f4854affd93be61c') in 0.003867 seconds 
========================================================================
Received Import Request.
  Time since last request: 4.726790 seconds.
  path: Assets/Custom Assets/Prefabs/Gameplay/Phases Scene/ActionW_BattleB UnitUI.prefab
  artifactKey: Guid(a88200481b251c142b0ffc83c1249592) Importer(815301076,1909f56bfc062723c751e8b465ee728b)
Start importing Assets/Custom Assets/Prefabs/Gameplay/Phases Scene/ActionW_BattleB UnitUI.prefab using Guid(a88200481b251c142b0ffc83c1249592) Importer(815301076,1909f56bfc062723c751e8b465ee728b)  -> (artifact id: '630eca558b4d6c1768fbf2bcf2250904') in 0.004074 seconds 
========================================================================
Received Import Request.
  Time since last request: 13.553024 seconds.
  path: Assets/Custom Assets/Prefabs/Gameplay/Phases Scene/ActionW_Actions UnitUI.prefab
  artifactKey: Guid(3830fadcc8b32004cb00d2ec8302d902) Importer(815301076,1909f56bfc062723c751e8b465ee728b)
Start importing Assets/Custom Assets/Prefabs/Gameplay/Phases Scene/ActionW_Actions UnitUI.prefab using Guid(3830fadcc8b32004cb00d2ec8302d902) Importer(815301076,1909f56bfc062723c751e8b465ee728b)  -> (artifact id: '71a2155109f780baee3de8aaf6ea71ab') in 0.003824 seconds 
========================================================================
Received Import Request.
  Time since last request: 105.762045 seconds.
  path: Assets/Custom Assets/Prefabs/Gameplay/Phases Scene/ActionW_Actions UnitUI.prefab
  artifactKey: Guid(3830fadcc8b32004cb00d2ec8302d902) Importer(815301076,1909f56bfc062723c751e8b465ee728b)
Start importing Assets/Custom Assets/Prefabs/Gameplay/Phases Scene/ActionW_Actions UnitUI.prefab using Guid(3830fadcc8b32004cb00d2ec8302d902) Importer(815301076,1909f56bfc062723c751e8b465ee728b)  -> (artifact id: 'da1148164be3b59cc07503f858fb6a75') in 0.004410 seconds 
========================================================================
Received Import Request.
  Time since last request: 0.986190 seconds.
  path: Assets/Custom Assets/Prefabs/Gameplay/Phases Scene/ActionW_Actions UnitUI.prefab
  artifactKey: Guid(3830fadcc8b32004cb00d2ec8302d902) Importer(815301076,1909f56bfc062723c751e8b465ee728b)
Start importing Assets/Custom Assets/Prefabs/Gameplay/Phases Scene/ActionW_Actions UnitUI.prefab using Guid(3830fadcc8b32004cb00d2ec8302d902) Importer(815301076,1909f56bfc062723c751e8b465ee728b)  -> (artifact id: '0a8616e95b034920e19740c5ad16837c') in 0.003873 seconds 
========================================================================
Received Import Request.
  Time since last request: 1233.316302 seconds.
  path: Assets/Custom Assets/Textures/Arrow/Arrow.png
  artifactKey: Guid(aff7123c70d7bfa4fbe871a0442c0c57) Importer(815301076,1909f56bfc062723c751e8b465ee728b)
Start importing Assets/Custom Assets/Textures/Arrow/Arrow.png using Guid(aff7123c70d7bfa4fbe871a0442c0c57) Importer(815301076,1909f56bfc062723c751e8b465ee728b)  -> (artifact id: '93a3ab3e1f2e3e426c4fe3ccaf86d64f') in 0.008781 seconds 
========================================================================
Received Import Request.
  Time since last request: 13.422800 seconds.
  path: Assets/Custom Assets/Textures/Arrow/Arrow.png
  artifactKey: Guid(aff7123c70d7bfa4fbe871a0442c0c57) Importer(815301076,1909f56bfc062723c751e8b465ee728b)
Start importing Assets/Custom Assets/Textures/Arrow/Arrow.png using Guid(aff7123c70d7bfa4fbe871a0442c0c57) Importer(815301076,1909f56bfc062723c751e8b465ee728b)  -> (artifact id: 'c1954225013bcd0d223122c0406e1ccc') in 0.015690 seconds 
========================================================================
Received Import Request.
  Time since last request: 1113.755034 seconds.
  path: Assets/Custom Assets/Textures/Arrow/Red Arrow.png
  artifactKey: Guid(ae2f283eafb01c8408a0fee01fb4007d) Importer(815301076,1909f56bfc062723c751e8b465ee728b)
Start importing Assets/Custom Assets/Textures/Arrow/Red Arrow.png using Guid(ae2f283eafb01c8408a0fee01fb4007d) Importer(815301076,1909f56bfc062723c751e8b465ee728b)  -> (artifact id: 'e5d9ae29b0182097c26bf49cb563b353') in 0.010889 seconds 
========================================================================
Received Import Request.
  Time since last request: 14.944979 seconds.
  path: Assets/Custom Assets/Textures/Arrow/Red Arrow.png
  artifactKey: Guid(ae2f283eafb01c8408a0fee01fb4007d) Importer(815301076,1909f56bfc062723c751e8b465ee728b)
Start importing Assets/Custom Assets/Textures/Arrow/Red Arrow.png using Guid(ae2f283eafb01c8408a0fee01fb4007d) Importer(815301076,1909f56bfc062723c751e8b465ee728b)  -> (artifact id: '1b61cc2e64facd8ed29930a6389b9e2e') in 0.019989 seconds 
========================================================================
Received Import Request.
  Time since last request: 2981.301538 seconds.
  path: Assets/Custom Assets/Prefabs/Gameplay/Phases Scene/Item UI.prefab
  artifactKey: Guid(2c829601498f459458c6fe339958b8a9) Importer(815301076,1909f56bfc062723c751e8b465ee728b)
Start importing Assets/Custom Assets/Prefabs/Gameplay/Phases Scene/Item UI.prefab using Guid(2c829601498f459458c6fe339958b8a9) Importer(815301076,1909f56bfc062723c751e8b465ee728b)  -> (artifact id: '77b02e2ad26d6b576afa7aee6e2cd490') in 0.005123 seconds 
========================================================================
Received Import Request.
  Time since last request: 6.844882 seconds.
  path: Assets/Custom Assets/Prefabs/Gameplay/Phases Scene/Item UI.prefab
  artifactKey: Guid(2c829601498f459458c6fe339958b8a9) Importer(815301076,1909f56bfc062723c751e8b465ee728b)
Start importing Assets/Custom Assets/Prefabs/Gameplay/Phases Scene/Item UI.prefab using Guid(2c829601498f459458c6fe339958b8a9) Importer(815301076,1909f56bfc062723c751e8b465ee728b)  -> (artifact id: '36703da15915920fd4bb4265634c3125') in 0.004163 seconds 
========================================================================
Received Import Request.
  Time since last request: 9.769176 seconds.
  path: Assets/Custom Assets/Textures/Resources/Sprites/ItemCards/item_25.png
  artifactKey: Guid(e403b77c774ddc242af2f62246e7dfab) Importer(815301076,1909f56bfc062723c751e8b465ee728b)
Start importing Assets/Custom Assets/Textures/Resources/Sprites/ItemCards/item_25.png using Guid(e403b77c774ddc242af2f62246e7dfab) Importer(815301076,1909f56bfc062723c751e8b465ee728b)  -> (artifact id: 'f9bb28f39b1055c160960e6fd7362522') in 0.145634 seconds 
========================================================================
Received Import Request.
  Time since last request: 0.000025 seconds.
  path: Assets/Custom Assets/Textures/Resources/Sprites/ItemCards/item_30.png
  artifactKey: Guid(41ca7f8d00f5c8549906958cee85dcea) Importer(815301076,1909f56bfc062723c751e8b465ee728b)
Start importing Assets/Custom Assets/Textures/Resources/Sprites/ItemCards/item_30.png using Guid(41ca7f8d00f5c8549906958cee85dcea) Importer(815301076,1909f56bfc062723c751e8b465ee728b)  -> (artifact id: '4047e4eb42b5b15a5dc6a8ea85985dfb') in 0.139588 seconds 
========================================================================
Received Import Request.
  Time since last request: 0.000031 seconds.
  path: Assets/Custom Assets/Textures/Resources/Sprites/ItemCards/item_33.png
  artifactKey: Guid(b6c411fe611df31479b8d6025edf3f12) Importer(815301076,1909f56bfc062723c751e8b465ee728b)
Start importing Assets/Custom Assets/Textures/Resources/Sprites/ItemCards/item_33.png using Guid(b6c411fe611df31479b8d6025edf3f12) Importer(815301076,1909f56bfc062723c751e8b465ee728b)  -> (artifact id: 'f951a4432f64bb80e677254e03b55e17') in 0.170941 seconds 
========================================================================
Received Import Request.
  Time since last request: 0.000026 seconds.
  path: Assets/Custom Assets/Textures/Resources/Sprites/ItemCards/item_31.png
  artifactKey: Guid(0e4bf43bc61246a438c6834148948d32) Importer(815301076,1909f56bfc062723c751e8b465ee728b)
Start importing Assets/Custom Assets/Textures/Resources/Sprites/ItemCards/item_31.png using Guid(0e4bf43bc61246a438c6834148948d32) Importer(815301076,1909f56bfc062723c751e8b465ee728b)  -> (artifact id: '0e4bbf195c6b11333a8f49a94a1586ab') in 0.079012 seconds 
========================================================================
Received Import Request.
  Time since last request: 0.000025 seconds.
  path: Assets/Custom Assets/Textures/Resources/Sprites/ItemCards/item_32.png
  artifactKey: Guid(10367baf2e0e52841a8dc4758e381c47) Importer(815301076,1909f56bfc062723c751e8b465ee728b)
Start importing Assets/Custom Assets/Textures/Resources/Sprites/ItemCards/item_32.png using Guid(10367baf2e0e52841a8dc4758e381c47) Importer(815301076,1909f56bfc062723c751e8b465ee728b)  -> (artifact id: '7d5cd18868fbeca5cc3501b3e5a845aa') in 0.114675 seconds 
========================================================================
Received Import Request.
  Time since last request: 0.000019 seconds.
  path: Assets/Custom Assets/Textures/Resources/Sprites/ItemCards/item_r1.png
  artifactKey: Guid(5e51c1940d48d3c499f678d4b155c616) Importer(815301076,1909f56bfc062723c751e8b465ee728b)
Start importing Assets/Custom Assets/Textures/Resources/Sprites/ItemCards/item_r1.png using Guid(5e51c1940d48d3c499f678d4b155c616) Importer(815301076,1909f56bfc062723c751e8b465ee728b)  -> (artifact id: '662f0070432df95d9875de2e4728d02c') in 0.164891 seconds 
========================================================================
Received Import Request.
  Time since last request: 0.000023 seconds.
  path: Assets/Custom Assets/Textures/Resources/Sprites/ItemCards/item_r2.png
  artifactKey: Guid(df0650cdec71dd3448ce836615ea8b7e) Importer(815301076,1909f56bfc062723c751e8b465ee728b)
Start importing Assets/Custom Assets/Textures/Resources/Sprites/ItemCards/item_r2.png using Guid(df0650cdec71dd3448ce836615ea8b7e) Importer(815301076,1909f56bfc062723c751e8b465ee728b)  -> (artifact id: '2a8d30d25b63a0652a611a4c98f780d4') in 0.162915 seconds 
========================================================================
Received Import Request.
  Time since last request: 0.000015 seconds.
  path: Assets/Custom Assets/Textures/Resources/Sprites/ItemCards/item_27.png
  artifactKey: Guid(3f48e41ed81c2d648a910ca5b7147cf5) Importer(815301076,1909f56bfc062723c751e8b465ee728b)
Start importing Assets/Custom Assets/Textures/Resources/Sprites/ItemCards/item_27.png using Guid(3f48e41ed81c2d648a910ca5b7147cf5) Importer(815301076,1909f56bfc062723c751e8b465ee728b)  -> (artifact id: '0fa20cee6072ceec103d9c394b5dd293') in 0.159929 seconds 
========================================================================
Received Import Request.
  Time since last request: 0.704368 seconds.
  path: Assets/Custom Assets/Textures/Resources/Sprites/ItemCards/item_13.png
  artifactKey: Guid(260e43a3b6266fc48935520e4808e1e5) Importer(815301076,1909f56bfc062723c751e8b465ee728b)
Start importing Assets/Custom Assets/Textures/Resources/Sprites/ItemCards/item_13.png using Guid(260e43a3b6266fc48935520e4808e1e5) Importer(815301076,1909f56bfc062723c751e8b465ee728b)  -> (artifact id: 'f1d338587b29096543daf4dd5a98927c') in 0.184652 seconds 
========================================================================
Received Import Request.
  Time since last request: 0.000021 seconds.
  path: Assets/Custom Assets/Textures/Resources/Sprites/ItemCards/item_12.png
  artifactKey: Guid(ecfe453126b5f3b4fb442a802c10a340) Importer(815301076,1909f56bfc062723c751e8b465ee728b)
Start importing Assets/Custom Assets/Textures/Resources/Sprites/ItemCards/item_12.png using Guid(ecfe453126b5f3b4fb442a802c10a340) Importer(815301076,1909f56bfc062723c751e8b465ee728b)  -> (artifact id: '0b5488d176e5aa590ee58d73659e434b') in 0.176093 seconds 
========================================================================
Received Import Request.
  Time since last request: 0.000023 seconds.
  path: Assets/Custom Assets/Textures/Resources/Sprites/ItemCards/item_18.png
  artifactKey: Guid(435ccca871ff0054d8b1713cfb88da29) Importer(815301076,1909f56bfc062723c751e8b465ee728b)
Start importing Assets/Custom Assets/Textures/Resources/Sprites/ItemCards/item_18.png using Guid(435ccca871ff0054d8b1713cfb88da29) Importer(815301076,1909f56bfc062723c751e8b465ee728b)  -> (artifact id: 'b1c17958b808fbc20ed50f56cea7891b') in 0.172547 seconds 
========================================================================
Received Import Request.
  Time since last request: 0.000021 seconds.
  path: Assets/Custom Assets/Textures/Resources/Sprites/ItemCards/item_4.png
  artifactKey: Guid(3ac5c28411ea07642be2f51af04cb594) Importer(815301076,1909f56bfc062723c751e8b465ee728b)
Start importing Assets/Custom Assets/Textures/Resources/Sprites/ItemCards/item_4.png using Guid(3ac5c28411ea07642be2f51af04cb594) Importer(815301076,1909f56bfc062723c751e8b465ee728b)  -> (artifact id: '2ef76d8eff1a33953ebcdc2b05dfb876') in 0.161635 seconds 
========================================================================
Received Import Request.
  Time since last request: 0.000020 seconds.
  path: Assets/Custom Assets/Textures/Resources/Sprites/ItemCards/item_10.png
  artifactKey: Guid(d7d15df87eecfd247b33b96115f38dd9) Importer(815301076,1909f56bfc062723c751e8b465ee728b)
Start importing Assets/Custom Assets/Textures/Resources/Sprites/ItemCards/item_10.png using Guid(d7d15df87eecfd247b33b96115f38dd9) Importer(815301076,1909f56bfc062723c751e8b465ee728b)  -> (artifact id: '1b1cf55501577bbabf4a455cbc993bf4') in 0.119225 seconds 
========================================================================
Received Import Request.
  Time since last request: 0.000023 seconds.
  path: Assets/Custom Assets/Textures/Resources/Sprites/ItemCards/item_22.png
  artifactKey: Guid(f088c3aa1f9fe5140a0358aec4b84db3) Importer(815301076,1909f56bfc062723c751e8b465ee728b)
Start importing Assets/Custom Assets/Textures/Resources/Sprites/ItemCards/item_22.png using Guid(f088c3aa1f9fe5140a0358aec4b84db3) Importer(815301076,1909f56bfc062723c751e8b465ee728b)  -> (artifact id: 'a93d40515d0ceaac36bf7a0cc39dfabb') in 0.116382 seconds 
========================================================================
Received Import Request.
  Time since last request: 0.000025 seconds.
  path: Assets/Custom Assets/Textures/Resources/Sprites/ItemCards/item_1.png
  artifactKey: Guid(60b8bf06d3c97554596ab2c9b7a4d4f7) Importer(815301076,1909f56bfc062723c751e8b465ee728b)
Start importing Assets/Custom Assets/Textures/Resources/Sprites/ItemCards/item_1.png using Guid(60b8bf06d3c97554596ab2c9b7a4d4f7) Importer(815301076,1909f56bfc062723c751e8b465ee728b)  -> (artifact id: '42a94b208a3c668f732cc70ba9d1d89c') in 0.152933 seconds 
========================================================================
Received Import Request.
  Time since last request: 0.000019 seconds.
  path: Assets/Custom Assets/Textures/Resources/Sprites/ItemCards/item_19.png
  artifactKey: Guid(7c8b90071ea82cd45b333eae4e2fcc14) Importer(815301076,1909f56bfc062723c751e8b465ee728b)
Start importing Assets/Custom Assets/Textures/Resources/Sprites/ItemCards/item_19.png using Guid(7c8b90071ea82cd45b333eae4e2fcc14) Importer(815301076,1909f56bfc062723c751e8b465ee728b)  -> (artifact id: 'a48843cd470a352ebee417fa3e043b9c') in 0.159999 seconds 
========================================================================
Received Import Request.
  Time since last request: 0.000028 seconds.
  path: Assets/Custom Assets/Textures/Resources/Sprites/ItemCards/item_16.png
  artifactKey: Guid(7840d62c55442714396712aaf72487d7) Importer(815301076,1909f56bfc062723c751e8b465ee728b)
Start importing Assets/Custom Assets/Textures/Resources/Sprites/ItemCards/item_16.png using Guid(7840d62c55442714396712aaf72487d7) Importer(815301076,1909f56bfc062723c751e8b465ee728b)  -> (artifact id: 'c0f76929d269e70a473e6dea8de5bc12') in 0.149049 seconds 
========================================================================
Received Import Request.
  Time since last request: 0.000017 seconds.
  path: Assets/Custom Assets/Textures/Resources/Sprites/ItemCards/item_24.png
  artifactKey: Guid(d041d6da45492484bb7fee3de48401ec) Importer(815301076,1909f56bfc062723c751e8b465ee728b)
Start importing Assets/Custom Assets/Textures/Resources/Sprites/ItemCards/item_24.png using Guid(d041d6da45492484bb7fee3de48401ec) Importer(815301076,1909f56bfc062723c751e8b465ee728b)  -> (artifact id: 'a75549fee3ce7b83b0c2aa9079db95a9') in 0.158093 seconds 
========================================================================
Received Import Request.
  Time since last request: 0.000018 seconds.
  path: Assets/Custom Assets/Textures/Resources/Sprites/ItemCards/item_15.png
  artifactKey: Guid(763027d06fd0d9542b7b72a63ff92e5c) Importer(815301076,1909f56bfc062723c751e8b465ee728b)
Start importing Assets/Custom Assets/Textures/Resources/Sprites/ItemCards/item_15.png using Guid(763027d06fd0d9542b7b72a63ff92e5c) Importer(815301076,1909f56bfc062723c751e8b465ee728b)  -> (artifact id: '76d82eae9f91b503f7b3980df6ed7767') in 0.143832 seconds 
========================================================================
Received Import Request.
  Time since last request: 0.000025 seconds.
  path: Assets/Custom Assets/Textures/Resources/Sprites/ItemCards/item_2.png
  artifactKey: Guid(613248efb2fe9384b857a40c89843aa5) Importer(815301076,1909f56bfc062723c751e8b465ee728b)
Start importing Assets/Custom Assets/Textures/Resources/Sprites/ItemCards/item_2.png using Guid(613248efb2fe9384b857a40c89843aa5) Importer(815301076,1909f56bfc062723c751e8b465ee728b)  -> (artifact id: '9e70f043482e08f1e2b9a347c1d03d11') in 0.165656 seconds 
========================================================================
Received Import Request.
  Time since last request: 30.236641 seconds.
  path: Assets/Custom Assets/Prefabs/Gameplay/Phases Scene/Item UI.prefab
  artifactKey: Guid(2c829601498f459458c6fe339958b8a9) Importer(815301076,1909f56bfc062723c751e8b465ee728b)
Start importing Assets/Custom Assets/Prefabs/Gameplay/Phases Scene/Item UI.prefab using Guid(2c829601498f459458c6fe339958b8a9) Importer(815301076,1909f56bfc062723c751e8b465ee728b)  -> (artifact id: '77227066815e1afec47f57b3ebbd33a7') in 0.003622 seconds 
========================================================================
Received Import Request.
  Time since last request: 17.768208 seconds.
  path: Assets/Custom Assets/Prefabs/Gameplay/Phases Scene/ActionW_Actions UnitUI.prefab
  artifactKey: Guid(3830fadcc8b32004cb00d2ec8302d902) Importer(815301076,1909f56bfc062723c751e8b465ee728b)
Start importing Assets/Custom Assets/Prefabs/Gameplay/Phases Scene/ActionW_Actions UnitUI.prefab using Guid(3830fadcc8b32004cb00d2ec8302d902) Importer(815301076,1909f56bfc062723c751e8b465ee728b)  -> (artifact id: '666ed3cc70d5e97426d52c82f04c1f75') in 0.003790 seconds 
========================================================================
Received Import Request.
  Time since last request: 33.136666 seconds.
  path: Assets/Custom Assets/Prefabs/Gameplay/Phases Scene/Item UI.prefab
  artifactKey: Guid(2c829601498f459458c6fe339958b8a9) Importer(815301076,1909f56bfc062723c751e8b465ee728b)
Start importing Assets/Custom Assets/Prefabs/Gameplay/Phases Scene/Item UI.prefab using Guid(2c829601498f459458c6fe339958b8a9) Importer(815301076,1909f56bfc062723c751e8b465ee728b)  -> (artifact id: '31db0be7848e7562fe168a3744f9b56d') in 0.003802 seconds 
========================================================================
Received Import Request.
  Time since last request: 0.984982 seconds.
  path: Assets/Custom Assets/Prefabs/Gameplay/Phases Scene/Item UI.prefab
  artifactKey: Guid(2c829601498f459458c6fe339958b8a9) Importer(815301076,1909f56bfc062723c751e8b465ee728b)
Start importing Assets/Custom Assets/Prefabs/Gameplay/Phases Scene/Item UI.prefab using Guid(2c829601498f459458c6fe339958b8a9) Importer(815301076,1909f56bfc062723c751e8b465ee728b)  -> (artifact id: '32c9c6c482e0e0e74c278f5b1615b727') in 0.003604 seconds 
========================================================================
Received Import Request.
  Time since last request: 6.187927 seconds.
  path: Assets/Custom Assets/Prefabs/Gameplay/Phases Scene/Item UI.prefab
  artifactKey: Guid(2c829601498f459458c6fe339958b8a9) Importer(815301076,1909f56bfc062723c751e8b465ee728b)
Start importing Assets/Custom Assets/Prefabs/Gameplay/Phases Scene/Item UI.prefab using Guid(2c829601498f459458c6fe339958b8a9) Importer(815301076,1909f56bfc062723c751e8b465ee728b)  -> (artifact id: '683720100c241d92ae4caa2e204c1221') in 0.003704 seconds 
========================================================================
Received Import Request.
  Time since last request: 822.204631 seconds.
  path: Assets/Custom Assets/Textures/Resources/Sprites/TakaraCards/t_01.png
  artifactKey: Guid(3f507fd84dfd2c04fa54b549c9b38485) Importer(815301076,1909f56bfc062723c751e8b465ee728b)
Start importing Assets/Custom Assets/Textures/Resources/Sprites/TakaraCards/t_01.png using Guid(3f507fd84dfd2c04fa54b549c9b38485) Importer(815301076,1909f56bfc062723c751e8b465ee728b)  -> (artifact id: 'deac77c6833b41bafb8649f95471ea79') in 0.129750 seconds 
========================================================================
Received Import Request.
  Time since last request: 0.000022 seconds.
  path: Assets/Custom Assets/Textures/Resources/Sprites/TakaraCards/takara_16.png
  artifactKey: Guid(d3d5175f1376e494fa41823f15ade959) Importer(815301076,1909f56bfc062723c751e8b465ee728b)
Start importing Assets/Custom Assets/Textures/Resources/Sprites/TakaraCards/takara_16.png using Guid(d3d5175f1376e494fa41823f15ade959) Importer(815301076,1909f56bfc062723c751e8b465ee728b)  -> (artifact id: '12d73f6b088c17eb770be458421379e1') in 0.183323 seconds 
========================================================================
Received Import Request.
  Time since last request: 0.000030 seconds.
  path: Assets/Custom Assets/Textures/Resources/Sprites/TakaraCards/takara_17.png
  artifactKey: Guid(156b3d9aa60b33a469d116e2e5a91407) Importer(815301076,1909f56bfc062723c751e8b465ee728b)
Start importing Assets/Custom Assets/Textures/Resources/Sprites/TakaraCards/takara_17.png using Guid(156b3d9aa60b33a469d116e2e5a91407) Importer(815301076,1909f56bfc062723c751e8b465ee728b)  -> (artifact id: '164d2989928221c656d433c2ce664179') in 0.152446 seconds 
========================================================================
Received Import Request.
  Time since last request: 0.000026 seconds.
  path: Assets/Custom Assets/Textures/Resources/Sprites/TakaraCards/takara_2.png
  artifactKey: Guid(26e4a3f28af31974c9c21af114fa1d82) Importer(815301076,1909f56bfc062723c751e8b465ee728b)
Start importing Assets/Custom Assets/Textures/Resources/Sprites/TakaraCards/takara_2.png using Guid(26e4a3f28af31974c9c21af114fa1d82) Importer(815301076,1909f56bfc062723c751e8b465ee728b)  -> (artifact id: 'e31c218de6177f5de2a3450b059ea551') in 0.099150 seconds 
========================================================================
Received Import Request.
  Time since last request: 0.000019 seconds.
  path: Assets/Custom Assets/Textures/Resources/Sprites/TakaraCards/takara_12.png
  artifactKey: Guid(d87c1fdb0bffe27438ce2e85e995fab1) Importer(815301076,1909f56bfc062723c751e8b465ee728b)
Start importing Assets/Custom Assets/Textures/Resources/Sprites/TakaraCards/takara_12.png using Guid(d87c1fdb0bffe27438ce2e85e995fab1) Importer(815301076,1909f56bfc062723c751e8b465ee728b)  -> (artifact id: 'b0a4aa16b448fad6660aa9081f34b217') in 0.138766 seconds 
========================================================================
Received Import Request.
  Time since last request: 0.000023 seconds.
  path: Assets/Custom Assets/Textures/Resources/Sprites/TakaraCards/takara_8.png
  artifactKey: Guid(2084fcde76f9fe64882552baad46c666) Importer(815301076,1909f56bfc062723c751e8b465ee728b)
Start importing Assets/Custom Assets/Textures/Resources/Sprites/TakaraCards/takara_8.png using Guid(2084fcde76f9fe64882552baad46c666) Importer(815301076,1909f56bfc062723c751e8b465ee728b)  -> (artifact id: 'e32b4a19a72c01c7f4086f08fec272bd') in 0.162882 seconds 
========================================================================
Received Import Request.
  Time since last request: 0.000026 seconds.
  path: Assets/Custom Assets/Textures/Resources/Sprites/TakaraCards/takara_3.png
  artifactKey: Guid(2cca521a73ba72e4985a0a2bcd20793b) Importer(815301076,1909f56bfc062723c751e8b465ee728b)
Start importing Assets/Custom Assets/Textures/Resources/Sprites/TakaraCards/takara_3.png using Guid(2cca521a73ba72e4985a0a2bcd20793b) Importer(815301076,1909f56bfc062723c751e8b465ee728b)  -> (artifact id: '635e21e2b614058f1971847cb1a7b36d') in 0.113640 seconds 
========================================================================
Received Import Request.
  Time since last request: 0.000018 seconds.
  path: Assets/Custom Assets/Textures/Resources/Sprites/TakaraCards/takara_6.png
  artifactKey: Guid(f6fe0a2d6de242241898bf895049e0ca) Importer(815301076,1909f56bfc062723c751e8b465ee728b)
Start importing Assets/Custom Assets/Textures/Resources/Sprites/TakaraCards/takara_6.png using Guid(f6fe0a2d6de242241898bf895049e0ca) Importer(815301076,1909f56bfc062723c751e8b465ee728b)  -> (artifact id: '6ba56fcba9c0c18d82c133b17b18ec61') in 0.154101 seconds 
========================================================================
Received Import Request.
  Time since last request: 0.000025 seconds.
  path: Assets/Custom Assets/Textures/Resources/Sprites/TakaraCards/takara_11.png
  artifactKey: Guid(3cc982c100427994c9090ac6181e0de9) Importer(815301076,1909f56bfc062723c751e8b465ee728b)
Start importing Assets/Custom Assets/Textures/Resources/Sprites/TakaraCards/takara_11.png using Guid(3cc982c100427994c9090ac6181e0de9) Importer(815301076,1909f56bfc062723c751e8b465ee728b)  -> (artifact id: '7825e387434c2b507002d4c9b7a94d34') in 0.131913 seconds 
Editor requested this worker to shutdown with reason: Scaling down because of idle timeout
AssetImportWorker is now disconnected from the server
Process exiting
Exiting without the bug reporter. Application will terminate with return code 0