Using pre-set license
Built from '2021.3/staging' branch; Version is '2021.3.11f1 (0a5ca18544bf) revision 679073'; Using compiler version '192829333'; Build Type 'Release'
OS: 'Windows 10  (10.0.19042) 64bit Professional' Language: 'en' Physical Memory: 130980 MB
BatchMode: 1, IsHumanControllingUs: 0, StartBugReporterOnCrash: 0, Is64bit: 1, IsPro: 1

COMMAND LINE ARGUMENTS:
C:\Program Files\Unity\Hub\Editor\2021.3.11f1\Editor\Unity.exe
-adb2
-batchMode
-noUpm
-name
AssetImportWorker10
-projectPath
D:/Workspace/Project/5Round
-logFile
Logs/AssetImportWorker10.log
-srvPort
1660
Successfully changed project path to: D:/Workspace/Project/5Round
D:/Workspace/Project/5Round
[UnityMemory] Configuration Parameters - Can be set up in boot.config
    "memorysetup-bucket-allocator-granularity=16"
    "memorysetup-bucket-allocator-bucket-count=8"
    "memorysetup-bucket-allocator-block-size=33554432"
    "memorysetup-bucket-allocator-block-count=8"
    "memorysetup-main-allocator-block-size=16777216"
    "memorysetup-thread-allocator-block-size=16777216"
    "memorysetup-gfx-main-allocator-block-size=16777216"
    "memorysetup-gfx-thread-allocator-block-size=16777216"
    "memorysetup-cache-allocator-block-size=4194304"
    "memorysetup-typetree-allocator-block-size=2097152"
    "memorysetup-profiler-bucket-allocator-granularity=16"
    "memorysetup-profiler-bucket-allocator-bucket-count=8"
    "memorysetup-profiler-bucket-allocator-block-size=33554432"
    "memorysetup-profiler-bucket-allocator-block-count=8"
    "memorysetup-profiler-allocator-block-size=16777216"
    "memorysetup-profiler-editor-allocator-block-size=1048576"
    "memorysetup-temp-allocator-size-main=16777216"
    "memorysetup-job-temp-allocator-block-size=2097152"
    "memorysetup-job-temp-allocator-block-size-background=1048576"
    "memorysetup-job-temp-allocator-reduction-small-platforms=262144"
    "memorysetup-temp-allocator-size-background-worker=32768"
    "memorysetup-temp-allocator-size-job-worker=262144"
    "memorysetup-temp-allocator-size-preload-manager=33554432"
    "memorysetup-temp-allocator-size-nav-mesh-worker=65536"
    "memorysetup-temp-allocator-size-audio-worker=65536"
    "memorysetup-temp-allocator-size-cloud-worker=32768"
    "memorysetup-temp-allocator-size-gi-baking-worker=262144"
    "memorysetup-temp-allocator-size-gfx=262144"
Refreshing native plugins compatible for Editor in 112.54 ms, found 3 plugins.
Preloading 0 native plugins for Editor in 0.00 ms.
Initialize engine version: 2021.3.11f1 (0a5ca18544bf)
[Subsystems] Discovering subsystems at path C:/Program Files/Unity/Hub/Editor/2021.3.11f1/Editor/Data/Resources/UnitySubsystems
[Subsystems] Discovering subsystems at path D:/Workspace/Project/5Round/Assets
GfxDevice: creating device client; threaded=0; jobified=0
Direct3D:
    Version:  Direct3D 11.0 [level 11.1]
    Renderer: Intel(R) UHD Graphics 630 (ID=0x3e98)
    Vendor:   Intel
    VRAM:     65490 MB
    Driver:   27.20.100.8681
Initialize mono
Mono path[0] = 'C:/Program Files/Unity/Hub/Editor/2021.3.11f1/Editor/Data/Managed'
Mono path[1] = 'C:/Program Files/Unity/Hub/Editor/2021.3.11f1/Editor/Data/MonoBleedingEdge/lib/mono/unityjit-win32'
Mono config path = 'C:/Program Files/Unity/Hub/Editor/2021.3.11f1/Editor/Data/MonoBleedingEdge/etc'
Using monoOptions --debugger-agent=transport=dt_socket,embedding=1,server=y,suspend=n,address=127.0.0.1:56564
Begin MonoManager ReloadAssembly
Registering precompiled unity dll's ...
Register platform support module: C:/Program Files/Unity/Hub/Editor/2021.3.11f1/Editor/Data/PlaybackEngines/WebGLSupport/UnityEditor.WebGL.Extensions.dll
Register platform support module: C:/Program Files/Unity/Hub/Editor/2021.3.11f1/Editor/Data/PlaybackEngines/AndroidPlayer/UnityEditor.Android.Extensions.dll
Register platform support module: C:/Program Files/Unity/Hub/Editor/2021.3.11f1/Editor/Data/PlaybackEngines/iOSSupport/UnityEditor.iOS.Extensions.dll
Register platform support module: C:/Program Files/Unity/Hub/Editor/2021.3.11f1/Editor/Data/PlaybackEngines/WindowsStandaloneSupport/UnityEditor.WindowsStandalone.Extensions.dll
Registered in 0.006541 seconds.
Native extension for WindowsStandalone target not found
[usbmuxd] Start listen thread
[usbmuxd] Listen thread started
Native extension for iOS target not found
Native extension for Android target not found
Native extension for WebGL target not found
Refreshing native plugins compatible for Editor in 115.33 ms, found 3 plugins.
Preloading 0 native plugins for Editor in 0.00 ms.
Mono: successfully reloaded assembly
- Completed reload, in  0.840 seconds
Domain Reload Profiling:
	ReloadAssembly (840ms)
		BeginReloadAssembly (94ms)
			ExecutionOrderSort (0ms)
			DisableScriptedObjects (0ms)
			BackupInstance (0ms)
			ReleaseScriptingObjects (0ms)
			CreateAndSetChildDomain (1ms)
		EndReloadAssembly (614ms)
			LoadAssemblies (94ms)
			RebuildTransferFunctionScriptingTraits (0ms)
			SetupTypeCache (153ms)
			ReleaseScriptCaches (0ms)
			RebuildScriptCaches (41ms)
			SetupLoadedEditorAssemblies (357ms)
				LogAssemblyErrors (0ms)
				InitializePlatformSupportModulesInManaged (90ms)
				SetLoadedEditorAssemblies (0ms)
				RefreshPlugins (115ms)
				BeforeProcessingInitializeOnLoad (1ms)
				ProcessInitializeOnLoadAttributes (103ms)
				ProcessInitializeOnLoadMethodAttributes (46ms)
				AfterProcessingInitializeOnLoad (0ms)
				EditorAssembliesLoaded (0ms)
			ExecutionOrderSort2 (0ms)
			AwakeInstancesAfterBackupRestoration (0ms)
Platform modules already initialized, skipping
Registering precompiled user dll's ...
Registered in 0.003860 seconds.
Begin MonoManager ReloadAssembly
Symbol file LoadedFromMemory doesn't match image D:\Workspace\Project\5Round\Library\PackageCache\com.unity.visualscripting@1.7.8\Editor\VisualScripting.Core\Dependencies\YamlDotNet\Unity.VisualScripting.YamlDotNet.dll
Symbol file LoadedFromMemory doesn't match image D:\Workspace\Project\5Round\Library\PackageCache\com.unity.visualscripting@1.7.8\Editor\VisualScripting.Core\Dependencies\DotNetZip\Unity.VisualScripting.IonicZip.dll
Native extension for WindowsStandalone target not found
Native extension for iOS target not found
Native extension for Android target not found
Native extension for WebGL target not found
Refreshing native plugins compatible for Editor in 1.94 ms, found 3 plugins.
Preloading 0 native plugins for Editor in 0.00 ms.
Mono: successfully reloaded assembly
- Completed reload, in  1.244 seconds
Domain Reload Profiling:
	ReloadAssembly (1245ms)
		BeginReloadAssembly (216ms)
			ExecutionOrderSort (0ms)
			DisableScriptedObjects (6ms)
			BackupInstance (0ms)
			ReleaseScriptingObjects (0ms)
			CreateAndSetChildDomain (124ms)
		EndReloadAssembly (914ms)
			LoadAssemblies (81ms)
			RebuildTransferFunctionScriptingTraits (0ms)
			SetupTypeCache (297ms)
			ReleaseScriptCaches (1ms)
			RebuildScriptCaches (79ms)
			SetupLoadedEditorAssemblies (410ms)
				LogAssemblyErrors (0ms)
				InitializePlatformSupportModulesInManaged (31ms)
				SetLoadedEditorAssemblies (1ms)
				RefreshPlugins (2ms)
				BeforeProcessingInitializeOnLoad (106ms)
				ProcessInitializeOnLoadAttributes (236ms)
				ProcessInitializeOnLoadMethodAttributes (30ms)
				AfterProcessingInitializeOnLoad (4ms)
				EditorAssembliesLoaded (0ms)
			ExecutionOrderSort2 (0ms)
			AwakeInstancesAfterBackupRestoration (6ms)
Platform modules already initialized, skipping
========================================================================
Worker process is ready to serve import requests
Launched and connected shader compiler UnityShaderCompiler.exe after 0.03 seconds
Refreshing native plugins compatible for Editor in 0.80 ms, found 3 plugins.
Preloading 0 native plugins for Editor in 0.00 ms.
Unloading 3521 Unused Serialized files (Serialized files now loaded: 0)
Unloading 29 unused Assets / (114.2 KB). Loaded Objects now: 3989.
Memory consumption went from 128.8 MB to 128.7 MB.
Total: 3.809100 ms (FindLiveObjects: 0.328900 ms CreateObjectMapping: 0.213100 ms MarkObjects: 3.131600 ms  DeleteObjects: 0.134700 ms)

AssetImportParameters requested are different than current active one (requested -> active):
  custom:video-decoder-ogg-theora: a1e56fd34408186e4bbccfd4996cb3dc -> 
  custom:container-muxer-webm: aa71ff27fc2769a1b78a27578f13a17b -> 
  custom:container-demuxer-webm: 4f35f7cbe854078d1ac9338744f61a02 -> 
  custom:video-encoder-webm-vp8: eb34c28f22e8b96e1ab97ce403110664 -> 
  custom:audio-encoder-webm-vorbis: bf7c407c2cedff20999df2af8eb42d56 -> 
  custom:framework-win-MediaFoundation: 216162199b28c13a410421893ffa2e32 -> 
  custom:container-demuxer-ogg: 62fdf1f143b41e24485cea50d1cbac27 -> 
  custom:video-decoder-webm-vp8: 9c59270c3fd7afecdb556c50c9e8de78 -> 
  custom:audio-decoder-ogg-vorbis: bf7c407c2cedff20999df2af8eb42d56 -> 
========================================================================
Received Import Request.
  Time since last request: 29741.059772 seconds.
  path: Assets/GUI Mobile Hyper-Casual/Sprites/Additional White Icons/ArrowLeft.png
  artifactKey: Guid(5af9190917698af4db43c30e0a01617e) Importer(815301076,1909f56bfc062723c751e8b465ee728b)
Start importing Assets/GUI Mobile Hyper-Casual/Sprites/Additional White Icons/ArrowLeft.png using Guid(5af9190917698af4db43c30e0a01617e) Importer(815301076,1909f56bfc062723c751e8b465ee728b)  -> (artifact id: '9996b9cad2684403442dfaff54c35c00') in 0.163060 seconds 
========================================================================
Received Import Request.
  Time since last request: 0.000026 seconds.
  path: Assets/GUI Mobile Hyper-Casual/Sprites/Additional White Icons/Help.png
  artifactKey: Guid(e51d51d71c72e82418a15078d9218279) Importer(815301076,1909f56bfc062723c751e8b465ee728b)
Start importing Assets/GUI Mobile Hyper-Casual/Sprites/Additional White Icons/Help.png using Guid(e51d51d71c72e82418a15078d9218279) Importer(815301076,1909f56bfc062723c751e8b465ee728b)  -> (artifact id: '327700ed79b761884632e558f4e0c5f0') in 0.057890 seconds 
========================================================================
Received Import Request.
  Time since last request: 0.000032 seconds.
  path: Assets/GUI Mobile Hyper-Casual/Sprites/Additional White Icons/Next.png
  artifactKey: Guid(f3e824ec048eb7a4ea2c6e8ecfb8c5ac) Importer(815301076,1909f56bfc062723c751e8b465ee728b)
Start importing Assets/GUI Mobile Hyper-Casual/Sprites/Additional White Icons/Next.png using Guid(f3e824ec048eb7a4ea2c6e8ecfb8c5ac) Importer(815301076,1909f56bfc062723c751e8b465ee728b)  -> (artifact id: '58f3a01e4a0f81b623e0d6d692d97180') in 0.036172 seconds 
========================================================================
Received Import Request.
  Time since last request: 0.000018 seconds.
  path: Assets/GUI Mobile Hyper-Casual/Sprites/Additional White Icons/Mail.png
  artifactKey: Guid(4185c8890e883424b8409a55824fe54f) Importer(815301076,1909f56bfc062723c751e8b465ee728b)
Start importing Assets/GUI Mobile Hyper-Casual/Sprites/Additional White Icons/Mail.png using Guid(4185c8890e883424b8409a55824fe54f) Importer(815301076,1909f56bfc062723c751e8b465ee728b)  -> (artifact id: 'b4ae9e5da743f8e99514e2e77edb39f9') in 0.101116 seconds 
========================================================================
Received Import Request.
  Time since last request: 0.000038 seconds.
  path: Assets/GUI Mobile Hyper-Casual/Sprites/Additional White Icons/Stop.png
  artifactKey: Guid(17220b77849d6d847a823a94227965b1) Importer(815301076,1909f56bfc062723c751e8b465ee728b)
Start importing Assets/GUI Mobile Hyper-Casual/Sprites/Additional White Icons/Stop.png using Guid(17220b77849d6d847a823a94227965b1) Importer(815301076,1909f56bfc062723c751e8b465ee728b)  -> (artifact id: '0a4829e3baa2f67caf5209920ca57eaa') in 0.061839 seconds 
========================================================================
Received Import Request.
  Time since last request: 0.000027 seconds.
  path: Assets/GUI Mobile Hyper-Casual/Sprites/Additional White Icons/Level.png
  artifactKey: Guid(afb809b193378db4f9e60f54eadb3ce5) Importer(815301076,1909f56bfc062723c751e8b465ee728b)
Start importing Assets/GUI Mobile Hyper-Casual/Sprites/Additional White Icons/Level.png using Guid(afb809b193378db4f9e60f54eadb3ce5) Importer(815301076,1909f56bfc062723c751e8b465ee728b)  -> (artifact id: '443ab74d251fc39129ff5b14d33524ab') in 0.027156 seconds 
========================================================================
Received Import Request.
  Time since last request: 0.000030 seconds.
  path: Assets/GUI Mobile Hyper-Casual/Sprites/Additional White Icons/Settings.png
  artifactKey: Guid(d8ae3c17487fd034e8b7b6f782d98260) Importer(815301076,1909f56bfc062723c751e8b465ee728b)
Start importing Assets/GUI Mobile Hyper-Casual/Sprites/Additional White Icons/Settings.png using Guid(d8ae3c17487fd034e8b7b6f782d98260) Importer(815301076,1909f56bfc062723c751e8b465ee728b)  -> (artifact id: '4beaeefe6528c36529c937b19adebf34') in 0.058152 seconds 
========================================================================
Received Import Request.
  Time since last request: 0.000019 seconds.
  path: Assets/GUI Mobile Hyper-Casual/Sprites/Additional White Icons/Trophy.png
  artifactKey: Guid(622512446a2443f4da7ba1ca9c089e2c) Importer(815301076,1909f56bfc062723c751e8b465ee728b)
Start importing Assets/GUI Mobile Hyper-Casual/Sprites/Additional White Icons/Trophy.png using Guid(622512446a2443f4da7ba1ca9c089e2c) Importer(815301076,1909f56bfc062723c751e8b465ee728b)  -> (artifact id: '19ec5c2a4a864ef108efbeb280f80d24') in 0.071133 seconds 
========================================================================
Received Import Request.
  Time since last request: 4.607058 seconds.
  path: Assets/GUI Mobile Hyper-Casual/Sprites/Sprites by Menu/In Game-assets/2.png
  artifactKey: Guid(5cb029aab0fa27144a51693e87da6a79) Importer(815301076,1909f56bfc062723c751e8b465ee728b)
Start importing Assets/GUI Mobile Hyper-Casual/Sprites/Sprites by Menu/In Game-assets/2.png using Guid(5cb029aab0fa27144a51693e87da6a79) Importer(815301076,1909f56bfc062723c751e8b465ee728b)  -> (artifact id: '02a8901f554aaef2b54003c7c78812c5') in 0.016871 seconds 
========================================================================
Received Import Request.
  Time since last request: 0.000018 seconds.
  path: Assets/GUI Mobile Hyper-Casual/Sprites/Sprites by Menu/In Game-assets/10.png
  artifactKey: Guid(c19ccab772ebac34f921875c28d7678f) Importer(815301076,1909f56bfc062723c751e8b465ee728b)
Start importing Assets/GUI Mobile Hyper-Casual/Sprites/Sprites by Menu/In Game-assets/10.png using Guid(c19ccab772ebac34f921875c28d7678f) Importer(815301076,1909f56bfc062723c751e8b465ee728b)  -> (artifact id: '0e4438abed175f29637e2ec1dc94cd7d') in 0.104746 seconds 
========================================================================
Received Import Request.
  Time since last request: 0.000056 seconds.
  path: Assets/GUI Mobile Hyper-Casual/Sprites/Sprites by Menu/In Game-assets/Progress Bar In Game 1.png
  artifactKey: Guid(278dc0cf2bfc2d44d90e3ea8d2f6b838) Importer(815301076,1909f56bfc062723c751e8b465ee728b)
Start importing Assets/GUI Mobile Hyper-Casual/Sprites/Sprites by Menu/In Game-assets/Progress Bar In Game 1.png using Guid(278dc0cf2bfc2d44d90e3ea8d2f6b838) Importer(815301076,1909f56bfc062723c751e8b465ee728b)  -> (artifact id: '86035dedf806e345e24c73939ab86a03') in 0.083867 seconds 
========================================================================
Received Import Request.
  Time since last request: 0.000031 seconds.
  path: Assets/GUI Mobile Hyper-Casual/Sprites/Sprites by Menu/In Game-assets/Background Rectangle Progress Bar.png
  artifactKey: Guid(06e3d25b5cb2418409a5a6036e2d3ae9) Importer(815301076,1909f56bfc062723c751e8b465ee728b)
Start importing Assets/GUI Mobile Hyper-Casual/Sprites/Sprites by Menu/In Game-assets/Background Rectangle Progress Bar.png using Guid(06e3d25b5cb2418409a5a6036e2d3ae9) Importer(815301076,1909f56bfc062723c751e8b465ee728b)  -> (artifact id: '116e2e8f7ba2745de9f0cb508f081319') in 0.048133 seconds 
========================================================================
Received Import Request.
  Time since last request: 0.000082 seconds.
  path: Assets/GUI Mobile Hyper-Casual/Sprites/Sprites by Menu/In Game-assets/Background tuto.png
  artifactKey: Guid(c97273a5e6cc0f245afcbf0afed64adf) Importer(815301076,1909f56bfc062723c751e8b465ee728b)
Start importing Assets/GUI Mobile Hyper-Casual/Sprites/Sprites by Menu/In Game-assets/Background tuto.png using Guid(c97273a5e6cc0f245afcbf0afed64adf) Importer(815301076,1909f56bfc062723c751e8b465ee728b)  -> (artifact id: '6e8395d20344de92846fe5678d90d3ff') in 0.040424 seconds 
========================================================================
Received Import Request.
  Time since last request: 0.000036 seconds.
  path: Assets/GUI Mobile Hyper-Casual/Sprites/Sprites by Menu/In Game-assets/Background Progress Bar in game.png
  artifactKey: Guid(7cc3b324388be164a80befd8ea03dcbb) Importer(815301076,1909f56bfc062723c751e8b465ee728b)
Start importing Assets/GUI Mobile Hyper-Casual/Sprites/Sprites by Menu/In Game-assets/Background Progress Bar in game.png using Guid(7cc3b324388be164a80befd8ea03dcbb) Importer(815301076,1909f56bfc062723c751e8b465ee728b)  -> (artifact id: '0c421e0d7ba751714e56c9867492f5c1') in 0.031457 seconds 
========================================================================
Received Import Request.
  Time since last request: 0.000026 seconds.
  path: Assets/GUI Mobile Hyper-Casual/Sprites/Sprites by Menu/In Game-assets/100c.png
  artifactKey: Guid(bafdcfb8288258542bb1c6643e182b33) Importer(815301076,1909f56bfc062723c751e8b465ee728b)
Start importing Assets/GUI Mobile Hyper-Casual/Sprites/Sprites by Menu/In Game-assets/100c.png using Guid(bafdcfb8288258542bb1c6643e182b33) Importer(815301076,1909f56bfc062723c751e8b465ee728b)  -> (artifact id: '7b55e391137a41f87f18d5c2c6cc67b9') in 0.038227 seconds 
========================================================================
Received Import Request.
  Time since last request: 0.000021 seconds.
  path: Assets/GUI Mobile Hyper-Casual/Sprites/Sprites by Menu/In Game-assets/Bar Progress in game yellow.png
  artifactKey: Guid(9320dce57bba0e346afa7da9d1a62ae6) Importer(815301076,1909f56bfc062723c751e8b465ee728b)
Start importing Assets/GUI Mobile Hyper-Casual/Sprites/Sprites by Menu/In Game-assets/Bar Progress in game yellow.png using Guid(9320dce57bba0e346afa7da9d1a62ae6) Importer(815301076,1909f56bfc062723c751e8b465ee728b)  -> (artifact id: 'c4e395a407788d732c02ae74e40f675c') in 0.030478 seconds 
Editor requested this worker to shutdown with reason: Scaling down because of idle timeout
AssetImportWorker is now disconnected from the server
Process exiting
Exiting without the bug reporter. Application will terminate with return code 0