Using pre-set license
Built from '2021.3/staging' branch; Version is '2021.3.11f1 (0a5ca18544bf) revision 679073'; Using compiler version '192829333'; Build Type 'Release'
OS: 'Windows 10  (10.0.19042) 64bit Professional' Language: 'en' Physical Memory: 130980 MB
BatchMode: 1, IsHumanControllingUs: 0, StartBugReporterOnCrash: 0, Is64bit: 1, IsPro: 1

COMMAND LINE ARGUMENTS:
C:\Program Files\Unity\Hub\Editor\2021.3.11f1\Editor\Unity.exe
-adb2
-batchMode
-noUpm
-name
AssetImportWorker2
-projectPath
D:/Workspace/Project/5Round
-logFile
Logs/AssetImportWorker2.log
-srvPort
1660
Successfully changed project path to: D:/Workspace/Project/5Round
D:/Workspace/Project/5Round
[UnityMemory] Configuration Parameters - Can be set up in boot.config
    "memorysetup-bucket-allocator-granularity=16"
    "memorysetup-bucket-allocator-bucket-count=8"
    "memorysetup-bucket-allocator-block-size=33554432"
    "memorysetup-bucket-allocator-block-count=8"
    "memorysetup-main-allocator-block-size=16777216"
    "memorysetup-thread-allocator-block-size=16777216"
    "memorysetup-gfx-main-allocator-block-size=16777216"
    "memorysetup-gfx-thread-allocator-block-size=16777216"
    "memorysetup-cache-allocator-block-size=4194304"
    "memorysetup-typetree-allocator-block-size=2097152"
    "memorysetup-profiler-bucket-allocator-granularity=16"
    "memorysetup-profiler-bucket-allocator-bucket-count=8"
    "memorysetup-profiler-bucket-allocator-block-size=33554432"
    "memorysetup-profiler-bucket-allocator-block-count=8"
    "memorysetup-profiler-allocator-block-size=16777216"
    "memorysetup-profiler-editor-allocator-block-size=1048576"
    "memorysetup-temp-allocator-size-main=16777216"
    "memorysetup-job-temp-allocator-block-size=2097152"
    "memorysetup-job-temp-allocator-block-size-background=1048576"
    "memorysetup-job-temp-allocator-reduction-small-platforms=262144"
    "memorysetup-temp-allocator-size-background-worker=32768"
    "memorysetup-temp-allocator-size-job-worker=262144"
    "memorysetup-temp-allocator-size-preload-manager=33554432"
    "memorysetup-temp-allocator-size-nav-mesh-worker=65536"
    "memorysetup-temp-allocator-size-audio-worker=65536"
    "memorysetup-temp-allocator-size-cloud-worker=32768"
    "memorysetup-temp-allocator-size-gi-baking-worker=262144"
    "memorysetup-temp-allocator-size-gfx=262144"
Refreshing native plugins compatible for Editor in 110.00 ms, found 3 plugins.
Preloading 0 native plugins for Editor in 0.00 ms.
Initialize engine version: 2021.3.11f1 (0a5ca18544bf)
[Subsystems] Discovering subsystems at path C:/Program Files/Unity/Hub/Editor/2021.3.11f1/Editor/Data/Resources/UnitySubsystems
[Subsystems] Discovering subsystems at path D:/Workspace/Project/5Round/Assets
GfxDevice: creating device client; threaded=0; jobified=0
Direct3D:
    Version:  Direct3D 11.0 [level 11.1]
    Renderer: Intel(R) UHD Graphics 630 (ID=0x3e98)
    Vendor:   Intel
    VRAM:     65490 MB
    Driver:   27.20.100.8681
Initialize mono
Mono path[0] = 'C:/Program Files/Unity/Hub/Editor/2021.3.11f1/Editor/Data/Managed'
Mono path[1] = 'C:/Program Files/Unity/Hub/Editor/2021.3.11f1/Editor/Data/MonoBleedingEdge/lib/mono/unityjit-win32'
Mono config path = 'C:/Program Files/Unity/Hub/Editor/2021.3.11f1/Editor/Data/MonoBleedingEdge/etc'
Using monoOptions --debugger-agent=transport=dt_socket,embedding=1,server=y,suspend=n,address=127.0.0.1:56360
Begin MonoManager ReloadAssembly
Registering precompiled unity dll's ...
Register platform support module: C:/Program Files/Unity/Hub/Editor/2021.3.11f1/Editor/Data/PlaybackEngines/WebGLSupport/UnityEditor.WebGL.Extensions.dll
Register platform support module: C:/Program Files/Unity/Hub/Editor/2021.3.11f1/Editor/Data/PlaybackEngines/AndroidPlayer/UnityEditor.Android.Extensions.dll
Register platform support module: C:/Program Files/Unity/Hub/Editor/2021.3.11f1/Editor/Data/PlaybackEngines/iOSSupport/UnityEditor.iOS.Extensions.dll
Register platform support module: C:/Program Files/Unity/Hub/Editor/2021.3.11f1/Editor/Data/PlaybackEngines/WindowsStandaloneSupport/UnityEditor.WindowsStandalone.Extensions.dll
Registered in 0.005775 seconds.
Native extension for WindowsStandalone target not found
[usbmuxd] Start listen thread
[usbmuxd] Listen thread started
Native extension for iOS target not found
Native extension for Android target not found
Native extension for WebGL target not found
Refreshing native plugins compatible for Editor in 96.95 ms, found 3 plugins.
Preloading 0 native plugins for Editor in 0.00 ms.
Mono: successfully reloaded assembly
- Completed reload, in  0.669 seconds
Domain Reload Profiling:
	ReloadAssembly (669ms)
		BeginReloadAssembly (68ms)
			ExecutionOrderSort (0ms)
			DisableScriptedObjects (0ms)
			BackupInstance (0ms)
			ReleaseScriptingObjects (0ms)
			CreateAndSetChildDomain (1ms)
		EndReloadAssembly (495ms)
			LoadAssemblies (68ms)
			RebuildTransferFunctionScriptingTraits (0ms)
			SetupTypeCache (112ms)
			ReleaseScriptCaches (0ms)
			RebuildScriptCaches (28ms)
			SetupLoadedEditorAssemblies (306ms)
				LogAssemblyErrors (0ms)
				InitializePlatformSupportModulesInManaged (65ms)
				SetLoadedEditorAssemblies (0ms)
				RefreshPlugins (97ms)
				BeforeProcessingInitializeOnLoad (1ms)
				ProcessInitializeOnLoadAttributes (98ms)
				ProcessInitializeOnLoadMethodAttributes (44ms)
				AfterProcessingInitializeOnLoad (0ms)
				EditorAssembliesLoaded (0ms)
			ExecutionOrderSort2 (0ms)
			AwakeInstancesAfterBackupRestoration (0ms)
Platform modules already initialized, skipping
Registering precompiled user dll's ...
Registered in 0.003930 seconds.
Begin MonoManager ReloadAssembly
Symbol file LoadedFromMemory doesn't match image D:\Workspace\Project\5Round\Library\PackageCache\com.unity.visualscripting@1.7.8\Editor\VisualScripting.Core\Dependencies\YamlDotNet\Unity.VisualScripting.YamlDotNet.dll
Symbol file LoadedFromMemory doesn't match image D:\Workspace\Project\5Round\Library\PackageCache\com.unity.visualscripting@1.7.8\Editor\VisualScripting.Core\Dependencies\DotNetZip\Unity.VisualScripting.IonicZip.dll
Native extension for WindowsStandalone target not found
Native extension for iOS target not found
Native extension for Android target not found
Native extension for WebGL target not found
Refreshing native plugins compatible for Editor in 0.82 ms, found 3 plugins.
Preloading 0 native plugins for Editor in 0.00 ms.
Mono: successfully reloaded assembly
- Completed reload, in  1.140 seconds
Domain Reload Profiling:
	ReloadAssembly (1140ms)
		BeginReloadAssembly (210ms)
			ExecutionOrderSort (0ms)
			DisableScriptedObjects (6ms)
			BackupInstance (0ms)
			ReleaseScriptingObjects (0ms)
			CreateAndSetChildDomain (125ms)
		EndReloadAssembly (819ms)
			LoadAssemblies (75ms)
			RebuildTransferFunctionScriptingTraits (0ms)
			SetupTypeCache (271ms)
			ReleaseScriptCaches (1ms)
			RebuildScriptCaches (53ms)
			SetupLoadedEditorAssemblies (378ms)
				LogAssemblyErrors (0ms)
				InitializePlatformSupportModulesInManaged (24ms)
				SetLoadedEditorAssemblies (0ms)
				RefreshPlugins (1ms)
				BeforeProcessingInitializeOnLoad (87ms)
				ProcessInitializeOnLoadAttributes (234ms)
				ProcessInitializeOnLoadMethodAttributes (28ms)
				AfterProcessingInitializeOnLoad (4ms)
				EditorAssembliesLoaded (0ms)
			ExecutionOrderSort2 (0ms)
			AwakeInstancesAfterBackupRestoration (5ms)
Platform modules already initialized, skipping
========================================================================
Worker process is ready to serve import requests
Launched and connected shader compiler UnityShaderCompiler.exe after 0.03 seconds
Refreshing native plugins compatible for Editor in 0.85 ms, found 3 plugins.
Preloading 0 native plugins for Editor in 0.00 ms.
Unloading 3516 Unused Serialized files (Serialized files now loaded: 0)
Unloading 29 unused Assets / (114.2 KB). Loaded Objects now: 3984.
Memory consumption went from 128.6 MB to 128.5 MB.
Total: 3.616600 ms (FindLiveObjects: 0.311800 ms CreateObjectMapping: 0.158400 ms MarkObjects: 3.031000 ms  DeleteObjects: 0.114700 ms)

AssetImportParameters requested are different than current active one (requested -> active):
  custom:video-decoder-ogg-theora: a1e56fd34408186e4bbccfd4996cb3dc -> 
  custom:container-muxer-webm: aa71ff27fc2769a1b78a27578f13a17b -> 
  custom:container-demuxer-webm: 4f35f7cbe854078d1ac9338744f61a02 -> 
  custom:video-encoder-webm-vp8: eb34c28f22e8b96e1ab97ce403110664 -> 
  custom:audio-encoder-webm-vorbis: bf7c407c2cedff20999df2af8eb42d56 -> 
  custom:framework-win-MediaFoundation: 216162199b28c13a410421893ffa2e32 -> 
  custom:container-demuxer-ogg: 62fdf1f143b41e24485cea50d1cbac27 -> 
  custom:video-decoder-webm-vp8: 9c59270c3fd7afecdb556c50c9e8de78 -> 
  custom:audio-decoder-ogg-vorbis: bf7c407c2cedff20999df2af8eb42d56 -> 
========================================================================
Received Import Request.
  Time since last request: 16054.625589 seconds.
  path: Assets/Custom Assets/Prefabs/Gameplay
  artifactKey: Guid(f7194526bd076844fa4450dc940faa6e) Importer(815301076,1909f56bfc062723c751e8b465ee728b)
Start importing Assets/Custom Assets/Prefabs/Gameplay using Guid(f7194526bd076844fa4450dc940faa6e) Importer(815301076,1909f56bfc062723c751e8b465ee728b)  -> (artifact id: 'ada41d2bdb472e432efc2d7c073e614b') in 0.009862 seconds 
========================================================================
Received Import Request.
  Time since last request: 5.597361 seconds.
  path: Assets/Custom Assets/Prefabs/Gameplay/Phases
  artifactKey: Guid(fd47a42a3cb44f740944355f3b7dac5b) Importer(815301076,1909f56bfc062723c751e8b465ee728b)
Start importing Assets/Custom Assets/Prefabs/Gameplay/Phases using Guid(fd47a42a3cb44f740944355f3b7dac5b) Importer(815301076,1909f56bfc062723c751e8b465ee728b)  -> (artifact id: 'b5b17cb6684f1c11a5f4705615aa1daa') in 0.001021 seconds 
========================================================================
Received Import Request.
  Time since last request: 17.401311 seconds.
  path: Assets/Custom Assets/Prefabs/Gameplay/Phases/UnitCard Panel.prefab
  artifactKey: Guid(df05b1bbab5da4d4f95eaa26dd94999c) Importer(815301076,1909f56bfc062723c751e8b465ee728b)
Start importing Assets/Custom Assets/Prefabs/Gameplay/Phases/UnitCard Panel.prefab using Guid(df05b1bbab5da4d4f95eaa26dd94999c) Importer(815301076,1909f56bfc062723c751e8b465ee728b)  -> (artifact id: '09a8422de480cd4227061a7cd7a7880b') in 0.192543 seconds 
========================================================================
Received Import Request.
  Time since last request: 24.747145 seconds.
  path: Assets/Custom Assets/Textures/Resources/Sprites/UnitCards/unit_x1.png
  artifactKey: Guid(b13887ab73a268a42a865f3cf0cc8a3d) Importer(815301076,1909f56bfc062723c751e8b465ee728b)
Start importing Assets/Custom Assets/Textures/Resources/Sprites/UnitCards/unit_x1.png using Guid(b13887ab73a268a42a865f3cf0cc8a3d) Importer(815301076,1909f56bfc062723c751e8b465ee728b)  -> (artifact id: '1a133fd883cdd6d493ea54947c368b65') in 0.092359 seconds 
========================================================================
Received Import Request.
  Time since last request: 1.284188 seconds.
  path: Assets/Custom Assets/Textures/Resources/Sprites/UnitCards/unit_u29.png
  artifactKey: Guid(e172761248570d34e97df5cdf1e95a73) Importer(815301076,1909f56bfc062723c751e8b465ee728b)
Start importing Assets/Custom Assets/Textures/Resources/Sprites/UnitCards/unit_u29.png using Guid(e172761248570d34e97df5cdf1e95a73) Importer(815301076,1909f56bfc062723c751e8b465ee728b)  -> (artifact id: '0f42ff1dafb35b41571e8e262b484931') in 0.121735 seconds 
========================================================================
Received Import Request.
  Time since last request: 0.000018 seconds.
  path: Assets/Custom Assets/Textures/Resources/Sprites/UnitCards/unit_u37.png
  artifactKey: Guid(6b694650eaa9d994f837c0cbe7d69ade) Importer(815301076,1909f56bfc062723c751e8b465ee728b)
Start importing Assets/Custom Assets/Textures/Resources/Sprites/UnitCards/unit_u37.png using Guid(6b694650eaa9d994f837c0cbe7d69ade) Importer(815301076,1909f56bfc062723c751e8b465ee728b)  -> (artifact id: '3b3adde4f2e008e6b3ce32e8fd7dd4b3') in 0.151059 seconds 
========================================================================
Received Import Request.
  Time since last request: 0.000020 seconds.
  path: Assets/Custom Assets/Textures/Resources/Sprites/UnitCards/unit_u39.png
  artifactKey: Guid(10624efb2f91f30418a5ec49a677a08c) Importer(815301076,1909f56bfc062723c751e8b465ee728b)
Start importing Assets/Custom Assets/Textures/Resources/Sprites/UnitCards/unit_u39.png using Guid(10624efb2f91f30418a5ec49a677a08c) Importer(815301076,1909f56bfc062723c751e8b465ee728b)  -> (artifact id: '8c860e2a0d69d37134a9499eae2711a7') in 0.160881 seconds 
========================================================================
Received Import Request.
  Time since last request: 0.000037 seconds.
  path: Assets/Custom Assets/Textures/Resources/Sprites/UnitCards/unit_x5.png
  artifactKey: Guid(2095922c272e56e4682d9729f67b5773) Importer(815301076,1909f56bfc062723c751e8b465ee728b)
Start importing Assets/Custom Assets/Textures/Resources/Sprites/UnitCards/unit_x5.png using Guid(2095922c272e56e4682d9729f67b5773) Importer(815301076,1909f56bfc062723c751e8b465ee728b)  -> (artifact id: '8c126bced69968e970805c3581ffd71a') in 0.156084 seconds 
========================================================================
Received Import Request.
  Time since last request: 0.000030 seconds.
  path: Assets/Custom Assets/Textures/Resources/Sprites/UnitCards/unit_u36.png
  artifactKey: Guid(054cce1d91204b8468d22cea73fff33f) Importer(815301076,1909f56bfc062723c751e8b465ee728b)
Start importing Assets/Custom Assets/Textures/Resources/Sprites/UnitCards/unit_u36.png using Guid(054cce1d91204b8468d22cea73fff33f) Importer(815301076,1909f56bfc062723c751e8b465ee728b)  -> (artifact id: '59d0c61cefb6c3dd7591be635980df58') in 0.121722 seconds 
========================================================================
Received Import Request.
  Time since last request: 0.000022 seconds.
  path: Assets/Custom Assets/Textures/Resources/Sprites/UnitCards/unit_u31.png
  artifactKey: Guid(0299574fc4cc00449894658434d92a76) Importer(815301076,1909f56bfc062723c751e8b465ee728b)
Start importing Assets/Custom Assets/Textures/Resources/Sprites/UnitCards/unit_u31.png using Guid(0299574fc4cc00449894658434d92a76) Importer(815301076,1909f56bfc062723c751e8b465ee728b)  -> (artifact id: 'eb341b5c3eba30e25cb2752268743af9') in 0.105672 seconds 
========================================================================
Received Import Request.
  Time since last request: 0.000028 seconds.
  path: Assets/Custom Assets/Textures/Resources/Sprites/UnitCards/unit_u38.png
  artifactKey: Guid(e2197bad688ede544961a1602179045a) Importer(815301076,1909f56bfc062723c751e8b465ee728b)
Start importing Assets/Custom Assets/Textures/Resources/Sprites/UnitCards/unit_u38.png using Guid(e2197bad688ede544961a1602179045a) Importer(815301076,1909f56bfc062723c751e8b465ee728b)  -> (artifact id: 'dd650b4e50c3ed27f39a62ca15b5dda3') in 0.116591 seconds 
========================================================================
Received Import Request.
  Time since last request: 0.000019 seconds.
  path: Assets/Custom Assets/Textures/Resources/Sprites/UnitCards/unit_u32.png
  artifactKey: Guid(b3ed979886d62e84d838058e28265b1b) Importer(815301076,1909f56bfc062723c751e8b465ee728b)
Start importing Assets/Custom Assets/Textures/Resources/Sprites/UnitCards/unit_u32.png using Guid(b3ed979886d62e84d838058e28265b1b) Importer(815301076,1909f56bfc062723c751e8b465ee728b)  -> (artifact id: 'f97f9b6b46d920b1aa44c7b38df0ebae') in 0.121116 seconds 
========================================================================
Received Import Request.
  Time since last request: 0.000026 seconds.
  path: Assets/Custom Assets/Textures/Resources/Sprites/UnitCards/unit_u35.png
  artifactKey: Guid(0866b445363d3654885f647e8d06952f) Importer(815301076,1909f56bfc062723c751e8b465ee728b)
Start importing Assets/Custom Assets/Textures/Resources/Sprites/UnitCards/unit_u35.png using Guid(0866b445363d3654885f647e8d06952f) Importer(815301076,1909f56bfc062723c751e8b465ee728b)  -> (artifact id: '961d9a81c171e18d3c29b65e3b70d045') in 0.107056 seconds 
========================================================================
Received Import Request.
  Time since last request: 1.474020 seconds.
  path: Assets/Custom Assets/Textures/Resources/Sprites/UnitCards/unit_u17.png
  artifactKey: Guid(17b7f0acf2d3d844faa8511e8d608fed) Importer(815301076,1909f56bfc062723c751e8b465ee728b)
Start importing Assets/Custom Assets/Textures/Resources/Sprites/UnitCards/unit_u17.png using Guid(17b7f0acf2d3d844faa8511e8d608fed) Importer(815301076,1909f56bfc062723c751e8b465ee728b)  -> (artifact id: 'd798d567973e178bb3d59fd7c53572fa') in 0.106081 seconds 
========================================================================
Received Import Request.
  Time since last request: 0.000022 seconds.
  path: Assets/Custom Assets/Textures/Resources/Sprites/UnitCards/unit_u25.png
  artifactKey: Guid(695b2eeeef3938f4cb075b705e85a171) Importer(815301076,1909f56bfc062723c751e8b465ee728b)
Start importing Assets/Custom Assets/Textures/Resources/Sprites/UnitCards/unit_u25.png using Guid(695b2eeeef3938f4cb075b705e85a171) Importer(815301076,1909f56bfc062723c751e8b465ee728b)  -> (artifact id: '1b5d28f67a9e7f3f0274e842a92cff30') in 0.110527 seconds 
========================================================================
Received Import Request.
  Time since last request: 0.000021 seconds.
  path: Assets/Custom Assets/Textures/Resources/Sprites/UnitCards/unit_u23.png
  artifactKey: Guid(717588d9bb4c8b24faa490de36bc6cbd) Importer(815301076,1909f56bfc062723c751e8b465ee728b)
Start importing Assets/Custom Assets/Textures/Resources/Sprites/UnitCards/unit_u23.png using Guid(717588d9bb4c8b24faa490de36bc6cbd) Importer(815301076,1909f56bfc062723c751e8b465ee728b)  -> (artifact id: '45dcdc81a991ac9205db0d82e0722688') in 0.105703 seconds 
========================================================================
Received Import Request.
  Time since last request: 0.000033 seconds.
  path: Assets/Custom Assets/Textures/Resources/Sprites/UnitCards/unit_u24.png
  artifactKey: Guid(7cdb1adc6b696354e89feeac7653d8b7) Importer(815301076,1909f56bfc062723c751e8b465ee728b)
Start importing Assets/Custom Assets/Textures/Resources/Sprites/UnitCards/unit_u24.png using Guid(7cdb1adc6b696354e89feeac7653d8b7) Importer(815301076,1909f56bfc062723c751e8b465ee728b)  -> (artifact id: '819fb6da0050d5214ee61bcad4d04e1a') in 0.098800 seconds 
========================================================================
Received Import Request.
  Time since last request: 0.000018 seconds.
  path: Assets/Custom Assets/Textures/Resources/Sprites/UnitCards/unit_u20.png
  artifactKey: Guid(363d3fbafbae4f64cbe9120719e4e092) Importer(815301076,1909f56bfc062723c751e8b465ee728b)
Start importing Assets/Custom Assets/Textures/Resources/Sprites/UnitCards/unit_u20.png using Guid(363d3fbafbae4f64cbe9120719e4e092) Importer(815301076,1909f56bfc062723c751e8b465ee728b)  -> (artifact id: '74b83b6e78e486ee3e63bb36fccee6ed') in 0.110210 seconds 
========================================================================
Received Import Request.
  Time since last request: 0.000021 seconds.
  path: Assets/Custom Assets/Textures/Resources/Sprites/UnitCards/unit_u19.png
  artifactKey: Guid(258951c370b1b014b8606dda031def52) Importer(815301076,1909f56bfc062723c751e8b465ee728b)
Start importing Assets/Custom Assets/Textures/Resources/Sprites/UnitCards/unit_u19.png using Guid(258951c370b1b014b8606dda031def52) Importer(815301076,1909f56bfc062723c751e8b465ee728b)  -> (artifact id: 'fa849bc1b935dd90b3cae9224c891d49') in 0.111773 seconds 
Editor requested this worker to shutdown with reason: Scaling down because of idle timeout
AssetImportWorker is now disconnected from the server
Process exiting
Exiting without the bug reporter. Application will terminate with return code 0