Using pre-set license
Built from '2021.3/staging' branch; Version is '2021.3.11f1 (0a5ca18544bf) revision 679073'; Using compiler version '192829333'; Build Type 'Release'
OS: 'Windows 10  (10.0.19042) 64bit Professional' Language: 'en' Physical Memory: 130980 MB
BatchMode: 1, IsHumanControllingUs: 0, StartBugReporterOnCrash: 0, Is64bit: 1, IsPro: 1

COMMAND LINE ARGUMENTS:
C:\Program Files\Unity\Hub\Editor\2021.3.11f1\Editor\Unity.exe
-adb2
-batchMode
-noUpm
-name
AssetImportWorker7
-projectPath
D:/Workspace/Project/5Round
-logFile
Logs/AssetImportWorker7.log
-srvPort
1660
Successfully changed project path to: D:/Workspace/Project/5Round
D:/Workspace/Project/5Round
[UnityMemory] Configuration Parameters - Can be set up in boot.config
    "memorysetup-bucket-allocator-granularity=16"
    "memorysetup-bucket-allocator-bucket-count=8"
    "memorysetup-bucket-allocator-block-size=33554432"
    "memorysetup-bucket-allocator-block-count=8"
    "memorysetup-main-allocator-block-size=16777216"
    "memorysetup-thread-allocator-block-size=16777216"
    "memorysetup-gfx-main-allocator-block-size=16777216"
    "memorysetup-gfx-thread-allocator-block-size=16777216"
    "memorysetup-cache-allocator-block-size=4194304"
    "memorysetup-typetree-allocator-block-size=2097152"
    "memorysetup-profiler-bucket-allocator-granularity=16"
    "memorysetup-profiler-bucket-allocator-bucket-count=8"
    "memorysetup-profiler-bucket-allocator-block-size=33554432"
    "memorysetup-profiler-bucket-allocator-block-count=8"
    "memorysetup-profiler-allocator-block-size=16777216"
    "memorysetup-profiler-editor-allocator-block-size=1048576"
    "memorysetup-temp-allocator-size-main=16777216"
    "memorysetup-job-temp-allocator-block-size=2097152"
    "memorysetup-job-temp-allocator-block-size-background=1048576"
    "memorysetup-job-temp-allocator-reduction-small-platforms=262144"
    "memorysetup-temp-allocator-size-background-worker=32768"
    "memorysetup-temp-allocator-size-job-worker=262144"
    "memorysetup-temp-allocator-size-preload-manager=33554432"
    "memorysetup-temp-allocator-size-nav-mesh-worker=65536"
    "memorysetup-temp-allocator-size-audio-worker=65536"
    "memorysetup-temp-allocator-size-cloud-worker=32768"
    "memorysetup-temp-allocator-size-gi-baking-worker=262144"
    "memorysetup-temp-allocator-size-gfx=262144"
Refreshing native plugins compatible for Editor in 113.42 ms, found 3 plugins.
Preloading 0 native plugins for Editor in 0.00 ms.
Initialize engine version: 2021.3.11f1 (0a5ca18544bf)
[Subsystems] Discovering subsystems at path C:/Program Files/Unity/Hub/Editor/2021.3.11f1/Editor/Data/Resources/UnitySubsystems
[Subsystems] Discovering subsystems at path D:/Workspace/Project/5Round/Assets
GfxDevice: creating device client; threaded=0; jobified=0
Direct3D:
    Version:  Direct3D 11.0 [level 11.1]
    Renderer: Intel(R) UHD Graphics 630 (ID=0x3e98)
    Vendor:   Intel
    VRAM:     65490 MB
    Driver:   27.20.100.8681
Initialize mono
Mono path[0] = 'C:/Program Files/Unity/Hub/Editor/2021.3.11f1/Editor/Data/Managed'
Mono path[1] = 'C:/Program Files/Unity/Hub/Editor/2021.3.11f1/Editor/Data/MonoBleedingEdge/lib/mono/unityjit-win32'
Mono config path = 'C:/Program Files/Unity/Hub/Editor/2021.3.11f1/Editor/Data/MonoBleedingEdge/etc'
Using monoOptions --debugger-agent=transport=dt_socket,embedding=1,server=y,suspend=n,address=127.0.0.1:56052
Begin MonoManager ReloadAssembly
Registering precompiled unity dll's ...
Register platform support module: C:/Program Files/Unity/Hub/Editor/2021.3.11f1/Editor/Data/PlaybackEngines/WebGLSupport/UnityEditor.WebGL.Extensions.dll
Register platform support module: C:/Program Files/Unity/Hub/Editor/2021.3.11f1/Editor/Data/PlaybackEngines/AndroidPlayer/UnityEditor.Android.Extensions.dll
Register platform support module: C:/Program Files/Unity/Hub/Editor/2021.3.11f1/Editor/Data/PlaybackEngines/iOSSupport/UnityEditor.iOS.Extensions.dll
Register platform support module: C:/Program Files/Unity/Hub/Editor/2021.3.11f1/Editor/Data/PlaybackEngines/WindowsStandaloneSupport/UnityEditor.WindowsStandalone.Extensions.dll
Registered in 0.005914 seconds.
Native extension for WindowsStandalone target not found
[usbmuxd] Start listen thread
[usbmuxd] Listen thread started
Native extension for iOS target not found
Native extension for Android target not found
Native extension for WebGL target not found
Refreshing native plugins compatible for Editor in 97.27 ms, found 3 plugins.
Preloading 0 native plugins for Editor in 0.00 ms.
Mono: successfully reloaded assembly
- Completed reload, in  0.692 seconds
Domain Reload Profiling:
	ReloadAssembly (693ms)
		BeginReloadAssembly (84ms)
			ExecutionOrderSort (0ms)
			DisableScriptedObjects (0ms)
			BackupInstance (0ms)
			ReleaseScriptingObjects (0ms)
			CreateAndSetChildDomain (1ms)
		EndReloadAssembly (501ms)
			LoadAssemblies (83ms)
			RebuildTransferFunctionScriptingTraits (0ms)
			SetupTypeCache (111ms)
			ReleaseScriptCaches (0ms)
			RebuildScriptCaches (29ms)
			SetupLoadedEditorAssemblies (312ms)
				LogAssemblyErrors (0ms)
				InitializePlatformSupportModulesInManaged (66ms)
				SetLoadedEditorAssemblies (0ms)
				RefreshPlugins (97ms)
				BeforeProcessingInitializeOnLoad (1ms)
				ProcessInitializeOnLoadAttributes (101ms)
				ProcessInitializeOnLoadMethodAttributes (46ms)
				AfterProcessingInitializeOnLoad (0ms)
				EditorAssembliesLoaded (0ms)
			ExecutionOrderSort2 (0ms)
			AwakeInstancesAfterBackupRestoration (0ms)
Platform modules already initialized, skipping
Registering precompiled user dll's ...
Registered in 0.004198 seconds.
Begin MonoManager ReloadAssembly
Symbol file LoadedFromMemory doesn't match image D:\Workspace\Project\5Round\Library\PackageCache\com.unity.visualscripting@1.7.8\Editor\VisualScripting.Core\Dependencies\YamlDotNet\Unity.VisualScripting.YamlDotNet.dll
Symbol file LoadedFromMemory doesn't match image D:\Workspace\Project\5Round\Library\PackageCache\com.unity.visualscripting@1.7.8\Editor\VisualScripting.Core\Dependencies\DotNetZip\Unity.VisualScripting.IonicZip.dll
Native extension for WindowsStandalone target not found
Native extension for iOS target not found
Native extension for Android target not found
Native extension for WebGL target not found
Refreshing native plugins compatible for Editor in 0.83 ms, found 3 plugins.
Preloading 0 native plugins for Editor in 0.00 ms.
Mono: successfully reloaded assembly
- Completed reload, in  1.253 seconds
Domain Reload Profiling:
	ReloadAssembly (1254ms)
		BeginReloadAssembly (219ms)
			ExecutionOrderSort (0ms)
			DisableScriptedObjects (6ms)
			BackupInstance (0ms)
			ReleaseScriptingObjects (0ms)
			CreateAndSetChildDomain (130ms)
		EndReloadAssembly (918ms)
			LoadAssemblies (81ms)
			RebuildTransferFunctionScriptingTraits (0ms)
			SetupTypeCache (313ms)
			ReleaseScriptCaches (1ms)
			RebuildScriptCaches (57ms)
			SetupLoadedEditorAssemblies (417ms)
				LogAssemblyErrors (0ms)
				InitializePlatformSupportModulesInManaged (24ms)
				SetLoadedEditorAssemblies (1ms)
				RefreshPlugins (1ms)
				BeforeProcessingInitializeOnLoad (87ms)
				ProcessInitializeOnLoadAttributes (264ms)
				ProcessInitializeOnLoadMethodAttributes (36ms)
				AfterProcessingInitializeOnLoad (5ms)
				EditorAssembliesLoaded (0ms)
			ExecutionOrderSort2 (0ms)
			AwakeInstancesAfterBackupRestoration (7ms)
Platform modules already initialized, skipping
========================================================================
Worker process is ready to serve import requests
Launched and connected shader compiler UnityShaderCompiler.exe after 0.03 seconds
Refreshing native plugins compatible for Editor in 0.99 ms, found 3 plugins.
Preloading 0 native plugins for Editor in 0.00 ms.
Unloading 3521 Unused Serialized files (Serialized files now loaded: 0)
Unloading 29 unused Assets / (114.2 KB). Loaded Objects now: 3989.
Memory consumption went from 128.8 MB to 128.7 MB.
Total: 3.588100 ms (FindLiveObjects: 0.358800 ms CreateObjectMapping: 0.248200 ms MarkObjects: 2.850500 ms  DeleteObjects: 0.129700 ms)

AssetImportParameters requested are different than current active one (requested -> active):
  custom:video-decoder-ogg-theora: a1e56fd34408186e4bbccfd4996cb3dc -> 
  custom:container-muxer-webm: aa71ff27fc2769a1b78a27578f13a17b -> 
  custom:container-demuxer-webm: 4f35f7cbe854078d1ac9338744f61a02 -> 
  custom:video-encoder-webm-vp8: eb34c28f22e8b96e1ab97ce403110664 -> 
  custom:audio-encoder-webm-vorbis: bf7c407c2cedff20999df2af8eb42d56 -> 
  custom:framework-win-MediaFoundation: 216162199b28c13a410421893ffa2e32 -> 
  custom:container-demuxer-ogg: 62fdf1f143b41e24485cea50d1cbac27 -> 
  custom:video-decoder-webm-vp8: 9c59270c3fd7afecdb556c50c9e8de78 -> 
  custom:audio-decoder-ogg-vorbis: bf7c407c2cedff20999df2af8eb42d56 -> 
========================================================================
Received Import Request.
  Time since last request: 27238.743242 seconds.
  path: Assets/Custom Assets/Textures/Token/idou2-2-01.png
  artifactKey: Guid(1b72a5f3db1837e47b2413624373cab8) Importer(815301076,1909f56bfc062723c751e8b465ee728b)
Start importing Assets/Custom Assets/Textures/Token/idou2-2-01.png using Guid(1b72a5f3db1837e47b2413624373cab8) Importer(815301076,1909f56bfc062723c751e8b465ee728b)  -> (artifact id: 'b0413906106d0df5fdd21a10b53b6b01') in 0.109759 seconds 
========================================================================
Received Import Request.
  Time since last request: 0.000021 seconds.
  path: Assets/Custom Assets/Textures/Token/kougeki-murasaki01-01.png
  artifactKey: Guid(dedce69237852c949b1f2b29349248aa) Importer(815301076,1909f56bfc062723c751e8b465ee728b)
Start importing Assets/Custom Assets/Textures/Token/kougeki-murasaki01-01.png using Guid(dedce69237852c949b1f2b29349248aa) Importer(815301076,1909f56bfc062723c751e8b465ee728b)  -> (artifact id: '19fba8a0033446ea79ef36f0bd5dc732') in 0.032928 seconds 
========================================================================
Received Import Request.
  Time since last request: 0.000037 seconds.
  path: Assets/Custom Assets/Textures/Token/kougeki-aka01.png
  artifactKey: Guid(d19ebf6ec1db98b478b26f9930132418) Importer(815301076,1909f56bfc062723c751e8b465ee728b)
Start importing Assets/Custom Assets/Textures/Token/kougeki-aka01.png using Guid(d19ebf6ec1db98b478b26f9930132418) Importer(815301076,1909f56bfc062723c751e8b465ee728b)  -> (artifact id: '6901c2912c3add591379ab4474e42d0f') in 0.036122 seconds 
========================================================================
Received Import Request.
  Time since last request: 2497.044554 seconds.
  path: Assets/GUI Mobile Hyper-Casual/Sprites/Emojis PNG/PNG/Set Emojis-assets/2.png
  artifactKey: Guid(e5d7a52377356dd41b31a97832b814db) Importer(815301076,1909f56bfc062723c751e8b465ee728b)
Start importing Assets/GUI Mobile Hyper-Casual/Sprites/Emojis PNG/PNG/Set Emojis-assets/2.png using Guid(e5d7a52377356dd41b31a97832b814db) Importer(815301076,1909f56bfc062723c751e8b465ee728b)  -> (artifact id: '6b7a7ce4dd7af283bbb0b34dd662bdfb') in 0.110981 seconds 
========================================================================
Received Import Request.
  Time since last request: 0.000028 seconds.
  path: Assets/GUI Mobile Hyper-Casual/Sprites/Emojis PNG/PNG/Set Emojis-assets/10.png
  artifactKey: Guid(8c272547439a4d7418b6dc2c51eb352d) Importer(815301076,1909f56bfc062723c751e8b465ee728b)
Start importing Assets/GUI Mobile Hyper-Casual/Sprites/Emojis PNG/PNG/Set Emojis-assets/10.png using Guid(8c272547439a4d7418b6dc2c51eb352d) Importer(815301076,1909f56bfc062723c751e8b465ee728b)  -> (artifact id: '2c354248b297ccb490be7a7e8ece2418') in 0.055706 seconds 
========================================================================
Received Import Request.
  Time since last request: 0.000032 seconds.
  path: Assets/GUI Mobile Hyper-Casual/Sprites/Emojis PNG/PNG/Set Emojis-assets/9.png
  artifactKey: Guid(5cd193c075943be488c797a89c2ca24f) Importer(815301076,1909f56bfc062723c751e8b465ee728b)
Start importing Assets/GUI Mobile Hyper-Casual/Sprites/Emojis PNG/PNG/Set Emojis-assets/9.png using Guid(5cd193c075943be488c797a89c2ca24f) Importer(815301076,1909f56bfc062723c751e8b465ee728b)  -> (artifact id: '65e2793da12c02aaac71615e895260bd') in 0.108941 seconds 
========================================================================
Received Import Request.
  Time since last request: 0.000021 seconds.
  path: Assets/GUI Mobile Hyper-Casual/Sprites/Emojis PNG/PNG/Set Emojis-assets/28.png
  artifactKey: Guid(ce6dc0dc87f039344ae273debbe85e0b) Importer(815301076,1909f56bfc062723c751e8b465ee728b)
Start importing Assets/GUI Mobile Hyper-Casual/Sprites/Emojis PNG/PNG/Set Emojis-assets/28.png using Guid(ce6dc0dc87f039344ae273debbe85e0b) Importer(815301076,1909f56bfc062723c751e8b465ee728b)  -> (artifact id: 'c14c547a116db3c4b589f1e76b7249b0') in 0.086170 seconds 
========================================================================
Received Import Request.
  Time since last request: 0.000015 seconds.
  path: Assets/GUI Mobile Hyper-Casual/Sprites/Emojis PNG/PNG/Set Emojis-assets/6.png
  artifactKey: Guid(fea10c82e2efda148a60abbaa46f5ab0) Importer(815301076,1909f56bfc062723c751e8b465ee728b)
Start importing Assets/GUI Mobile Hyper-Casual/Sprites/Emojis PNG/PNG/Set Emojis-assets/6.png using Guid(fea10c82e2efda148a60abbaa46f5ab0) Importer(815301076,1909f56bfc062723c751e8b465ee728b)  -> (artifact id: '5f58a4e9279e8c934c14013bfb4a375d') in 0.055093 seconds 
========================================================================
Received Import Request.
  Time since last request: 0.000019 seconds.
  path: Assets/GUI Mobile Hyper-Casual/Sprites/Emojis PNG/PNG/Set Emojis-assets/14.png
  artifactKey: Guid(3d4b8d692f8732e4eb54e74bcc9376ff) Importer(815301076,1909f56bfc062723c751e8b465ee728b)
Start importing Assets/GUI Mobile Hyper-Casual/Sprites/Emojis PNG/PNG/Set Emojis-assets/14.png using Guid(3d4b8d692f8732e4eb54e74bcc9376ff) Importer(815301076,1909f56bfc062723c751e8b465ee728b)  -> (artifact id: 'e75dfd9e44fd860bf1e36d8c91676b32') in 0.057883 seconds 
========================================================================
Received Import Request.
  Time since last request: 0.000028 seconds.
  path: Assets/GUI Mobile Hyper-Casual/Sprites/Emojis PNG/PNG/Set Emojis-assets/20.png
  artifactKey: Guid(f2c11389488cdc64f9acc5ac8ee0cda4) Importer(815301076,1909f56bfc062723c751e8b465ee728b)
Start importing Assets/GUI Mobile Hyper-Casual/Sprites/Emojis PNG/PNG/Set Emojis-assets/20.png using Guid(f2c11389488cdc64f9acc5ac8ee0cda4) Importer(815301076,1909f56bfc062723c751e8b465ee728b)  -> (artifact id: '32a015f4d7cb4d7d63e3e78c35fe5634') in 0.064629 seconds 
========================================================================
Received Import Request.
  Time since last request: 0.000047 seconds.
  path: Assets/GUI Mobile Hyper-Casual/Sprites/Emojis PNG/PNG/Set Emojis-assets/13.png
  artifactKey: Guid(9cb8d048a1c36194ca1bfacc4e6408a8) Importer(815301076,1909f56bfc062723c751e8b465ee728b)
Start importing Assets/GUI Mobile Hyper-Casual/Sprites/Emojis PNG/PNG/Set Emojis-assets/13.png using Guid(9cb8d048a1c36194ca1bfacc4e6408a8) Importer(815301076,1909f56bfc062723c751e8b465ee728b)  -> (artifact id: '1da3d46f93279044acc1b424dc6ca1ba') in 0.078425 seconds 
========================================================================
Received Import Request.
  Time since last request: 0.000018 seconds.
  path: Assets/GUI Mobile Hyper-Casual/Sprites/Emojis PNG/PNG/Set Emojis-assets/16.png
  artifactKey: Guid(67b5c520997d48e4ea4b7efdebbb57e7) Importer(815301076,1909f56bfc062723c751e8b465ee728b)
Start importing Assets/GUI Mobile Hyper-Casual/Sprites/Emojis PNG/PNG/Set Emojis-assets/16.png using Guid(67b5c520997d48e4ea4b7efdebbb57e7) Importer(815301076,1909f56bfc062723c751e8b465ee728b)  -> (artifact id: 'f173057cd1b9637f84b0130724859e58') in 0.048579 seconds 
========================================================================
Received Import Request.
  Time since last request: 0.000019 seconds.
  path: Assets/GUI Mobile Hyper-Casual/Sprites/Emojis PNG/PNG/Set Emojis-assets/5.png
  artifactKey: Guid(c07cc1c049d14ba479d9eb11e7761d15) Importer(815301076,1909f56bfc062723c751e8b465ee728b)
Start importing Assets/GUI Mobile Hyper-Casual/Sprites/Emojis PNG/PNG/Set Emojis-assets/5.png using Guid(c07cc1c049d14ba479d9eb11e7761d15) Importer(815301076,1909f56bfc062723c751e8b465ee728b)  -> (artifact id: 'edd61761625eb99684f792e8054b66b8') in 0.049019 seconds 
========================================================================
Received Import Request.
  Time since last request: 0.000024 seconds.
  path: Assets/GUI Mobile Hyper-Casual/Sprites/Emojis PNG/PNG/Set Emojis-assets/8.png
  artifactKey: Guid(69e50719d8f70b74eba8f6ba4e9458aa) Importer(815301076,1909f56bfc062723c751e8b465ee728b)
Start importing Assets/GUI Mobile Hyper-Casual/Sprites/Emojis PNG/PNG/Set Emojis-assets/8.png using Guid(69e50719d8f70b74eba8f6ba4e9458aa) Importer(815301076,1909f56bfc062723c751e8b465ee728b)  -> (artifact id: '060e577a5304faf44d3ab28c714b896a') in 0.048279 seconds 
========================================================================
Received Import Request.
  Time since last request: 0.000021 seconds.
  path: Assets/GUI Mobile Hyper-Casual/Sprites/Emojis PNG/PNG/Set Emojis-assets/29.png
  artifactKey: Guid(ba70c883e1f8ae840958613121565dee) Importer(815301076,1909f56bfc062723c751e8b465ee728b)
Start importing Assets/GUI Mobile Hyper-Casual/Sprites/Emojis PNG/PNG/Set Emojis-assets/29.png using Guid(ba70c883e1f8ae840958613121565dee) Importer(815301076,1909f56bfc062723c751e8b465ee728b)  -> (artifact id: '5efe136e4f9bedf1492a11e540901ca5') in 0.047614 seconds 
========================================================================
Received Import Request.
  Time since last request: 0.000016 seconds.
  path: Assets/GUI Mobile Hyper-Casual/Sprites/Emojis PNG/PNG/Set Emojis-assets/30.png
  artifactKey: Guid(148afe25a385c354ea5513b05202e9ff) Importer(815301076,1909f56bfc062723c751e8b465ee728b)
Start importing Assets/GUI Mobile Hyper-Casual/Sprites/Emojis PNG/PNG/Set Emojis-assets/30.png using Guid(148afe25a385c354ea5513b05202e9ff) Importer(815301076,1909f56bfc062723c751e8b465ee728b)  -> (artifact id: '526d32ac89fd6150261caa01f325a863') in 0.054660 seconds 
========================================================================
Received Import Request.
  Time since last request: 0.000022 seconds.
  path: Assets/GUI Mobile Hyper-Casual/Sprites/Emojis PNG/PNG/Set Emojis-assets/17.png
  artifactKey: Guid(0e78ecc4fde7f5e49bbd1d0531cd5f77) Importer(815301076,1909f56bfc062723c751e8b465ee728b)
Start importing Assets/GUI Mobile Hyper-Casual/Sprites/Emojis PNG/PNG/Set Emojis-assets/17.png using Guid(0e78ecc4fde7f5e49bbd1d0531cd5f77) Importer(815301076,1909f56bfc062723c751e8b465ee728b)  -> (artifact id: '89310fb086bd793e3e55f918a35954c3') in 0.067202 seconds 
========================================================================
Received Import Request.
  Time since last request: 0.000054 seconds.
  path: Assets/GUI Mobile Hyper-Casual/Sprites/Emojis PNG/PNG/Set Emojis-assets/25.png
  artifactKey: Guid(e8e3afab0ef96e94c85d2a3df1ece805) Importer(815301076,1909f56bfc062723c751e8b465ee728b)
Start importing Assets/GUI Mobile Hyper-Casual/Sprites/Emojis PNG/PNG/Set Emojis-assets/25.png using Guid(e8e3afab0ef96e94c85d2a3df1ece805) Importer(815301076,1909f56bfc062723c751e8b465ee728b)  -> (artifact id: '0329c93500d1ecac5aa1772408d234bc') in 0.064804 seconds 
========================================================================
Received Import Request.
  Time since last request: 1.507228 seconds.
  path: Assets/GUI Mobile Hyper-Casual/Sprites/Background/Background 2.png
  artifactKey: Guid(80ca872f56e1d374a8d320061f652e8e) Importer(815301076,1909f56bfc062723c751e8b465ee728b)
Start importing Assets/GUI Mobile Hyper-Casual/Sprites/Background/Background 2.png using Guid(80ca872f56e1d374a8d320061f652e8e) Importer(815301076,1909f56bfc062723c751e8b465ee728b)  -> (artifact id: '8f78dd43e7d3b4d0859bcd924781508b') in 0.138951 seconds 
========================================================================
Received Import Request.
  Time since last request: 0.000025 seconds.
  path: Assets/GUI Mobile Hyper-Casual/Sprites/Background/Background 3.png
  artifactKey: Guid(3971118ed82aa1e47baefcf582847ad5) Importer(815301076,1909f56bfc062723c751e8b465ee728b)
Start importing Assets/GUI Mobile Hyper-Casual/Sprites/Background/Background 3.png using Guid(3971118ed82aa1e47baefcf582847ad5) Importer(815301076,1909f56bfc062723c751e8b465ee728b)  -> (artifact id: 'cb2a9c553e0c787d1655b5536285adf4') in 0.150573 seconds 
========================================================================
Received Import Request.
  Time since last request: 2.177433 seconds.
  path: Assets/GUI Mobile Hyper-Casual/Sprites/Additional White Icons/ArrowSimpleLeft.png
  artifactKey: Guid(65e1e5ba93d2d29498d6654b5e6b1b22) Importer(815301076,1909f56bfc062723c751e8b465ee728b)
Start importing Assets/GUI Mobile Hyper-Casual/Sprites/Additional White Icons/ArrowSimpleLeft.png using Guid(65e1e5ba93d2d29498d6654b5e6b1b22) Importer(815301076,1909f56bfc062723c751e8b465ee728b)  -> (artifact id: '36062b6a5c4ff88cb825dc30d37968b8') in 0.060583 seconds 
========================================================================
Received Import Request.
  Time since last request: 0.000027 seconds.
  path: Assets/GUI Mobile Hyper-Casual/Sprites/Additional White Icons/ArrowSimpleRight.png
  artifactKey: Guid(cb114c1a615a3c8499d166b69a8a795f) Importer(815301076,1909f56bfc062723c751e8b465ee728b)
Start importing Assets/GUI Mobile Hyper-Casual/Sprites/Additional White Icons/ArrowSimpleRight.png using Guid(cb114c1a615a3c8499d166b69a8a795f) Importer(815301076,1909f56bfc062723c751e8b465ee728b)  -> (artifact id: '0e8571517d3c8c607f219418db8ccac2') in 0.061230 seconds 
========================================================================
Received Import Request.
  Time since last request: 0.000028 seconds.
  path: Assets/GUI Mobile Hyper-Casual/Sprites/Additional White Icons/ArrowTop.png
  artifactKey: Guid(a2f93ca782289dd4ea8b43544a2dd720) Importer(815301076,1909f56bfc062723c751e8b465ee728b)
Start importing Assets/GUI Mobile Hyper-Casual/Sprites/Additional White Icons/ArrowTop.png using Guid(a2f93ca782289dd4ea8b43544a2dd720) Importer(815301076,1909f56bfc062723c751e8b465ee728b)  -> (artifact id: '080dacd2718beb28d2a53ca09b545ea3') in 0.083750 seconds 
========================================================================
Received Import Request.
  Time since last request: 0.000031 seconds.
  path: Assets/GUI Mobile Hyper-Casual/Sprites/Additional White Icons/MagnifyingGlass.png
  artifactKey: Guid(5d165335eb37020488b585bcc9865421) Importer(815301076,1909f56bfc062723c751e8b465ee728b)
Start importing Assets/GUI Mobile Hyper-Casual/Sprites/Additional White Icons/MagnifyingGlass.png using Guid(5d165335eb37020488b585bcc9865421) Importer(815301076,1909f56bfc062723c751e8b465ee728b)  -> (artifact id: '0cce9faa627efd0777ff0a92d6d2765d') in 0.124268 seconds 
========================================================================
Received Import Request.
  Time since last request: 0.000026 seconds.
  path: Assets/GUI Mobile Hyper-Casual/Sprites/Additional White Icons/Lock.png
  artifactKey: Guid(dab9fb85824f5cc41a26f93c45dff36d) Importer(815301076,1909f56bfc062723c751e8b465ee728b)
Start importing Assets/GUI Mobile Hyper-Casual/Sprites/Additional White Icons/Lock.png using Guid(dab9fb85824f5cc41a26f93c45dff36d) Importer(815301076,1909f56bfc062723c751e8b465ee728b)  -> (artifact id: 'add88fa45e508fd06c0713075dd6f8e6') in 0.030391 seconds 
========================================================================
Received Import Request.
  Time since last request: 0.000037 seconds.
  path: Assets/GUI Mobile Hyper-Casual/Sprites/Additional White Icons/Clothes.png
  artifactKey: Guid(db8279b88f348b440a77ab278c41e1c7) Importer(815301076,1909f56bfc062723c751e8b465ee728b)
Start importing Assets/GUI Mobile Hyper-Casual/Sprites/Additional White Icons/Clothes.png using Guid(db8279b88f348b440a77ab278c41e1c7) Importer(815301076,1909f56bfc062723c751e8b465ee728b)  -> (artifact id: '94e71b1d4125e461d7e1a098ed6bb47d') in 0.064502 seconds 
========================================================================
Received Import Request.
  Time since last request: 0.000022 seconds.
  path: Assets/GUI Mobile Hyper-Casual/Sprites/Additional White Icons/Facebook.png
  artifactKey: Guid(7d9387bc0cbab0740a1af0632fd1deb9) Importer(815301076,1909f56bfc062723c751e8b465ee728b)
Start importing Assets/GUI Mobile Hyper-Casual/Sprites/Additional White Icons/Facebook.png using Guid(7d9387bc0cbab0740a1af0632fd1deb9) Importer(815301076,1909f56bfc062723c751e8b465ee728b)  -> (artifact id: 'd40de08ad9af8db5d4358758d50dd0d8') in 0.026853 seconds 
========================================================================
Received Import Request.
  Time since last request: 0.000032 seconds.
  path: Assets/GUI Mobile Hyper-Casual/Sprites/Additional White Icons/Heart.png
  artifactKey: Guid(49ea2baec899ccf44bbc01cc7f19f8bc) Importer(815301076,1909f56bfc062723c751e8b465ee728b)
Start importing Assets/GUI Mobile Hyper-Casual/Sprites/Additional White Icons/Heart.png using Guid(49ea2baec899ccf44bbc01cc7f19f8bc) Importer(815301076,1909f56bfc062723c751e8b465ee728b)  -> (artifact id: '8274f0d1e5d64c64fead5a3662131054') in 0.054962 seconds 
========================================================================
Received Import Request.
  Time since last request: 0.000087 seconds.
  path: Assets/GUI Mobile Hyper-Casual/Sprites/Additional White Icons/More.png
  artifactKey: Guid(1f08901116a91aa498b8f5c9cd8ddb14) Importer(815301076,1909f56bfc062723c751e8b465ee728b)
Start importing Assets/GUI Mobile Hyper-Casual/Sprites/Additional White Icons/More.png using Guid(1f08901116a91aa498b8f5c9cd8ddb14) Importer(815301076,1909f56bfc062723c751e8b465ee728b)  -> (artifact id: 'b8f68784199a80bbf8b8dd16c1961ee2') in 0.031930 seconds 
========================================================================
Received Import Request.
  Time since last request: 0.000028 seconds.
  path: Assets/GUI Mobile Hyper-Casual/Sprites/Additional White Icons/Tick.png
  artifactKey: Guid(9fd6b4b648ee2b949b04bb1d35496d63) Importer(815301076,1909f56bfc062723c751e8b465ee728b)
Start importing Assets/GUI Mobile Hyper-Casual/Sprites/Additional White Icons/Tick.png using Guid(9fd6b4b648ee2b949b04bb1d35496d63) Importer(815301076,1909f56bfc062723c751e8b465ee728b)  -> (artifact id: 'ad48010ff829a8c031033654bcba576b') in 0.058849 seconds 
========================================================================
Received Import Request.
  Time since last request: 4.579379 seconds.
  path: Assets/GUI Mobile Hyper-Casual/Sprites/Sprites by Menu/In Game-assets/5.png
  artifactKey: Guid(1d3a21db78f1bb346a288ec1cc48aa64) Importer(815301076,1909f56bfc062723c751e8b465ee728b)
Start importing Assets/GUI Mobile Hyper-Casual/Sprites/Sprites by Menu/In Game-assets/5.png using Guid(1d3a21db78f1bb346a288ec1cc48aa64) Importer(815301076,1909f56bfc062723c751e8b465ee728b)  -> (artifact id: 'c4d52947db3a3ac6ece8b56272e91395') in 0.015747 seconds 
========================================================================
Received Import Request.
  Time since last request: 0.000020 seconds.
  path: Assets/GUI Mobile Hyper-Casual/Sprites/Sprites by Menu/In Game-assets/500.png
  artifactKey: Guid(50b81c09f3fbf174fbc902366aabc917) Importer(815301076,1909f56bfc062723c751e8b465ee728b)
Start importing Assets/GUI Mobile Hyper-Casual/Sprites/Sprites by Menu/In Game-assets/500.png using Guid(50b81c09f3fbf174fbc902366aabc917) Importer(815301076,1909f56bfc062723c751e8b465ee728b)  -> (artifact id: '56b518c46b11ab069110d4e39186744b') in 0.096550 seconds 
========================================================================
Received Import Request.
  Time since last request: 0.000029 seconds.
  path: Assets/GUI Mobile Hyper-Casual/Sprites/Sprites by Menu/In Game-assets/Outline Bar Progress.png
  artifactKey: Guid(de84200f09eb9584bb767c07afd135c2) Importer(815301076,1909f56bfc062723c751e8b465ee728b)
Start importing Assets/GUI Mobile Hyper-Casual/Sprites/Sprites by Menu/In Game-assets/Outline Bar Progress.png using Guid(de84200f09eb9584bb767c07afd135c2) Importer(815301076,1909f56bfc062723c751e8b465ee728b)  -> (artifact id: 'c8e5c4947ef03833a51a0e16412eb485') in 0.050794 seconds 
========================================================================
Received Import Request.
  Time since last request: 0.000053 seconds.
  path: Assets/GUI Mobile Hyper-Casual/Sprites/Sprites by Menu/In Game-assets/Press to.png
  artifactKey: Guid(f66169c1a0cbade4ea4c12ba8c87ccb4) Importer(815301076,1909f56bfc062723c751e8b465ee728b)
Start importing Assets/GUI Mobile Hyper-Casual/Sprites/Sprites by Menu/In Game-assets/Press to.png using Guid(f66169c1a0cbade4ea4c12ba8c87ccb4) Importer(815301076,1909f56bfc062723c751e8b465ee728b)  -> (artifact id: '5065943c499d03af72f32f058d52489e') in 0.044315 seconds 
========================================================================
Received Import Request.
  Time since last request: 0.000022 seconds.
  path: Assets/GUI Mobile Hyper-Casual/Sprites/Sprites by Menu/In Game-assets/1000.png
  artifactKey: Guid(dbec6e4932e93d74fab6c3893ca94e9a) Importer(815301076,1909f56bfc062723c751e8b465ee728b)
Start importing Assets/GUI Mobile Hyper-Casual/Sprites/Sprites by Menu/In Game-assets/1000.png using Guid(dbec6e4932e93d74fab6c3893ca94e9a) Importer(815301076,1909f56bfc062723c751e8b465ee728b)  -> (artifact id: '5f8f179d6ce01895e725ef941a4950f2') in 0.036964 seconds 
========================================================================
Received Import Request.
  Time since last request: 0.000028 seconds.
  path: Assets/GUI Mobile Hyper-Casual/Sprites/Sprites by Menu/In Game-assets/Bar Progress in game Green.png
  artifactKey: Guid(b68c26fc83e8ac643965410660e70bc7) Importer(815301076,1909f56bfc062723c751e8b465ee728b)
Start importing Assets/GUI Mobile Hyper-Casual/Sprites/Sprites by Menu/In Game-assets/Bar Progress in game Green.png using Guid(b68c26fc83e8ac643965410660e70bc7) Importer(815301076,1909f56bfc062723c751e8b465ee728b)  -> (artifact id: '8f7b8a4e5c4abaefa4ce6b1b8dcc3937') in 0.036766 seconds 
========================================================================
Received Import Request.
  Time since last request: 0.000040 seconds.
  path: Assets/GUI Mobile Hyper-Casual/Sprites/Sprites by Menu/In Game-assets/20.png
  artifactKey: Guid(f6f35c12c7fe4f449849151e0b35519c) Importer(815301076,1909f56bfc062723c751e8b465ee728b)
Start importing Assets/GUI Mobile Hyper-Casual/Sprites/Sprites by Menu/In Game-assets/20.png using Guid(f6f35c12c7fe4f449849151e0b35519c) Importer(815301076,1909f56bfc062723c751e8b465ee728b)  -> (artifact id: 'b4c6f070595846c8ada84192f28ad348') in 0.033880 seconds 
========================================================================
Received Import Request.
  Time since last request: 0.000030 seconds.
  path: Assets/GUI Mobile Hyper-Casual/Sprites/Sprites by Menu/In Game-assets/Blue Elipse.png
  artifactKey: Guid(4c34247c750b47a4dad1638f382c2d32) Importer(815301076,1909f56bfc062723c751e8b465ee728b)
Start importing Assets/GUI Mobile Hyper-Casual/Sprites/Sprites by Menu/In Game-assets/Blue Elipse.png using Guid(4c34247c750b47a4dad1638f382c2d32) Importer(815301076,1909f56bfc062723c751e8b465ee728b)  -> (artifact id: '8ae12c9d60b546149311c5bdd7298960') in 0.038584 seconds 
========================================================================
Received Import Request.
  Time since last request: 0.000024 seconds.
  path: Assets/GUI Mobile Hyper-Casual/Sprites/Sprites by Menu/In Game-assets/100.png
  artifactKey: Guid(d4d140ea59904d14d89031979967f620) Importer(815301076,1909f56bfc062723c751e8b465ee728b)
Start importing Assets/GUI Mobile Hyper-Casual/Sprites/Sprites by Menu/In Game-assets/100.png using Guid(d4d140ea59904d14d89031979967f620) Importer(815301076,1909f56bfc062723c751e8b465ee728b)  -> (artifact id: 'c14173054f75b0160e16a64779c783e7') in 0.030926 seconds 
========================================================================
Received Import Request.
  Time since last request: 0.000052 seconds.
  path: Assets/GUI Mobile Hyper-Casual/Sprites/Sprites by Menu/In Game-assets/NO THANKS.png
  artifactKey: Guid(bdc2f989e2fb20e4f918f8650a2d116e) Importer(815301076,1909f56bfc062723c751e8b465ee728b)
Start importing Assets/GUI Mobile Hyper-Casual/Sprites/Sprites by Menu/In Game-assets/NO THANKS.png using Guid(bdc2f989e2fb20e4f918f8650a2d116e) Importer(815301076,1909f56bfc062723c751e8b465ee728b)  -> (artifact id: '2b2d2c2d6feb6a6ec76b8f253d057d2e') in 0.027280 seconds 
Editor requested this worker to shutdown with reason: Scaling down because of idle timeout
AssetImportWorker is now disconnected from the server
Process exiting
Exiting without the bug reporter. Application will terminate with return code 0